2024-04-04T23:13:12.910+0700 INFO info message
2024-04-04T23:13:12.910+0700 ERROR info message
2024-04-04T23:13:12.973+0700 INFO info message
2024-04-04T23:13:12.973+0700 ERROR info message
2024-04-04T23:13:13.160+0700 INFO HV000001: Hibernate Validator 8.0.1.Final
2024-04-04T23:13:13.195+0700 INFO Starting Main using Java 19.0.1 with PID 12620 (E:\MyJob\calendar_api\target\classes started by Тагир in E:\MyJob\calendar_api)
2024-04-04T23:13:13.195+0700 INFO No active profile set, falling back to 1 default profile: "default"
2024-04-04T23:13:13.343+0700 INFO Devtools property defaults active! Set 'spring.devtools.add-properties' to 'false' to disable
2024-04-04T23:13:13.343+0700 INFO For additional web related logging consider setting the 'logging.level.web' property to 'DEBUG'
2024-04-04T23:13:13.734+0700 INFO Bootstrapping Spring Data JPA repositories in DEFAULT mode.
2024-04-04T23:13:13.781+0700 INFO Finished Spring Data repository scanning in 31 ms. Found 10 JPA repository interfaces.
2024-04-04T23:13:14.047+0700 INFO Tomcat initialized with port 8080 (http)
2024-04-04T23:13:14.047+0700 INFO Initializing ProtocolHandler ["http-nio-8080"]
2024-04-04T23:13:14.047+0700 INFO Starting service [Tomcat]
2024-04-04T23:13:14.047+0700 INFO Starting Servlet engine: [Apache Tomcat/10.1.18]
2024-04-04T23:13:14.078+0700 INFO Initializing Spring embedded WebApplicationContext
2024-04-04T23:13:14.078+0700 INFO Root WebApplicationContext: initialization completed in 735 ms
2024-04-04T23:13:14.125+0700 INFO HikariPool-1 - Starting...
2024-04-04T23:13:14.172+0700 INFO HikariPool-1 - Added connection conn0: url=jdbc:h2:mem:testdb user=SA
2024-04-04T23:13:14.172+0700 INFO HikariPool-1 - Start completed.
2024-04-04T23:13:14.187+0700 INFO H2 console available at '/h2-console'. Database available at 'jdbc:h2:mem:testdb'
2024-04-04T23:13:14.240+0700 INFO HHH000204: Processing PersistenceUnitInfo [name: default]
2024-04-04T23:13:14.255+0700 INFO HHH000412: Hibernate ORM core version 6.4.1.Final
2024-04-04T23:13:14.271+0700 INFO HHH000026: Second-level cache disabled
2024-04-04T23:13:14.365+0700 INFO No LoadTimeWeaver setup: ignoring JPA class transformer
2024-04-04T23:13:14.396+0700 WARN HHH90000025: H2Dialect does not need to be specified explicitly using 'hibernate.dialect' (remove the property setting and it will be selected by default)
2024-04-04T23:13:15.021+0700 INFO HHH000489: No JTA platform available (set 'hibernate.transaction.jta.platform' to enable JTA platform integration)
2024-04-04T23:13:15.052+0700 INFO Initialized JPA EntityManagerFactory for persistence unit 'default'
2024-04-04T23:13:15.443+0700 WARN spring.jpa.open-in-view is enabled by default. Therefore, database queries may be performed during view rendering. Explicitly configure spring.jpa.open-in-view to disable this warning
2024-04-04T23:13:15.458+0700 INFO Adding welcome page template: index
2024-04-04T23:13:15.724+0700 INFO LiveReload server is running on port 35729
2024-04-04T23:13:15.755+0700 INFO Starting ProtocolHandler ["http-nio-8080"]
2024-04-04T23:13:15.755+0700 INFO Tomcat started on port 8080 (http) with context path ''
2024-04-04T23:13:15.771+0700 INFO Started Main in 2.798 seconds (process running for 3.519)
2024-04-04T23:13:22.092+0700 INFO Initializing Spring DispatcherServlet 'dispatcherServlet'
2024-04-04T23:13:22.092+0700 INFO Initializing Servlet 'dispatcherServlet'
2024-04-04T23:13:22.093+0700 INFO Completed initialization in 0 ms
2024-04-04T23:14:07.438+0700 INFO Количество этапов в проекте определено и равно 2
2024-04-04T23:14:07.546+0700 INFO Создан новый календарь Calendar(id=1, codeContract=8322, startContract=2024-04-04, stage=1, engineeringSurvey=2024-04-24, engineeringSurveyReport=2024-07-23, agreementEngineeringSurvey=2024-09-23, workingStart=2024-07-23, workingFinish=2024-08-21, agreementWorking=2024-10-21, estimatesFinish=2024-09-20, agreementEstimates=2024-11-19, projectFinish=2024-09-20, agreementProject=2024-11-19, examination=2025-03-19, landFinish=2025-02-17, dateOfCreated=2024-04-04T23:14:07.526953700, humanFactor=80)
2024-04-04T23:14:07.548+0700 INFO Создан новый календарь Calendar(id=2, codeContract=8322, startContract=2024-04-24, stage=2, engineeringSurvey=2024-05-14, engineeringSurveyReport=2024-09-06, agreementEngineeringSurvey=2024-11-05, workingStart=2024-09-06, workingFinish=2024-10-08, agreementWorking=2024-12-09, estimatesFinish=2024-11-07, agreementEstimates=2025-01-09, projectFinish=2024-11-07, agreementProject=2025-01-09, examination=2025-05-06, landFinish=2025-04-07, dateOfCreated=2024-04-04T23:14:07.547530200, humanFactor=80)
2024-04-04T23:14:07.559+0700 INFO Календарь найденный по шифру 8322 - [Calendar(id=1, codeContract=8322, startContract=2024-04-04, stage=1, engineeringSurvey=2024-04-24, engineeringSurveyReport=2024-07-23, agreementEngineeringSurvey=2024-09-23, workingStart=2024-07-23, workingFinish=2024-08-21, agreementWorking=2024-10-21, estimatesFinish=2024-09-20, agreementEstimates=2024-11-19, projectFinish=2024-09-20, agreementProject=2024-11-19, examination=2025-03-19, landFinish=2025-02-17, dateOfCreated=2024-04-04T23:14:07.526954, humanFactor=80), Calendar(id=2, codeContract=8322, startContract=2024-04-24, stage=2, engineeringSurvey=2024-05-14, engineeringSurveyReport=2024-09-06, agreementEngineeringSurvey=2024-11-05, workingStart=2024-09-06, workingFinish=2024-10-08, agreementWorking=2024-12-09, estimatesFinish=2024-11-07, agreementEstimates=2025-01-09, projectFinish=2024-11-07, agreementProject=2025-01-09, examination=2025-05-06, landFinish=2025-04-07, dateOfCreated=2024-04-04T23:14:07.547530, humanFactor=80)]
2024-04-04T23:14:37.028+0700 INFO Closing JPA EntityManagerFactory for persistence unit 'default'
2024-04-04T23:14:37.028+0700 WARN Invocation of destroy method failed on bean with name 'inMemoryDatabaseShutdownExecutor': org.h2.jdbc.JdbcSQLNonTransientConnectionException: База данных уже закрыта (чтобы отключить автоматическое закрытие базы данных при останове JVM, добавьте ";DB_CLOSE_ON_EXIT=FALSE" в URL)
Database is already closed (to disable automatic closing at VM shutdown, add ";DB_CLOSE_ON_EXIT=FALSE" to the db URL) [90121-224]
2024-04-04T23:14:37.028+0700 INFO HikariPool-1 - Shutdown initiated...
2024-04-04T23:14:37.028+0700 INFO HikariPool-1 - Shutdown completed.
