2024-04-01T23:42:00.422+0700 INFO info message
2024-04-01T23:42:00.438+0700 ERROR info message
2024-04-01T23:42:00.500+0700 INFO info message
2024-04-01T23:42:00.500+0700 ERROR info message
2024-04-01T23:42:00.688+0700 INFO HV000001: Hibernate Validator 8.0.1.Final
2024-04-01T23:42:00.717+0700 INFO Starting Main using Java 19.0.1 with PID 7248 (E:\MyJob\calendar_api\target\classes started by Тагир in E:\MyJob\calendar_api)
2024-04-01T23:42:00.717+0700 INFO No active profile set, falling back to 1 default profile: "default"
2024-04-01T23:42:00.763+0700 INFO Devtools property defaults active! Set 'spring.devtools.add-properties' to 'false' to disable
2024-04-01T23:42:00.763+0700 INFO For additional web related logging consider setting the 'logging.level.web' property to 'DEBUG'
2024-04-01T23:42:01.255+0700 INFO Bootstrapping Spring Data JPA repositories in DEFAULT mode.
2024-04-01T23:42:01.301+0700 INFO Finished Spring Data repository scanning in 41 ms. Found 10 JPA repository interfaces.
2024-04-01T23:42:01.645+0700 INFO Tomcat initialized with port 8080 (http)
2024-04-01T23:42:01.645+0700 INFO Initializing ProtocolHandler ["http-nio-8080"]
2024-04-01T23:42:01.645+0700 INFO Starting service [Tomcat]
2024-04-01T23:42:01.661+0700 INFO Starting Servlet engine: [Apache Tomcat/10.1.18]
2024-04-01T23:42:01.676+0700 INFO Initializing Spring embedded WebApplicationContext
2024-04-01T23:42:01.676+0700 INFO Root WebApplicationContext: initialization completed in 913 ms
2024-04-01T23:42:01.708+0700 INFO HikariPool-1 - Starting...
2024-04-01T23:42:01.770+0700 INFO HikariPool-1 - Added connection conn0: url=jdbc:h2:mem:testdb user=SA
2024-04-01T23:42:01.770+0700 INFO HikariPool-1 - Start completed.
2024-04-01T23:42:01.786+0700 INFO H2 console available at '/h2-console'. Database available at 'jdbc:h2:mem:testdb'
2024-04-01T23:42:01.848+0700 INFO HHH000204: Processing PersistenceUnitInfo [name: default]
2024-04-01T23:42:01.880+0700 INFO HHH000412: Hibernate ORM core version 6.4.1.Final
2024-04-01T23:42:01.895+0700 INFO HHH000026: Second-level cache disabled
2024-04-01T23:42:02.005+0700 INFO No LoadTimeWeaver setup: ignoring JPA class transformer
2024-04-01T23:42:02.051+0700 WARN HHH90000025: H2Dialect does not need to be specified explicitly using 'hibernate.dialect' (remove the property setting and it will be selected by default)
2024-04-01T23:42:02.723+0700 INFO HHH000489: No JTA platform available (set 'hibernate.transaction.jta.platform' to enable JTA platform integration)
2024-04-01T23:42:02.754+0700 INFO Initialized JPA EntityManagerFactory for persistence unit 'default'
2024-04-01T23:42:03.129+0700 WARN spring.jpa.open-in-view is enabled by default. Therefore, database queries may be performed during view rendering. Explicitly configure spring.jpa.open-in-view to disable this warning
2024-04-01T23:42:03.145+0700 INFO Adding welcome page template: index
2024-04-01T23:42:03.411+0700 INFO LiveReload server is running on port 35729
2024-04-01T23:42:03.426+0700 INFO Starting ProtocolHandler ["http-nio-8080"]
2024-04-01T23:42:03.442+0700 INFO Tomcat started on port 8080 (http) with context path ''
2024-04-01T23:42:03.458+0700 INFO Started Main in 2.942 seconds (process running for 3.725)
2024-04-01T23:42:10.756+0700 INFO Initializing Spring DispatcherServlet 'dispatcherServlet'
2024-04-01T23:42:10.756+0700 INFO Initializing Servlet 'dispatcherServlet'
2024-04-01T23:42:10.757+0700 INFO Completed initialization in 1 ms
2024-04-01T23:43:54.113+0700 INFO Restarting due to 2 class path changes (0 additions, 1 deletion, 1 modification)
2024-04-01T23:43:54.113+0700 INFO Stopping ProtocolHandler ["http-nio-8080"]
2024-04-01T23:43:54.113+0700 INFO Closing JPA EntityManagerFactory for persistence unit 'default'
2024-04-01T23:43:54.128+0700 WARN Invocation of destroy method failed on bean with name 'inMemoryDatabaseShutdownExecutor': org.h2.jdbc.JdbcSQLNonTransientConnectionException: База данных уже закрыта (чтобы отключить автоматическое закрытие базы данных при останове JVM, добавьте ";DB_CLOSE_ON_EXIT=FALSE" в URL)
Database is already closed (to disable automatic closing at VM shutdown, add ";DB_CLOSE_ON_EXIT=FALSE" to the db URL) [90121-224]
2024-04-01T23:43:54.128+0700 INFO HikariPool-1 - Shutdown initiated...
2024-04-01T23:43:54.128+0700 INFO HikariPool-1 - Shutdown completed.
2024-04-01T23:43:54.175+0700 INFO info message
2024-04-01T23:43:54.175+0700 ERROR info message
2024-04-01T23:43:54.206+0700 INFO Starting Main using Java 19.0.1 with PID 7248 (E:\MyJob\calendar_api\target\classes started by Тагир in E:\MyJob\calendar_api)
2024-04-01T23:43:54.206+0700 INFO No active profile set, falling back to 1 default profile: "default"
2024-04-01T23:43:54.353+0700 INFO Bootstrapping Spring Data JPA repositories in DEFAULT mode.
2024-04-01T23:43:54.368+0700 INFO Finished Spring Data repository scanning in 15 ms. Found 10 JPA repository interfaces.
2024-04-01T23:43:54.462+0700 INFO Tomcat initialized with port 8080 (http)
2024-04-01T23:43:54.462+0700 INFO Initializing ProtocolHandler ["http-nio-8080"]
2024-04-01T23:43:54.462+0700 INFO Starting service [Tomcat]
2024-04-01T23:43:54.462+0700 INFO Starting Servlet engine: [Apache Tomcat/10.1.18]
2024-04-01T23:43:54.478+0700 INFO Initializing Spring embedded WebApplicationContext
2024-04-01T23:43:54.478+0700 INFO Root WebApplicationContext: initialization completed in 272 ms
2024-04-01T23:43:54.493+0700 INFO HikariPool-2 - Starting...
2024-04-01T23:43:54.493+0700 INFO HikariPool-2 - Added connection conn10: url=jdbc:h2:mem:testdb user=SA
2024-04-01T23:43:54.493+0700 INFO HikariPool-2 - Start completed.
2024-04-01T23:43:54.493+0700 INFO H2 console available at '/h2-console'. Database available at 'jdbc:h2:mem:testdb'
2024-04-01T23:43:54.524+0700 INFO HHH000204: Processing PersistenceUnitInfo [name: default]
2024-04-01T23:43:54.524+0700 INFO HHH000026: Second-level cache disabled
2024-04-01T23:43:54.524+0700 INFO No LoadTimeWeaver setup: ignoring JPA class transformer
2024-04-01T23:43:54.524+0700 WARN HHH90000025: H2Dialect does not need to be specified explicitly using 'hibernate.dialect' (remove the property setting and it will be selected by default)
2024-04-01T23:43:54.759+0700 INFO HHH000489: No JTA platform available (set 'hibernate.transaction.jta.platform' to enable JTA platform integration)
2024-04-01T23:43:54.790+0700 INFO Initialized JPA EntityManagerFactory for persistence unit 'default'
2024-04-01T23:43:55.040+0700 WARN spring.jpa.open-in-view is enabled by default. Therefore, database queries may be performed during view rendering. Explicitly configure spring.jpa.open-in-view to disable this warning
2024-04-01T23:43:55.040+0700 INFO Adding welcome page template: index
2024-04-01T23:43:55.118+0700 INFO LiveReload server is running on port 35729
2024-04-01T23:43:55.134+0700 INFO Starting ProtocolHandler ["http-nio-8080"]
2024-04-01T23:43:55.134+0700 INFO Tomcat started on port 8080 (http) with context path ''
2024-04-01T23:43:55.134+0700 INFO Started Main in 0.959 seconds (process running for 115.406)
2024-04-01T23:43:55.134+0700 INFO Condition evaluation unchanged
2024-04-01T23:43:56.538+0700 INFO Restarting due to 1 class path change (1 addition, 0 deletions, 0 modifications)
2024-04-01T23:43:56.538+0700 INFO Stopping ProtocolHandler ["http-nio-8080"]
2024-04-01T23:43:56.554+0700 INFO Closing JPA EntityManagerFactory for persistence unit 'default'
2024-04-01T23:43:56.562+0700 WARN Invocation of destroy method failed on bean with name 'inMemoryDatabaseShutdownExecutor': org.h2.jdbc.JdbcSQLNonTransientConnectionException: База данных уже закрыта (чтобы отключить автоматическое закрытие базы данных при останове JVM, добавьте ";DB_CLOSE_ON_EXIT=FALSE" в URL)
Database is already closed (to disable automatic closing at VM shutdown, add ";DB_CLOSE_ON_EXIT=FALSE" to the db URL) [90121-224]
2024-04-01T23:43:56.562+0700 INFO HikariPool-2 - Shutdown initiated...
2024-04-01T23:43:56.563+0700 INFO HikariPool-2 - Shutdown completed.
2024-04-01T23:43:56.616+0700 INFO info message
2024-04-01T23:43:56.616+0700 ERROR info message
2024-04-01T23:43:56.641+0700 INFO Starting Main using Java 19.0.1 with PID 7248 (E:\MyJob\calendar_api\target\classes started by Тагир in E:\MyJob\calendar_api)
2024-04-01T23:43:56.657+0700 INFO No active profile set, falling back to 1 default profile: "default"
2024-04-01T23:43:56.815+0700 INFO Bootstrapping Spring Data JPA repositories in DEFAULT mode.
2024-04-01T23:43:56.831+0700 INFO Finished Spring Data repository scanning in 15 ms. Found 10 JPA repository interfaces.
2024-04-01T23:43:56.893+0700 INFO Tomcat initialized with port 8080 (http)
2024-04-01T23:43:56.893+0700 INFO Initializing ProtocolHandler ["http-nio-8080"]
2024-04-01T23:43:56.893+0700 INFO Starting service [Tomcat]
2024-04-01T23:43:56.893+0700 INFO Starting Servlet engine: [Apache Tomcat/10.1.18]
2024-04-01T23:43:56.909+0700 INFO Initializing Spring embedded WebApplicationContext
2024-04-01T23:43:56.909+0700 INFO Root WebApplicationContext: initialization completed in 252 ms
2024-04-01T23:43:56.909+0700 INFO HikariPool-3 - Starting...
2024-04-01T23:43:56.909+0700 INFO HikariPool-3 - Added connection conn20: url=jdbc:h2:mem:testdb user=SA
2024-04-01T23:43:56.909+0700 INFO HikariPool-3 - Start completed.
2024-04-01T23:43:56.909+0700 INFO H2 console available at '/h2-console'. Database available at 'jdbc:h2:mem:testdb'
2024-04-01T23:43:56.925+0700 INFO HHH000204: Processing PersistenceUnitInfo [name: default]
2024-04-01T23:43:56.925+0700 INFO HHH000026: Second-level cache disabled
2024-04-01T23:43:56.925+0700 INFO No LoadTimeWeaver setup: ignoring JPA class transformer
2024-04-01T23:43:56.925+0700 WARN HHH90000025: H2Dialect does not need to be specified explicitly using 'hibernate.dialect' (remove the property setting and it will be selected by default)
2024-04-01T23:43:57.034+0700 INFO HHH000489: No JTA platform available (set 'hibernate.transaction.jta.platform' to enable JTA platform integration)
2024-04-01T23:43:57.034+0700 INFO Initialized JPA EntityManagerFactory for persistence unit 'default'
2024-04-01T23:43:57.237+0700 WARN spring.jpa.open-in-view is enabled by default. Therefore, database queries may be performed during view rendering. Explicitly configure spring.jpa.open-in-view to disable this warning
2024-04-01T23:43:57.237+0700 INFO Adding welcome page template: index
2024-04-01T23:43:57.300+0700 INFO LiveReload server is running on port 35729
2024-04-01T23:43:57.315+0700 INFO Starting ProtocolHandler ["http-nio-8080"]
2024-04-01T23:43:57.315+0700 INFO Tomcat started on port 8080 (http) with context path ''
2024-04-01T23:43:57.315+0700 INFO Started Main in 0.696 seconds (process running for 117.594)
2024-04-01T23:43:57.315+0700 INFO Condition evaluation unchanged
2024-04-01T23:44:02.817+0700 INFO Restarting due to 1 class path change (0 additions, 1 deletion, 0 modifications)
2024-04-01T23:44:02.818+0700 INFO Stopping ProtocolHandler ["http-nio-8080"]
2024-04-01T23:44:02.826+0700 INFO Closing JPA EntityManagerFactory for persistence unit 'default'
2024-04-01T23:44:02.829+0700 WARN Invocation of destroy method failed on bean with name 'inMemoryDatabaseShutdownExecutor': org.h2.jdbc.JdbcSQLNonTransientConnectionException: База данных уже закрыта (чтобы отключить автоматическое закрытие базы данных при останове JVM, добавьте ";DB_CLOSE_ON_EXIT=FALSE" в URL)
Database is already closed (to disable automatic closing at VM shutdown, add ";DB_CLOSE_ON_EXIT=FALSE" to the db URL) [90121-224]
2024-04-01T23:44:02.829+0700 INFO HikariPool-3 - Shutdown initiated...
2024-04-01T23:44:02.830+0700 INFO HikariPool-3 - Shutdown completed.
2024-04-01T23:44:02.868+0700 INFO info message
2024-04-01T23:44:02.868+0700 ERROR info message
2024-04-01T23:44:02.899+0700 INFO Starting Main using Java 19.0.1 with PID 7248 (E:\MyJob\calendar_api\target\classes started by Тагир in E:\MyJob\calendar_api)
2024-04-01T23:44:02.899+0700 INFO No active profile set, falling back to 1 default profile: "default"
2024-04-01T23:44:03.022+0700 INFO Bootstrapping Spring Data JPA repositories in DEFAULT mode.
2024-04-01T23:44:03.037+0700 INFO Finished Spring Data repository scanning in 15 ms. Found 10 JPA repository interfaces.
2024-04-01T23:44:03.104+0700 INFO Tomcat initialized with port 8080 (http)
2024-04-01T23:44:03.105+0700 INFO Initializing ProtocolHandler ["http-nio-8080"]
2024-04-01T23:44:03.106+0700 INFO Starting service [Tomcat]
2024-04-01T23:44:03.106+0700 INFO Starting Servlet engine: [Apache Tomcat/10.1.18]
2024-04-01T23:44:03.121+0700 INFO Initializing Spring embedded WebApplicationContext
2024-04-01T23:44:03.121+0700 INFO Root WebApplicationContext: initialization completed in 221 ms
2024-04-01T23:44:03.135+0700 INFO HikariPool-4 - Starting...
2024-04-01T23:44:03.137+0700 INFO HikariPool-4 - Added connection conn30: url=jdbc:h2:mem:testdb user=SA
2024-04-01T23:44:03.137+0700 INFO HikariPool-4 - Start completed.
2024-04-01T23:44:03.137+0700 INFO H2 console available at '/h2-console'. Database available at 'jdbc:h2:mem:testdb'
2024-04-01T23:44:03.157+0700 INFO HHH000204: Processing PersistenceUnitInfo [name: default]
2024-04-01T23:44:03.159+0700 INFO HHH000026: Second-level cache disabled
2024-04-01T23:44:03.162+0700 INFO No LoadTimeWeaver setup: ignoring JPA class transformer
2024-04-01T23:44:03.163+0700 WARN HHH90000025: H2Dialect does not need to be specified explicitly using 'hibernate.dialect' (remove the property setting and it will be selected by default)
2024-04-01T23:44:03.280+0700 INFO HHH000489: No JTA platform available (set 'hibernate.transaction.jta.platform' to enable JTA platform integration)
2024-04-01T23:44:03.290+0700 INFO Initialized JPA EntityManagerFactory for persistence unit 'default'
2024-04-01T23:44:03.558+0700 WARN spring.jpa.open-in-view is enabled by default. Therefore, database queries may be performed during view rendering. Explicitly configure spring.jpa.open-in-view to disable this warning
2024-04-01T23:44:03.565+0700 INFO Adding welcome page template: index
2024-04-01T23:44:03.666+0700 INFO LiveReload server is running on port 35729
2024-04-01T23:44:03.676+0700 INFO Starting ProtocolHandler ["http-nio-8080"]
2024-04-01T23:44:03.679+0700 INFO Tomcat started on port 8080 (http) with context path ''
2024-04-01T23:44:03.683+0700 INFO Started Main in 0.813 seconds (process running for 123.949)
2024-04-01T23:44:03.685+0700 INFO Condition evaluation unchanged
2024-04-01T23:44:03.764+0700 INFO Initializing Spring DispatcherServlet 'dispatcherServlet'
2024-04-01T23:44:03.764+0700 INFO Initializing Servlet 'dispatcherServlet'
2024-04-01T23:44:03.765+0700 INFO Completed initialization in 1 ms
2024-04-01T23:44:06.113+0700 INFO Restarting due to 1 class path change (1 addition, 0 deletions, 0 modifications)
2024-04-01T23:44:06.115+0700 INFO Stopping ProtocolHandler ["http-nio-8080"]
2024-04-01T23:44:06.131+0700 INFO Closing JPA EntityManagerFactory for persistence unit 'default'
2024-04-01T23:44:06.136+0700 WARN Invocation of destroy method failed on bean with name 'inMemoryDatabaseShutdownExecutor': org.h2.jdbc.JdbcSQLNonTransientConnectionException: База данных уже закрыта (чтобы отключить автоматическое закрытие базы данных при останове JVM, добавьте ";DB_CLOSE_ON_EXIT=FALSE" в URL)
Database is already closed (to disable automatic closing at VM shutdown, add ";DB_CLOSE_ON_EXIT=FALSE" to the db URL) [90121-224]
2024-04-01T23:44:06.137+0700 INFO HikariPool-4 - Shutdown initiated...
2024-04-01T23:44:06.138+0700 INFO HikariPool-4 - Shutdown completed.
2024-04-01T23:44:06.192+0700 INFO info message
2024-04-01T23:44:06.192+0700 ERROR info message
2024-04-01T23:44:06.245+0700 INFO Starting Main using Java 19.0.1 with PID 7248 (E:\MyJob\calendar_api\target\classes started by Тагир in E:\MyJob\calendar_api)
2024-04-01T23:44:06.246+0700 INFO No active profile set, falling back to 1 default profile: "default"
2024-04-01T23:44:06.403+0700 INFO Bootstrapping Spring Data JPA repositories in DEFAULT mode.
2024-04-01T23:44:06.420+0700 INFO Finished Spring Data repository scanning in 17 ms. Found 10 JPA repository interfaces.
2024-04-01T23:44:06.494+0700 INFO Tomcat initialized with port 8080 (http)
2024-04-01T23:44:06.494+0700 INFO Initializing ProtocolHandler ["http-nio-8080"]
2024-04-01T23:44:06.494+0700 INFO Starting service [Tomcat]
2024-04-01T23:44:06.495+0700 INFO Starting Servlet engine: [Apache Tomcat/10.1.18]
2024-04-01T23:44:06.507+0700 INFO Initializing Spring embedded WebApplicationContext
2024-04-01T23:44:06.507+0700 INFO Root WebApplicationContext: initialization completed in 259 ms
2024-04-01T23:44:06.518+0700 INFO HikariPool-5 - Starting...
2024-04-01T23:44:06.520+0700 INFO HikariPool-5 - Added connection conn40: url=jdbc:h2:mem:testdb user=SA
2024-04-01T23:44:06.520+0700 INFO HikariPool-5 - Start completed.
2024-04-01T23:44:06.520+0700 INFO H2 console available at '/h2-console'. Database available at 'jdbc:h2:mem:testdb'
2024-04-01T23:44:06.536+0700 INFO HHH000204: Processing PersistenceUnitInfo [name: default]
2024-04-01T23:44:06.538+0700 INFO HHH000026: Second-level cache disabled
2024-04-01T23:44:06.540+0700 INFO No LoadTimeWeaver setup: ignoring JPA class transformer
2024-04-01T23:44:06.541+0700 WARN HHH90000025: H2Dialect does not need to be specified explicitly using 'hibernate.dialect' (remove the property setting and it will be selected by default)
2024-04-01T23:44:06.695+0700 INFO HHH000489: No JTA platform available (set 'hibernate.transaction.jta.platform' to enable JTA platform integration)
2024-04-01T23:44:06.710+0700 INFO Initialized JPA EntityManagerFactory for persistence unit 'default'
2024-04-01T23:44:06.997+0700 WARN spring.jpa.open-in-view is enabled by default. Therefore, database queries may be performed during view rendering. Explicitly configure spring.jpa.open-in-view to disable this warning
2024-04-01T23:44:07.003+0700 INFO Adding welcome page template: index
2024-04-01T23:44:07.085+0700 INFO LiveReload server is running on port 35729
2024-04-01T23:44:07.095+0700 INFO Starting ProtocolHandler ["http-nio-8080"]
2024-04-01T23:44:07.098+0700 INFO Tomcat started on port 8080 (http) with context path ''
2024-04-01T23:44:07.102+0700 INFO Started Main in 0.906 seconds (process running for 127.368)
2024-04-01T23:44:07.103+0700 INFO Condition evaluation unchanged
2024-04-01T23:45:03.872+0700 INFO Closing JPA EntityManagerFactory for persistence unit 'default'
2024-04-01T23:45:03.872+0700 WARN Invocation of destroy method failed on bean with name 'inMemoryDatabaseShutdownExecutor': org.h2.jdbc.JdbcSQLNonTransientConnectionException: База данных уже закрыта (чтобы отключить автоматическое закрытие базы данных при останове JVM, добавьте ";DB_CLOSE_ON_EXIT=FALSE" в URL)
Database is already closed (to disable automatic closing at VM shutdown, add ";DB_CLOSE_ON_EXIT=FALSE" to the db URL) [90121-224]
2024-04-01T23:45:03.872+0700 INFO HikariPool-5 - Shutdown initiated...
2024-04-01T23:45:03.872+0700 INFO HikariPool-5 - Shutdown completed.
