2024-04-01T22:13:07.693+0700 INFO info message
2024-04-01T22:13:07.693+0700 ERROR info message
2024-04-01T22:13:07.771+0700 INFO info message
2024-04-01T22:13:07.771+0700 ERROR info message
2024-04-01T22:13:07.938+0700 INFO HV000001: Hibernate Validator 8.0.1.Final
2024-04-01T22:13:07.968+0700 INFO Starting Main using Java 19.0.1 with PID 5632 (E:\MyJob\calendar_api\target\classes started by Тагир in E:\MyJob\calendar_api)
2024-04-01T22:13:07.968+0700 INFO No active profile set, falling back to 1 default profile: "default"
2024-04-01T22:13:08.003+0700 INFO Devtools property defaults active! Set 'spring.devtools.add-properties' to 'false' to disable
2024-04-01T22:13:08.003+0700 INFO For additional web related logging consider setting the 'logging.level.web' property to 'DEBUG'
2024-04-01T22:13:08.489+0700 INFO Bootstrapping Spring Data JPA repositories in DEFAULT mode.
2024-04-01T22:13:08.552+0700 INFO Finished Spring Data repository scanning in 44 ms. Found 10 JPA repository interfaces.
2024-04-01T22:13:08.864+0700 INFO Tomcat initialized with port 8080 (http)
2024-04-01T22:13:08.864+0700 INFO Initializing ProtocolHandler ["http-nio-8080"]
2024-04-01T22:13:08.864+0700 INFO Starting service [Tomcat]
2024-04-01T22:13:08.864+0700 INFO Starting Servlet engine: [Apache Tomcat/10.1.18]
2024-04-01T22:13:08.911+0700 INFO Initializing Spring embedded WebApplicationContext
2024-04-01T22:13:08.911+0700 INFO Root WebApplicationContext: initialization completed in 908 ms
2024-04-01T22:13:08.942+0700 INFO HikariPool-1 - Starting...
2024-04-01T22:13:08.989+0700 INFO HikariPool-1 - Added connection conn0: url=jdbc:h2:mem:testdb user=SA
2024-04-01T22:13:09.005+0700 INFO HikariPool-1 - Start completed.
2024-04-01T22:13:09.005+0700 INFO H2 console available at '/h2-console'. Database available at 'jdbc:h2:mem:testdb'
2024-04-01T22:13:09.067+0700 INFO HHH000204: Processing PersistenceUnitInfo [name: default]
2024-04-01T22:13:09.099+0700 INFO HHH000412: Hibernate ORM core version 6.4.1.Final
2024-04-01T22:13:09.130+0700 INFO HHH000026: Second-level cache disabled
2024-04-01T22:13:09.224+0700 INFO No LoadTimeWeaver setup: ignoring JPA class transformer
2024-04-01T22:13:09.239+0700 WARN HHH90000025: H2Dialect does not need to be specified explicitly using 'hibernate.dialect' (remove the property setting and it will be selected by default)
2024-04-01T22:13:09.895+0700 INFO HHH000489: No JTA platform available (set 'hibernate.transaction.jta.platform' to enable JTA platform integration)
2024-04-01T22:13:09.942+0700 INFO Initialized JPA EntityManagerFactory for persistence unit 'default'
2024-04-01T22:13:10.317+0700 WARN spring.jpa.open-in-view is enabled by default. Therefore, database queries may be performed during view rendering. Explicitly configure spring.jpa.open-in-view to disable this warning
2024-04-01T22:13:10.333+0700 INFO Adding welcome page template: index
2024-04-01T22:13:10.583+0700 INFO LiveReload server is running on port 35729
2024-04-01T22:13:10.598+0700 INFO Starting ProtocolHandler ["http-nio-8080"]
2024-04-01T22:13:10.598+0700 INFO Tomcat started on port 8080 (http) with context path ''
2024-04-01T22:13:10.614+0700 INFO Started Main in 2.843 seconds (process running for 3.581)
2024-04-01T22:13:29.701+0700 INFO Initializing Spring DispatcherServlet 'dispatcherServlet'
2024-04-01T22:13:29.702+0700 INFO Initializing Servlet 'dispatcherServlet'
2024-04-01T22:13:29.703+0700 INFO Completed initialization in 1 ms
2024-04-01T22:13:39.037+0700 INFO Эта запись будет залогирована тоже
2024-04-01T22:13:39.154+0700 INFO Эта запись будет залогирована
2024-04-01T22:13:39.157+0700 INFO Эта запись будет залогирована
2024-04-01T22:13:39.159+0700 INFO Эта запись будет залогирована
2024-04-01T22:14:55.227+0700 INFO Restarting due to 1 class path change (0 additions, 1 deletion, 0 modifications)
2024-04-01T22:14:55.231+0700 INFO Stopping ProtocolHandler ["http-nio-8080"]
2024-04-01T22:14:55.242+0700 INFO Closing JPA EntityManagerFactory for persistence unit 'default'
2024-04-01T22:14:55.252+0700 WARN Invocation of destroy method failed on bean with name 'inMemoryDatabaseShutdownExecutor': org.h2.jdbc.JdbcSQLNonTransientConnectionException: База данных уже закрыта (чтобы отключить автоматическое закрытие базы данных при останове JVM, добавьте ";DB_CLOSE_ON_EXIT=FALSE" в URL)
Database is already closed (to disable automatic closing at VM shutdown, add ";DB_CLOSE_ON_EXIT=FALSE" to the db URL) [90121-224]
2024-04-01T22:14:55.252+0700 INFO HikariPool-1 - Shutdown initiated...
2024-04-01T22:14:55.253+0700 INFO HikariPool-1 - Shutdown completed.
2024-04-01T22:14:55.298+0700 INFO info message
2024-04-01T22:14:55.298+0700 ERROR info message
2024-04-01T22:14:55.332+0700 INFO Starting Main using Java 19.0.1 with PID 5632 (E:\MyJob\calendar_api\target\classes started by Тагир in E:\MyJob\calendar_api)
2024-04-01T22:14:55.332+0700 INFO No active profile set, falling back to 1 default profile: "default"
2024-04-01T22:14:55.455+0700 INFO Bootstrapping Spring Data JPA repositories in DEFAULT mode.
2024-04-01T22:14:55.474+0700 INFO Finished Spring Data repository scanning in 19 ms. Found 10 JPA repository interfaces.
2024-04-01T22:14:55.575+0700 INFO Tomcat initialized with port 8080 (http)
2024-04-01T22:14:55.576+0700 INFO Initializing ProtocolHandler ["http-nio-8080"]
2024-04-01T22:14:55.577+0700 INFO Starting service [Tomcat]
2024-04-01T22:14:55.577+0700 INFO Starting Servlet engine: [Apache Tomcat/10.1.18]
2024-04-01T22:14:55.592+0700 INFO Initializing Spring embedded WebApplicationContext
2024-04-01T22:14:55.592+0700 INFO Root WebApplicationContext: initialization completed in 258 ms
2024-04-01T22:14:55.604+0700 INFO HikariPool-2 - Starting...
2024-04-01T22:14:55.607+0700 INFO HikariPool-2 - Added connection conn10: url=jdbc:h2:mem:testdb user=SA
2024-04-01T22:14:55.607+0700 INFO HikariPool-2 - Start completed.
2024-04-01T22:14:55.608+0700 INFO H2 console available at '/h2-console'. Database available at 'jdbc:h2:mem:testdb'
2024-04-01T22:14:55.632+0700 INFO HHH000204: Processing PersistenceUnitInfo [name: default]
2024-04-01T22:14:55.635+0700 INFO HHH000026: Second-level cache disabled
2024-04-01T22:14:55.638+0700 INFO No LoadTimeWeaver setup: ignoring JPA class transformer
2024-04-01T22:14:55.639+0700 WARN HHH90000025: H2Dialect does not need to be specified explicitly using 'hibernate.dialect' (remove the property setting and it will be selected by default)
2024-04-01T22:14:55.823+0700 INFO HHH000489: No JTA platform available (set 'hibernate.transaction.jta.platform' to enable JTA platform integration)
2024-04-01T22:14:55.837+0700 INFO Initialized JPA EntityManagerFactory for persistence unit 'default'
2024-04-01T22:14:55.841+0700 WARN Exception encountered during context initialization - cancelling refresh attempt: org.springframework.beans.factory.BeanCreationException: Error creating bean with name 'calendarController': Resolution of declared constructors on bean Class [ru.tomsknipineft.controllers.CalendarController] from ClassLoader [org.springframework.boot.devtools.restart.classloader.RestartClassLoader@70017100] failed
2024-04-01T22:14:55.842+0700 INFO Closing JPA EntityManagerFactory for persistence unit 'default'
2024-04-01T22:14:55.846+0700 WARN Invocation of destroy method failed on bean with name 'inMemoryDatabaseShutdownExecutor': org.h2.jdbc.JdbcSQLNonTransientConnectionException: База данных уже закрыта (чтобы отключить автоматическое закрытие базы данных при останове JVM, добавьте ";DB_CLOSE_ON_EXIT=FALSE" в URL)
Database is already closed (to disable automatic closing at VM shutdown, add ";DB_CLOSE_ON_EXIT=FALSE" to the db URL) [90121-224]
2024-04-01T22:14:55.846+0700 INFO HikariPool-2 - Shutdown initiated...
2024-04-01T22:14:55.853+0700 INFO HikariPool-2 - Shutdown completed.
2024-04-01T22:14:55.853+0700 INFO Stopping service [Tomcat]
2024-04-01T22:14:55.861+0700 INFO 

Error starting ApplicationContext. To display the condition evaluation report re-run your application with 'debug' enabled.
2024-04-01T22:14:55.879+0700 ERROR Application run failed
org.springframework.beans.factory.BeanCreationException: Error creating bean with name 'calendarController': Resolution of declared constructors on bean Class [ru.tomsknipineft.controllers.CalendarController] from ClassLoader [org.springframework.boot.devtools.restart.classloader.RestartClassLoader@70017100] failed
	at org.springframework.beans.factory.annotation.AutowiredAnnotationBeanPostProcessor.determineCandidateConstructors(AutowiredAnnotationBeanPostProcessor.java:383) ~[spring-beans-6.1.3.jar:6.1.3]
	at org.springframework.beans.factory.support.AbstractAutowireCapableBeanFactory.determineConstructorsFromBeanPostProcessors(AbstractAutowireCapableBeanFactory.java:1293) ~[spring-beans-6.1.3.jar:6.1.3]
	at org.springframework.beans.factory.support.AbstractAutowireCapableBeanFactory.createBeanInstance(AbstractAutowireCapableBeanFactory.java:1188) ~[spring-beans-6.1.3.jar:6.1.3]
	at org.springframework.beans.factory.support.AbstractAutowireCapableBeanFactory.doCreateBean(AbstractAutowireCapableBeanFactory.java:561) ~[spring-beans-6.1.3.jar:6.1.3]
	at org.springframework.beans.factory.support.AbstractAutowireCapableBeanFactory.createBean(AbstractAutowireCapableBeanFactory.java:521) ~[spring-beans-6.1.3.jar:6.1.3]
	at org.springframework.beans.factory.support.AbstractBeanFactory.lambda$doGetBean$0(AbstractBeanFactory.java:325) ~[spring-beans-6.1.3.jar:6.1.3]
	at org.springframework.beans.factory.support.DefaultSingletonBeanRegistry.getSingleton(DefaultSingletonBeanRegistry.java:234) ~[spring-beans-6.1.3.jar:6.1.3]
	at org.springframework.beans.factory.support.AbstractBeanFactory.doGetBean(AbstractBeanFactory.java:323) ~[spring-beans-6.1.3.jar:6.1.3]
	at org.springframework.beans.factory.support.AbstractBeanFactory.getBean(AbstractBeanFactory.java:199) ~[spring-beans-6.1.3.jar:6.1.3]
	at org.springframework.beans.factory.support.DefaultListableBeanFactory.preInstantiateSingletons(DefaultListableBeanFactory.java:975) ~[spring-beans-6.1.3.jar:6.1.3]
	at org.springframework.context.support.AbstractApplicationContext.finishBeanFactoryInitialization(AbstractApplicationContext.java:959) ~[spring-context-6.1.3.jar:6.1.3]
	at org.springframework.context.support.AbstractApplicationContext.refresh(AbstractApplicationContext.java:624) ~[spring-context-6.1.3.jar:6.1.3]
	at org.springframework.boot.web.servlet.context.ServletWebServerApplicationContext.refresh(ServletWebServerApplicationContext.java:146) ~[spring-boot-3.2.2.jar:3.2.2]
	at org.springframework.boot.SpringApplication.refresh(SpringApplication.java:754) [spring-boot-3.2.2.jar:3.2.2]
	at org.springframework.boot.SpringApplication.refreshContext(SpringApplication.java:456) [spring-boot-3.2.2.jar:3.2.2]
	at org.springframework.boot.SpringApplication.run(SpringApplication.java:334) [spring-boot-3.2.2.jar:3.2.2]
	at org.springframework.boot.SpringApplication.run(SpringApplication.java:1354) [spring-boot-3.2.2.jar:3.2.2]
	at org.springframework.boot.SpringApplication.run(SpringApplication.java:1343) [spring-boot-3.2.2.jar:3.2.2]
	at ru.tomsknipineft.Main.main(Main.java:20) [classes/:?]
	at java.base/jdk.internal.reflect.DirectMethodHandleAccessor.invoke(DirectMethodHandleAccessor.java:104) ~[?:?]
	at java.base/java.lang.reflect.Method.invoke(Method.java:578) ~[?:?]
	at org.springframework.boot.devtools.restart.RestartLauncher.run(RestartLauncher.java:50) [spring-boot-devtools-3.2.2.jar:3.2.2]
Caused by: java.lang.NoClassDefFoundError: ru/tomsknipineft/services/CalendarService
	at java.base/java.lang.Class.getDeclaredConstructors0(Native Method) ~[?:?]
	at java.base/java.lang.Class.privateGetDeclaredConstructors(Class.java:3429) ~[?:?]
	at java.base/java.lang.Class.getDeclaredConstructors(Class.java:2608) ~[?:?]
	at org.springframework.beans.factory.annotation.AutowiredAnnotationBeanPostProcessor.determineCandidateConstructors(AutowiredAnnotationBeanPostProcessor.java:378) ~[spring-beans-6.1.3.jar:6.1.3]
	... 21 more
Caused by: java.lang.ClassNotFoundException: ru.tomsknipineft.services.CalendarService
	at java.base/jdk.internal.loader.BuiltinClassLoader.loadClass(BuiltinClassLoader.java:641) ~[?:?]
	at java.base/jdk.internal.loader.ClassLoaders$AppClassLoader.loadClass(ClassLoaders.java:188) ~[?:?]
	at java.base/java.lang.ClassLoader.loadClass(ClassLoader.java:521) ~[?:?]
	at java.base/java.lang.Class.forName0(Native Method) ~[?:?]
	at java.base/java.lang.Class.forName(Class.java:495) ~[?:?]
	at java.base/java.lang.Class.forName(Class.java:474) ~[?:?]
	at org.springframework.boot.devtools.restart.classloader.RestartClassLoader.loadClass(RestartClassLoader.java:121) ~[spring-boot-devtools-3.2.2.jar:3.2.2]
	at java.base/java.lang.ClassLoader.loadClass(ClassLoader.java:521) ~[?:?]
	at java.base/java.lang.Class.getDeclaredConstructors0(Native Method) ~[?:?]
	at java.base/java.lang.Class.privateGetDeclaredConstructors(Class.java:3429) ~[?:?]
	at java.base/java.lang.Class.getDeclaredConstructors(Class.java:2608) ~[?:?]
	at org.springframework.beans.factory.annotation.AutowiredAnnotationBeanPostProcessor.determineCandidateConstructors(AutowiredAnnotationBeanPostProcessor.java:378) ~[spring-beans-6.1.3.jar:6.1.3]
	... 21 more
2024-04-01T22:14:58.333+0700 INFO info message
2024-04-01T22:14:58.333+0700 ERROR info message
2024-04-01T22:14:58.355+0700 INFO Starting Main using Java 19.0.1 with PID 5632 (E:\MyJob\calendar_api\target\classes started by Тагир in E:\MyJob\calendar_api)
2024-04-01T22:14:58.355+0700 INFO No active profile set, falling back to 1 default profile: "default"
2024-04-01T22:14:58.439+0700 INFO Bootstrapping Spring Data JPA repositories in DEFAULT mode.
2024-04-01T22:14:58.452+0700 INFO Finished Spring Data repository scanning in 13 ms. Found 10 JPA repository interfaces.
2024-04-01T22:14:58.509+0700 INFO Tomcat initialized with port 8080 (http)
2024-04-01T22:14:58.510+0700 INFO Initializing ProtocolHandler ["http-nio-8080"]
2024-04-01T22:14:58.510+0700 INFO Starting service [Tomcat]
2024-04-01T22:14:58.510+0700 INFO Starting Servlet engine: [Apache Tomcat/10.1.18]
2024-04-01T22:14:58.521+0700 INFO Initializing Spring embedded WebApplicationContext
2024-04-01T22:14:58.521+0700 INFO Root WebApplicationContext: initialization completed in 165 ms
2024-04-01T22:14:58.535+0700 INFO HikariPool-3 - Starting...
2024-04-01T22:14:58.538+0700 INFO HikariPool-3 - Added connection conn20: url=jdbc:h2:mem:testdb user=SA
2024-04-01T22:14:58.538+0700 INFO HikariPool-3 - Start completed.
2024-04-01T22:14:58.539+0700 INFO H2 console available at '/h2-console'. Database available at 'jdbc:h2:mem:testdb'
2024-04-01T22:14:58.561+0700 INFO HHH000204: Processing PersistenceUnitInfo [name: default]
2024-04-01T22:14:58.564+0700 INFO HHH000026: Second-level cache disabled
2024-04-01T22:14:58.567+0700 INFO No LoadTimeWeaver setup: ignoring JPA class transformer
2024-04-01T22:14:58.567+0700 WARN HHH90000025: H2Dialect does not need to be specified explicitly using 'hibernate.dialect' (remove the property setting and it will be selected by default)
2024-04-01T22:14:58.678+0700 INFO HHH000489: No JTA platform available (set 'hibernate.transaction.jta.platform' to enable JTA platform integration)
2024-04-01T22:14:58.686+0700 INFO Initialized JPA EntityManagerFactory for persistence unit 'default'
2024-04-01T22:14:58.881+0700 WARN spring.jpa.open-in-view is enabled by default. Therefore, database queries may be performed during view rendering. Explicitly configure spring.jpa.open-in-view to disable this warning
2024-04-01T22:14:58.885+0700 INFO Adding welcome page template: index
2024-04-01T22:14:58.948+0700 INFO LiveReload server is running on port 35729
2024-04-01T22:14:58.954+0700 INFO Starting ProtocolHandler ["http-nio-8080"]
2024-04-01T22:14:58.956+0700 INFO Tomcat started on port 8080 (http) with context path ''
2024-04-01T22:14:58.959+0700 INFO Started Main in 0.625 seconds (process running for 111.921)
2024-04-01T22:14:58.961+0700 INFO Condition evaluation unchanged
2024-04-01T22:16:11.358+0700 INFO Initializing Spring DispatcherServlet 'dispatcherServlet'
2024-04-01T22:16:11.358+0700 INFO Initializing Servlet 'dispatcherServlet'
2024-04-01T22:16:11.359+0700 INFO Completed initialization in 1 ms
2024-04-01T22:16:11.383+0700 INFO Эта запись будет залогирована тоже
2024-04-01T22:16:11.397+0700 INFO Эта запись будет залогирована
2024-04-01T22:16:11.398+0700 INFO Эта запись будет залогирована
2024-04-01T22:16:11.398+0700 INFO Эта запись будет залогирована
2024-04-01T22:18:42.469+0700 INFO Эта запись будет залогирована тоже
2024-04-01T22:18:42.485+0700 INFO Эта запись будет залогирована
2024-04-01T22:18:42.486+0700 INFO Эта запись будет залогирована
2024-04-01T22:18:42.487+0700 INFO Эта запись будет залогирована
2024-04-01T22:20:08.447+0700 INFO Closing JPA EntityManagerFactory for persistence unit 'default'
2024-04-01T22:20:08.447+0700 WARN Invocation of destroy method failed on bean with name 'inMemoryDatabaseShutdownExecutor': org.h2.jdbc.JdbcSQLNonTransientConnectionException: База данных уже закрыта (чтобы отключить автоматическое закрытие базы данных при останове JVM, добавьте ";DB_CLOSE_ON_EXIT=FALSE" в URL)
Database is already closed (to disable automatic closing at VM shutdown, add ";DB_CLOSE_ON_EXIT=FALSE" to the db URL) [90121-224]
2024-04-01T22:20:08.447+0700 INFO HikariPool-3 - Shutdown initiated...
2024-04-01T22:20:08.447+0700 INFO HikariPool-3 - Shutdown completed.
