2024-03-31T15:43:40.574+0700 INFO info message
2024-03-31T15:43:40.590+0700 ERROR info message
2024-03-31T15:43:40.653+0700 INFO info message
2024-03-31T15:43:40.653+0700 ERROR info message
2024-03-31T15:43:40.887+0700 INFO HV000001: Hibernate Validator 8.0.1.Final
2024-03-31T15:43:40.913+0700 INFO Starting Main using Java 19.0.1 with PID 4776 (E:\MyJob\calendar_api\target\classes started by Тагир in E:\MyJob\calendar_api)
2024-03-31T15:43:40.913+0700 INFO No active profile set, falling back to 1 default profile: "default"
2024-03-31T15:43:40.965+0700 INFO Devtools property defaults active! Set 'spring.devtools.add-properties' to 'false' to disable
2024-03-31T15:43:40.965+0700 INFO For additional web related logging consider setting the 'logging.level.web' property to 'DEBUG'
2024-03-31T15:43:41.496+0700 INFO Bootstrapping Spring Data JPA repositories in DEFAULT mode.
2024-03-31T15:43:41.559+0700 INFO Finished Spring Data repository scanning in 56 ms. Found 10 JPA repository interfaces.
2024-03-31T15:43:41.902+0700 INFO Tomcat initialized with port 8080 (http)
2024-03-31T15:43:41.902+0700 INFO Initializing ProtocolHandler ["http-nio-8080"]
2024-03-31T15:43:41.902+0700 INFO Starting service [Tomcat]
2024-03-31T15:43:41.902+0700 INFO Starting Servlet engine: [Apache Tomcat/10.1.18]
2024-03-31T15:43:41.934+0700 INFO Initializing Spring embedded WebApplicationContext
2024-03-31T15:43:41.934+0700 INFO Root WebApplicationContext: initialization completed in 969 ms
2024-03-31T15:43:41.965+0700 INFO HikariPool-1 - Starting...
2024-03-31T15:43:42.027+0700 INFO HikariPool-1 - Added connection conn0: url=jdbc:h2:mem:testdb user=SA
2024-03-31T15:43:42.027+0700 INFO HikariPool-1 - Start completed.
2024-03-31T15:43:42.043+0700 INFO H2 console available at '/h2-console'. Database available at 'jdbc:h2:mem:testdb'
2024-03-31T15:43:42.137+0700 INFO HHH000204: Processing PersistenceUnitInfo [name: default]
2024-03-31T15:43:42.184+0700 INFO HHH000412: Hibernate ORM core version 6.4.1.Final
2024-03-31T15:43:42.199+0700 INFO HHH000026: Second-level cache disabled
2024-03-31T15:43:42.324+0700 INFO No LoadTimeWeaver setup: ignoring JPA class transformer
2024-03-31T15:43:42.340+0700 WARN HHH90000025: H2Dialect does not need to be specified explicitly using 'hibernate.dialect' (remove the property setting and it will be selected by default)
2024-03-31T15:43:43.074+0700 INFO HHH000489: No JTA platform available (set 'hibernate.transaction.jta.platform' to enable JTA platform integration)
2024-03-31T15:43:43.121+0700 INFO Initialized JPA EntityManagerFactory for persistence unit 'default'
2024-03-31T15:43:43.543+0700 WARN spring.jpa.open-in-view is enabled by default. Therefore, database queries may be performed during view rendering. Explicitly configure spring.jpa.open-in-view to disable this warning
2024-03-31T15:43:43.559+0700 INFO Adding welcome page template: index
2024-03-31T15:43:43.855+0700 INFO LiveReload server is running on port 35729
2024-03-31T15:43:43.871+0700 INFO Starting ProtocolHandler ["http-nio-8080"]
2024-03-31T15:43:43.887+0700 INFO Tomcat started on port 8080 (http) with context path ''
2024-03-31T15:43:43.902+0700 INFO Started Main in 3.234 seconds (process running for 4.067)
2024-03-31T15:43:55.185+0700 INFO Initializing Spring DispatcherServlet 'dispatcherServlet'
2024-03-31T15:43:55.185+0700 INFO Initializing Servlet 'dispatcherServlet'
2024-03-31T15:43:55.186+0700 INFO Completed initialization in 1 ms
2024-03-31T15:44:43.718+0700 INFO Эта запись будет залогирована тоже
2024-03-31T15:44:43.827+0700 INFO Эта запись будет залогирована
2024-03-31T15:45:03.208+0700 INFO Эта запись будет залогирована тоже
2024-03-31T15:45:03.226+0700 INFO Эта запись будет залогирована
2024-03-31T15:45:27.427+0700 INFO Эта запись будет залогирована тоже
2024-03-31T15:45:27.435+0700 INFO Эта запись будет залогирована
2024-03-31T15:45:51.763+0700 INFO Эта запись будет залогирована тоже
2024-03-31T15:45:51.772+0700 INFO Эта запись будет залогирована
2024-03-31T15:46:21.501+0700 INFO Closing JPA EntityManagerFactory for persistence unit 'default'
2024-03-31T15:46:21.517+0700 WARN Invocation of destroy method failed on bean with name 'inMemoryDatabaseShutdownExecutor': org.h2.jdbc.JdbcSQLNonTransientConnectionException: База данных уже закрыта (чтобы отключить автоматическое закрытие базы данных при останове JVM, добавьте ";DB_CLOSE_ON_EXIT=FALSE" в URL)
Database is already closed (to disable automatic closing at VM shutdown, add ";DB_CLOSE_ON_EXIT=FALSE" to the db URL) [90121-224]
2024-03-31T15:46:21.517+0700 INFO HikariPool-1 - Shutdown initiated...
2024-03-31T15:46:21.517+0700 INFO HikariPool-1 - Shutdown completed.
