2024-03-30T18:03:56.266+0700 INFO info message
2024-03-30T18:03:56.269+0700 ERROR info message
2024-03-30T18:03:56.340+0700 INFO info message
2024-03-30T18:03:56.341+0700 ERROR info message
2024-03-30T18:03:56.536+0700 INFO HV000001: Hibernate Validator 8.0.1.Final
2024-03-30T18:03:56.564+0700 INFO Starting Main using Java 19.0.1 with PID 12244 (E:\MyJob\calendar_api\target\classes started by Тагир in E:\MyJob\calendar_api)
2024-03-30T18:03:56.566+0700 INFO No active profile set, falling back to 1 default profile: "default"
2024-03-30T18:03:56.602+0700 INFO Devtools property defaults active! Set 'spring.devtools.add-properties' to 'false' to disable
2024-03-30T18:03:56.602+0700 INFO For additional web related logging consider setting the 'logging.level.web' property to 'DEBUG'
2024-03-30T18:03:57.140+0700 INFO Bootstrapping Spring Data JPA repositories in DEFAULT mode.
2024-03-30T18:03:57.184+0700 INFO Finished Spring Data repository scanning in 40 ms. Found 8 JPA repository interfaces.
2024-03-30T18:03:57.556+0700 INFO Tomcat initialized with port 8080 (http)
2024-03-30T18:03:57.565+0700 INFO Initializing ProtocolHandler ["http-nio-8080"]
2024-03-30T18:03:57.567+0700 INFO Starting service [Tomcat]
2024-03-30T18:03:57.567+0700 INFO Starting Servlet engine: [Apache Tomcat/10.1.18]
2024-03-30T18:03:57.599+0700 INFO Initializing Spring embedded WebApplicationContext
2024-03-30T18:03:57.599+0700 INFO Root WebApplicationContext: initialization completed in 995 ms
2024-03-30T18:03:57.621+0700 INFO HikariPool-1 - Starting...
2024-03-30T18:03:57.698+0700 INFO HikariPool-1 - Added connection conn0: url=jdbc:h2:mem:testdb user=SA
2024-03-30T18:03:57.700+0700 INFO HikariPool-1 - Start completed.
2024-03-30T18:03:57.715+0700 INFO H2 console available at '/h2-console'. Database available at 'jdbc:h2:mem:testdb'
2024-03-30T18:03:57.796+0700 INFO HHH000204: Processing PersistenceUnitInfo [name: default]
2024-03-30T18:03:57.830+0700 INFO HHH000412: Hibernate ORM core version 6.4.1.Final
2024-03-30T18:03:57.854+0700 INFO HHH000026: Second-level cache disabled
2024-03-30T18:03:57.963+0700 INFO No LoadTimeWeaver setup: ignoring JPA class transformer
2024-03-30T18:03:57.989+0700 WARN HHH90000025: H2Dialect does not need to be specified explicitly using 'hibernate.dialect' (remove the property setting and it will be selected by default)
2024-03-30T18:03:58.235+0700 WARN HHH000274: Unable to apply constraints on DDL for ru.tomsknipineft.entities.linearObjects.Line
jakarta.validation.GroupDefinitionException: HV000054: ru.tomsknipineft.entities.linearObjects.Line must be part of the redefined default group sequence.
	at org.hibernate.validator.internal.metadata.aggregated.BeanMetaDataImpl.getValidDefaultGroupSequence(BeanMetaDataImpl.java:538) ~[hibernate-validator-8.0.1.Final.jar:8.0.1.Final]
	at org.hibernate.validator.internal.metadata.aggregated.BeanMetaDataImpl.getDefaultGroupSequence(BeanMetaDataImpl.java:329) ~[hibernate-validator-8.0.1.Final.jar:8.0.1.Final]
	at org.hibernate.validator.internal.metadata.aggregated.BeanMetaDataImpl.<init>(BeanMetaDataImpl.java:240) ~[hibernate-validator-8.0.1.Final.jar:8.0.1.Final]
	at org.hibernate.validator.internal.metadata.aggregated.BeanMetaDataBuilder.build(BeanMetaDataBuilder.java:136) ~[hibernate-validator-8.0.1.Final.jar:8.0.1.Final]
	at org.hibernate.validator.internal.metadata.BeanMetaDataManagerImpl.createBeanMetaData(BeanMetaDataManagerImpl.java:206) ~[hibernate-validator-8.0.1.Final.jar:8.0.1.Final]
	at org.hibernate.validator.internal.metadata.BeanMetaDataManagerImpl.getBeanMetaData(BeanMetaDataManagerImpl.java:165) ~[hibernate-validator-8.0.1.Final.jar:8.0.1.Final]
	at org.hibernate.validator.internal.engine.ValidatorImpl.getConstraintsForClass(ValidatorImpl.java:316) ~[hibernate-validator-8.0.1.Final.jar:8.0.1.Final]
	at org.hibernate.boot.beanvalidation.TypeSafeActivator.applyDDL(TypeSafeActivator.java:205) ~[hibernate-core-6.4.1.Final.jar:6.4.1.Final]
	at org.hibernate.boot.beanvalidation.TypeSafeActivator.applyRelationalConstraints(TypeSafeActivator.java:189) ~[hibernate-core-6.4.1.Final.jar:6.4.1.Final]
	at org.hibernate.boot.beanvalidation.TypeSafeActivator.applyRelationalConstraints(TypeSafeActivator.java:148) ~[hibernate-core-6.4.1.Final.jar:6.4.1.Final]
	at org.hibernate.boot.beanvalidation.TypeSafeActivator.activate(TypeSafeActivator.java:97) ~[hibernate-core-6.4.1.Final.jar:6.4.1.Final]
	at java.base/jdk.internal.reflect.DirectMethodHandleAccessor.invoke(DirectMethodHandleAccessor.java:104) ~[?:?]
	at java.base/java.lang.reflect.Method.invoke(Method.java:578) ~[?:?]
	at org.hibernate.boot.beanvalidation.BeanValidationIntegrator.integrate(BeanValidationIntegrator.java:139) ~[hibernate-core-6.4.1.Final.jar:6.4.1.Final]
	at org.hibernate.internal.SessionFactoryImpl.integrate(SessionFactoryImpl.java:506) ~[hibernate-core-6.4.1.Final.jar:6.4.1.Final]
	at org.hibernate.internal.SessionFactoryImpl.<init>(SessionFactoryImpl.java:269) ~[hibernate-core-6.4.1.Final.jar:6.4.1.Final]
	at org.hibernate.boot.internal.SessionFactoryBuilderImpl.build(SessionFactoryBuilderImpl.java:450) ~[hibernate-core-6.4.1.Final.jar:6.4.1.Final]
	at org.hibernate.jpa.boot.internal.EntityManagerFactoryBuilderImpl.build(EntityManagerFactoryBuilderImpl.java:1507) ~[hibernate-core-6.4.1.Final.jar:6.4.1.Final]
	at org.springframework.orm.jpa.vendor.SpringHibernateJpaPersistenceProvider.createContainerEntityManagerFactory(SpringHibernateJpaPersistenceProvider.java:75) ~[spring-orm-6.1.3.jar:6.1.3]
	at org.springframework.orm.jpa.LocalContainerEntityManagerFactoryBean.createNativeEntityManagerFactory(LocalContainerEntityManagerFactoryBean.java:376) ~[spring-orm-6.1.3.jar:6.1.3]
	at org.springframework.orm.jpa.AbstractEntityManagerFactoryBean.buildNativeEntityManagerFactory(AbstractEntityManagerFactoryBean.java:409) ~[spring-orm-6.1.3.jar:6.1.3]
	at org.springframework.orm.jpa.AbstractEntityManagerFactoryBean.afterPropertiesSet(AbstractEntityManagerFactoryBean.java:396) ~[spring-orm-6.1.3.jar:6.1.3]
	at org.springframework.orm.jpa.LocalContainerEntityManagerFactoryBean.afterPropertiesSet(LocalContainerEntityManagerFactoryBean.java:352) ~[spring-orm-6.1.3.jar:6.1.3]
	at org.springframework.beans.factory.support.AbstractAutowireCapableBeanFactory.invokeInitMethods(AbstractAutowireCapableBeanFactory.java:1820) ~[spring-beans-6.1.3.jar:6.1.3]
	at org.springframework.beans.factory.support.AbstractAutowireCapableBeanFactory.initializeBean(AbstractAutowireCapableBeanFactory.java:1769) ~[spring-beans-6.1.3.jar:6.1.3]
	at org.springframework.beans.factory.support.AbstractAutowireCapableBeanFactory.doCreateBean(AbstractAutowireCapableBeanFactory.java:599) ~[spring-beans-6.1.3.jar:6.1.3]
	at org.springframework.beans.factory.support.AbstractAutowireCapableBeanFactory.createBean(AbstractAutowireCapableBeanFactory.java:521) ~[spring-beans-6.1.3.jar:6.1.3]
	at org.springframework.beans.factory.support.AbstractBeanFactory.lambda$doGetBean$0(AbstractBeanFactory.java:325) ~[spring-beans-6.1.3.jar:6.1.3]
	at org.springframework.beans.factory.support.DefaultSingletonBeanRegistry.getSingleton(DefaultSingletonBeanRegistry.java:234) [spring-beans-6.1.3.jar:6.1.3]
	at org.springframework.beans.factory.support.AbstractBeanFactory.doGetBean(AbstractBeanFactory.java:323) [spring-beans-6.1.3.jar:6.1.3]
	at org.springframework.beans.factory.support.AbstractBeanFactory.getBean(AbstractBeanFactory.java:199) [spring-beans-6.1.3.jar:6.1.3]
	at org.springframework.context.support.AbstractApplicationContext.getBean(AbstractApplicationContext.java:1231) [spring-context-6.1.3.jar:6.1.3]
	at org.springframework.context.support.AbstractApplicationContext.finishBeanFactoryInitialization(AbstractApplicationContext.java:949) [spring-context-6.1.3.jar:6.1.3]
	at org.springframework.context.support.AbstractApplicationContext.refresh(AbstractApplicationContext.java:624) [spring-context-6.1.3.jar:6.1.3]
	at org.springframework.boot.web.servlet.context.ServletWebServerApplicationContext.refresh(ServletWebServerApplicationContext.java:146) [spring-boot-3.2.2.jar:3.2.2]
	at org.springframework.boot.SpringApplication.refresh(SpringApplication.java:754) [spring-boot-3.2.2.jar:3.2.2]
	at org.springframework.boot.SpringApplication.refreshContext(SpringApplication.java:456) [spring-boot-3.2.2.jar:3.2.2]
	at org.springframework.boot.SpringApplication.run(SpringApplication.java:334) [spring-boot-3.2.2.jar:3.2.2]
	at org.springframework.boot.SpringApplication.run(SpringApplication.java:1354) [spring-boot-3.2.2.jar:3.2.2]
	at org.springframework.boot.SpringApplication.run(SpringApplication.java:1343) [spring-boot-3.2.2.jar:3.2.2]
	at ru.tomsknipineft.Main.main(Main.java:20) [classes/:?]
	at java.base/jdk.internal.reflect.DirectMethodHandleAccessor.invoke(DirectMethodHandleAccessor.java:104) ~[?:?]
	at java.base/java.lang.reflect.Method.invoke(Method.java:578) ~[?:?]
	at org.springframework.boot.devtools.restart.RestartLauncher.run(RestartLauncher.java:50) [spring-boot-devtools-3.2.2.jar:3.2.2]
2024-03-30T18:03:58.680+0700 INFO HHH000489: No JTA platform available (set 'hibernate.transaction.jta.platform' to enable JTA platform integration)
2024-03-30T18:03:58.719+0700 INFO Initialized JPA EntityManagerFactory for persistence unit 'default'
2024-03-30T18:03:59.104+0700 WARN spring.jpa.open-in-view is enabled by default. Therefore, database queries may be performed during view rendering. Explicitly configure spring.jpa.open-in-view to disable this warning
2024-03-30T18:03:59.119+0700 INFO Adding welcome page template: index
2024-03-30T18:03:59.363+0700 INFO LiveReload server is running on port 35729
2024-03-30T18:03:59.380+0700 INFO Starting ProtocolHandler ["http-nio-8080"]
2024-03-30T18:03:59.391+0700 INFO Tomcat started on port 8080 (http) with context path ''
2024-03-30T18:03:59.398+0700 INFO Started Main in 3.055 seconds (process running for 3.828)
2024-03-30T18:04:20.034+0700 INFO Initializing Spring DispatcherServlet 'dispatcherServlet'
2024-03-30T18:04:20.034+0700 INFO Initializing Servlet 'dispatcherServlet'
2024-03-30T18:04:20.035+0700 INFO Completed initialization in 1 ms
2024-03-30T18:04:29.530+0700 ERROR Servlet.service() for servlet [dispatcherServlet] in context with path [] threw exception [Request processing failed: jakarta.validation.GroupDefinitionException: HV000054: ru.tomsknipineft.entities.linearObjects.Line must be part of the redefined default group sequence.] with root cause
jakarta.validation.GroupDefinitionException: HV000054: ru.tomsknipineft.entities.linearObjects.Line must be part of the redefined default group sequence.
	at org.hibernate.validator.internal.metadata.aggregated.BeanMetaDataImpl.getValidDefaultGroupSequence(BeanMetaDataImpl.java:538) ~[hibernate-validator-8.0.1.Final.jar:8.0.1.Final]
	at org.hibernate.validator.internal.metadata.aggregated.BeanMetaDataImpl.getDefaultGroupSequence(BeanMetaDataImpl.java:329) ~[hibernate-validator-8.0.1.Final.jar:8.0.1.Final]
	at org.hibernate.validator.internal.metadata.aggregated.BeanMetaDataImpl.<init>(BeanMetaDataImpl.java:240) ~[hibernate-validator-8.0.1.Final.jar:8.0.1.Final]
	at org.hibernate.validator.internal.metadata.aggregated.BeanMetaDataBuilder.build(BeanMetaDataBuilder.java:136) ~[hibernate-validator-8.0.1.Final.jar:8.0.1.Final]
	at org.hibernate.validator.internal.metadata.BeanMetaDataManagerImpl.createBeanMetaData(BeanMetaDataManagerImpl.java:206) ~[hibernate-validator-8.0.1.Final.jar:8.0.1.Final]
	at org.hibernate.validator.internal.metadata.BeanMetaDataManagerImpl.getBeanMetaData(BeanMetaDataManagerImpl.java:165) ~[hibernate-validator-8.0.1.Final.jar:8.0.1.Final]
	at org.hibernate.validator.internal.engine.ValidatorImpl.buildNewLocalExecutionContext(ValidatorImpl.java:772) ~[hibernate-validator-8.0.1.Final.jar:8.0.1.Final]
	at org.hibernate.validator.internal.engine.ValidatorImpl.validateCascadedAnnotatedObjectForCurrentGroup(ValidatorImpl.java:627) ~[hibernate-validator-8.0.1.Final.jar:8.0.1.Final]
	at org.hibernate.validator.internal.engine.ValidatorImpl.validateCascadedConstraints(ValidatorImpl.java:590) ~[hibernate-validator-8.0.1.Final.jar:8.0.1.Final]
	at org.hibernate.validator.internal.engine.ValidatorImpl.validateInContext(ValidatorImpl.java:409) ~[hibernate-validator-8.0.1.Final.jar:8.0.1.Final]
	at org.hibernate.validator.internal.engine.ValidatorImpl.validate(ValidatorImpl.java:172) ~[hibernate-validator-8.0.1.Final.jar:8.0.1.Final]
	at org.springframework.validation.beanvalidation.SpringValidatorAdapter.validate(SpringValidatorAdapter.java:106) ~[spring-context-6.1.3.jar:6.1.3]
	at org.springframework.boot.autoconfigure.validation.ValidatorAdapter.validate(ValidatorAdapter.java:67) ~[spring-boot-autoconfigure-3.2.2.jar:3.2.2]
	at org.springframework.validation.DataBinder.validate(DataBinder.java:1264) ~[spring-context-6.1.3.jar:6.1.3]
	at org.springframework.web.method.annotation.ModelAttributeMethodProcessor.validateIfApplicable(ModelAttributeMethodProcessor.java:233) ~[spring-web-6.1.3.jar:6.1.3]
	at org.springframework.web.method.annotation.ModelAttributeMethodProcessor.resolveArgument(ModelAttributeMethodProcessor.java:155) ~[spring-web-6.1.3.jar:6.1.3]
	at org.springframework.web.method.support.HandlerMethodArgumentResolverComposite.resolveArgument(HandlerMethodArgumentResolverComposite.java:122) ~[spring-web-6.1.3.jar:6.1.3]
	at org.springframework.web.method.support.InvocableHandlerMethod.getMethodArgumentValues(InvocableHandlerMethod.java:225) ~[spring-web-6.1.3.jar:6.1.3]
	at org.springframework.web.method.support.InvocableHandlerMethod.invokeForRequest(InvocableHandlerMethod.java:178) ~[spring-web-6.1.3.jar:6.1.3]
	at org.springframework.web.servlet.mvc.method.annotation.ServletInvocableHandlerMethod.invokeAndHandle(ServletInvocableHandlerMethod.java:118) ~[spring-webmvc-6.1.3.jar:6.1.3]
	at org.springframework.web.servlet.mvc.method.annotation.RequestMappingHandlerAdapter.invokeHandlerMethod(RequestMappingHandlerAdapter.java:917) ~[spring-webmvc-6.1.3.jar:6.1.3]
	at org.springframework.web.servlet.mvc.method.annotation.RequestMappingHandlerAdapter.handleInternal(RequestMappingHandlerAdapter.java:829) ~[spring-webmvc-6.1.3.jar:6.1.3]
	at org.springframework.web.servlet.mvc.method.AbstractHandlerMethodAdapter.handle(AbstractHandlerMethodAdapter.java:87) ~[spring-webmvc-6.1.3.jar:6.1.3]
	at org.springframework.web.servlet.DispatcherServlet.doDispatch(DispatcherServlet.java:1089) ~[spring-webmvc-6.1.3.jar:6.1.3]
	at org.springframework.web.servlet.DispatcherServlet.doService(DispatcherServlet.java:979) ~[spring-webmvc-6.1.3.jar:6.1.3]
	at org.springframework.web.servlet.FrameworkServlet.processRequest(FrameworkServlet.java:1014) ~[spring-webmvc-6.1.3.jar:6.1.3]
	at org.springframework.web.servlet.FrameworkServlet.doPost(FrameworkServlet.java:914) ~[spring-webmvc-6.1.3.jar:6.1.3]
	at jakarta.servlet.http.HttpServlet.service(HttpServlet.java:590) ~[tomcat-embed-core-10.1.18.jar:6.0]
	at org.springframework.web.servlet.FrameworkServlet.service(FrameworkServlet.java:885) ~[spring-webmvc-6.1.3.jar:6.1.3]
	at jakarta.servlet.http.HttpServlet.service(HttpServlet.java:658) ~[tomcat-embed-core-10.1.18.jar:6.0]
	at org.apache.catalina.core.ApplicationFilterChain.internalDoFilter(ApplicationFilterChain.java:205) ~[tomcat-embed-core-10.1.18.jar:10.1.18]
	at org.apache.catalina.core.ApplicationFilterChain.doFilter(ApplicationFilterChain.java:149) ~[tomcat-embed-core-10.1.18.jar:10.1.18]
	at org.apache.tomcat.websocket.server.WsFilter.doFilter(WsFilter.java:51) ~[tomcat-embed-websocket-10.1.18.jar:10.1.18]
	at org.apache.catalina.core.ApplicationFilterChain.internalDoFilter(ApplicationFilterChain.java:174) ~[tomcat-embed-core-10.1.18.jar:10.1.18]
	at org.apache.catalina.core.ApplicationFilterChain.doFilter(ApplicationFilterChain.java:149) ~[tomcat-embed-core-10.1.18.jar:10.1.18]
	at org.springframework.web.filter.RequestContextFilter.doFilterInternal(RequestContextFilter.java:100) ~[spring-web-6.1.3.jar:6.1.3]
	at org.springframework.web.filter.OncePerRequestFilter.doFilter(OncePerRequestFilter.java:116) ~[spring-web-6.1.3.jar:6.1.3]
	at org.apache.catalina.core.ApplicationFilterChain.internalDoFilter(ApplicationFilterChain.java:174) ~[tomcat-embed-core-10.1.18.jar:10.1.18]
	at org.apache.catalina.core.ApplicationFilterChain.doFilter(ApplicationFilterChain.java:149) ~[tomcat-embed-core-10.1.18.jar:10.1.18]
	at org.springframework.web.filter.FormContentFilter.doFilterInternal(FormContentFilter.java:93) ~[spring-web-6.1.3.jar:6.1.3]
	at org.springframework.web.filter.OncePerRequestFilter.doFilter(OncePerRequestFilter.java:116) ~[spring-web-6.1.3.jar:6.1.3]
	at org.apache.catalina.core.ApplicationFilterChain.internalDoFilter(ApplicationFilterChain.java:174) ~[tomcat-embed-core-10.1.18.jar:10.1.18]
	at org.apache.catalina.core.ApplicationFilterChain.doFilter(ApplicationFilterChain.java:149) ~[tomcat-embed-core-10.1.18.jar:10.1.18]
	at org.springframework.web.filter.CharacterEncodingFilter.doFilterInternal(CharacterEncodingFilter.java:201) ~[spring-web-6.1.3.jar:6.1.3]
	at org.springframework.web.filter.OncePerRequestFilter.doFilter(OncePerRequestFilter.java:116) ~[spring-web-6.1.3.jar:6.1.3]
	at org.apache.catalina.core.ApplicationFilterChain.internalDoFilter(ApplicationFilterChain.java:174) ~[tomcat-embed-core-10.1.18.jar:10.1.18]
	at org.apache.catalina.core.ApplicationFilterChain.doFilter(ApplicationFilterChain.java:149) ~[tomcat-embed-core-10.1.18.jar:10.1.18]
	at org.apache.catalina.core.StandardWrapperValve.invoke(StandardWrapperValve.java:167) [tomcat-embed-core-10.1.18.jar:10.1.18]
	at org.apache.catalina.core.StandardContextValve.invoke(StandardContextValve.java:90) [tomcat-embed-core-10.1.18.jar:10.1.18]
	at org.apache.catalina.authenticator.AuthenticatorBase.invoke(AuthenticatorBase.java:482) [tomcat-embed-core-10.1.18.jar:10.1.18]
	at org.apache.catalina.core.StandardHostValve.invoke(StandardHostValve.java:115) [tomcat-embed-core-10.1.18.jar:10.1.18]
	at org.apache.catalina.valves.ErrorReportValve.invoke(ErrorReportValve.java:93) [tomcat-embed-core-10.1.18.jar:10.1.18]
	at org.apache.catalina.core.StandardEngineValve.invoke(StandardEngineValve.java:74) [tomcat-embed-core-10.1.18.jar:10.1.18]
	at org.apache.catalina.connector.CoyoteAdapter.service(CoyoteAdapter.java:340) [tomcat-embed-core-10.1.18.jar:10.1.18]
	at org.apache.coyote.http11.Http11Processor.service(Http11Processor.java:391) [tomcat-embed-core-10.1.18.jar:10.1.18]
	at org.apache.coyote.AbstractProcessorLight.process(AbstractProcessorLight.java:63) [tomcat-embed-core-10.1.18.jar:10.1.18]
	at org.apache.coyote.AbstractProtocol$ConnectionHandler.process(AbstractProtocol.java:896) [tomcat-embed-core-10.1.18.jar:10.1.18]
	at org.apache.tomcat.util.net.NioEndpoint$SocketProcessor.doRun(NioEndpoint.java:1744) [tomcat-embed-core-10.1.18.jar:10.1.18]
	at org.apache.tomcat.util.net.SocketProcessorBase.run(SocketProcessorBase.java:52) [tomcat-embed-core-10.1.18.jar:10.1.18]
	at org.apache.tomcat.util.threads.ThreadPoolExecutor.runWorker(ThreadPoolExecutor.java:1191) [tomcat-embed-core-10.1.18.jar:10.1.18]
	at org.apache.tomcat.util.threads.ThreadPoolExecutor$Worker.run(ThreadPoolExecutor.java:659) [tomcat-embed-core-10.1.18.jar:10.1.18]
	at org.apache.tomcat.util.threads.TaskThread$WrappingRunnable.run(TaskThread.java:61) [tomcat-embed-core-10.1.18.jar:10.1.18]
	at java.base/java.lang.Thread.run(Thread.java:1589) [?:?]
2024-03-30T18:05:10.225+0700 INFO Restarting due to 1 class path change (0 additions, 1 deletion, 0 modifications)
2024-03-30T18:05:10.229+0700 INFO Stopping ProtocolHandler ["http-nio-8080"]
2024-03-30T18:05:10.244+0700 INFO Closing JPA EntityManagerFactory for persistence unit 'default'
2024-03-30T18:05:10.259+0700 WARN Invocation of destroy method failed on bean with name 'inMemoryDatabaseShutdownExecutor': org.h2.jdbc.JdbcSQLNonTransientConnectionException: База данных уже закрыта (чтобы отключить автоматическое закрытие базы данных при останове JVM, добавьте ";DB_CLOSE_ON_EXIT=FALSE" в URL)
Database is already closed (to disable automatic closing at VM shutdown, add ";DB_CLOSE_ON_EXIT=FALSE" to the db URL) [90121-224]
2024-03-30T18:05:10.259+0700 INFO HikariPool-1 - Shutdown initiated...
2024-03-30T18:05:10.261+0700 INFO HikariPool-1 - Shutdown completed.
2024-03-30T18:05:10.311+0700 INFO info message
2024-03-30T18:05:10.311+0700 ERROR info message
2024-03-30T18:05:10.352+0700 INFO Starting Main using Java 19.0.1 with PID 12244 (E:\MyJob\calendar_api\target\classes started by Тагир in E:\MyJob\calendar_api)
2024-03-30T18:05:10.352+0700 INFO No active profile set, falling back to 1 default profile: "default"
2024-03-30T18:05:10.513+0700 INFO Bootstrapping Spring Data JPA repositories in DEFAULT mode.
2024-03-30T18:05:10.529+0700 INFO Finished Spring Data repository scanning in 15 ms. Found 8 JPA repository interfaces.
2024-03-30T18:05:10.596+0700 INFO Tomcat initialized with port 8080 (http)
2024-03-30T18:05:10.597+0700 INFO Initializing ProtocolHandler ["http-nio-8080"]
2024-03-30T18:05:10.597+0700 INFO Starting service [Tomcat]
2024-03-30T18:05:10.598+0700 INFO Starting Servlet engine: [Apache Tomcat/10.1.18]
2024-03-30T18:05:10.606+0700 INFO Initializing Spring embedded WebApplicationContext
2024-03-30T18:05:10.607+0700 INFO Root WebApplicationContext: initialization completed in 253 ms
2024-03-30T18:05:10.614+0700 INFO HikariPool-2 - Starting...
2024-03-30T18:05:10.617+0700 INFO HikariPool-2 - Added connection conn10: url=jdbc:h2:mem:testdb user=SA
2024-03-30T18:05:10.617+0700 INFO HikariPool-2 - Start completed.
2024-03-30T18:05:10.617+0700 INFO H2 console available at '/h2-console'. Database available at 'jdbc:h2:mem:testdb'
2024-03-30T18:05:10.637+0700 INFO HHH000204: Processing PersistenceUnitInfo [name: default]
2024-03-30T18:05:10.639+0700 INFO HHH000026: Second-level cache disabled
2024-03-30T18:05:10.641+0700 INFO No LoadTimeWeaver setup: ignoring JPA class transformer
2024-03-30T18:05:10.642+0700 WARN HHH90000025: H2Dialect does not need to be specified explicitly using 'hibernate.dialect' (remove the property setting and it will be selected by default)
2024-03-30T18:05:10.677+0700 WARN HHH000274: Unable to apply constraints on DDL for ru.tomsknipineft.entities.linearObjects.Line
java.lang.TypeNotPresentException: Type ru.tomsknipineft.utils.entityValidator.LineGroupSequenceProvider not present
	at java.base/sun.reflect.annotation.TypeNotPresentExceptionProxy.generateException(TypeNotPresentExceptionProxy.java:47) ~[?:?]
	at java.base/sun.reflect.annotation.AnnotationInvocationHandler.invoke(AnnotationInvocationHandler.java:89) ~[?:?]
	at jdk.proxy2/jdk.proxy2.$Proxy105.value(Unknown Source) ~[?:?]
	at org.hibernate.validator.internal.metadata.provider.AnnotationMetaDataProvider.getDefaultGroupSequenceProvider(AnnotationMetaDataProvider.java:165) ~[hibernate-validator-8.0.1.Final.jar:8.0.1.Final]
	at org.hibernate.validator.internal.metadata.provider.AnnotationMetaDataProvider.retrieveBeanConfiguration(AnnotationMetaDataProvider.java:150) ~[hibernate-validator-8.0.1.Final.jar:8.0.1.Final]
	at org.hibernate.validator.internal.metadata.provider.AnnotationMetaDataProvider.getBeanConfiguration(AnnotationMetaDataProvider.java:121) ~[hibernate-validator-8.0.1.Final.jar:8.0.1.Final]
	at org.hibernate.validator.internal.metadata.BeanMetaDataManagerImpl.getBeanConfigurationForHierarchy(BeanMetaDataManagerImpl.java:234) ~[hibernate-validator-8.0.1.Final.jar:8.0.1.Final]
	at org.hibernate.validator.internal.metadata.BeanMetaDataManagerImpl.createBeanMetaData(BeanMetaDataManagerImpl.java:201) ~[hibernate-validator-8.0.1.Final.jar:8.0.1.Final]
	at org.hibernate.validator.internal.metadata.BeanMetaDataManagerImpl.getBeanMetaData(BeanMetaDataManagerImpl.java:165) ~[hibernate-validator-8.0.1.Final.jar:8.0.1.Final]
	at org.hibernate.validator.internal.engine.ValidatorImpl.getConstraintsForClass(ValidatorImpl.java:316) ~[hibernate-validator-8.0.1.Final.jar:8.0.1.Final]
	at org.hibernate.boot.beanvalidation.TypeSafeActivator.applyDDL(TypeSafeActivator.java:205) ~[hibernate-core-6.4.1.Final.jar:6.4.1.Final]
	at org.hibernate.boot.beanvalidation.TypeSafeActivator.applyRelationalConstraints(TypeSafeActivator.java:189) ~[hibernate-core-6.4.1.Final.jar:6.4.1.Final]
	at org.hibernate.boot.beanvalidation.TypeSafeActivator.applyRelationalConstraints(TypeSafeActivator.java:148) ~[hibernate-core-6.4.1.Final.jar:6.4.1.Final]
	at org.hibernate.boot.beanvalidation.TypeSafeActivator.activate(TypeSafeActivator.java:97) ~[hibernate-core-6.4.1.Final.jar:6.4.1.Final]
	at java.base/jdk.internal.reflect.DirectMethodHandleAccessor.invoke(DirectMethodHandleAccessor.java:104) ~[?:?]
	at java.base/java.lang.reflect.Method.invoke(Method.java:578) ~[?:?]
	at org.hibernate.boot.beanvalidation.BeanValidationIntegrator.integrate(BeanValidationIntegrator.java:139) ~[hibernate-core-6.4.1.Final.jar:6.4.1.Final]
	at org.hibernate.internal.SessionFactoryImpl.integrate(SessionFactoryImpl.java:506) ~[hibernate-core-6.4.1.Final.jar:6.4.1.Final]
	at org.hibernate.internal.SessionFactoryImpl.<init>(SessionFactoryImpl.java:269) ~[hibernate-core-6.4.1.Final.jar:6.4.1.Final]
	at org.hibernate.boot.internal.SessionFactoryBuilderImpl.build(SessionFactoryBuilderImpl.java:450) ~[hibernate-core-6.4.1.Final.jar:6.4.1.Final]
	at org.hibernate.jpa.boot.internal.EntityManagerFactoryBuilderImpl.build(EntityManagerFactoryBuilderImpl.java:1507) ~[hibernate-core-6.4.1.Final.jar:6.4.1.Final]
	at org.springframework.orm.jpa.vendor.SpringHibernateJpaPersistenceProvider.createContainerEntityManagerFactory(SpringHibernateJpaPersistenceProvider.java:75) ~[spring-orm-6.1.3.jar:6.1.3]
	at org.springframework.orm.jpa.LocalContainerEntityManagerFactoryBean.createNativeEntityManagerFactory(LocalContainerEntityManagerFactoryBean.java:376) ~[spring-orm-6.1.3.jar:6.1.3]
	at org.springframework.orm.jpa.AbstractEntityManagerFactoryBean.buildNativeEntityManagerFactory(AbstractEntityManagerFactoryBean.java:409) ~[spring-orm-6.1.3.jar:6.1.3]
	at org.springframework.orm.jpa.AbstractEntityManagerFactoryBean.afterPropertiesSet(AbstractEntityManagerFactoryBean.java:396) ~[spring-orm-6.1.3.jar:6.1.3]
	at org.springframework.orm.jpa.LocalContainerEntityManagerFactoryBean.afterPropertiesSet(LocalContainerEntityManagerFactoryBean.java:352) ~[spring-orm-6.1.3.jar:6.1.3]
	at org.springframework.beans.factory.support.AbstractAutowireCapableBeanFactory.invokeInitMethods(AbstractAutowireCapableBeanFactory.java:1820) ~[spring-beans-6.1.3.jar:6.1.3]
	at org.springframework.beans.factory.support.AbstractAutowireCapableBeanFactory.initializeBean(AbstractAutowireCapableBeanFactory.java:1769) ~[spring-beans-6.1.3.jar:6.1.3]
	at org.springframework.beans.factory.support.AbstractAutowireCapableBeanFactory.doCreateBean(AbstractAutowireCapableBeanFactory.java:599) ~[spring-beans-6.1.3.jar:6.1.3]
	at org.springframework.beans.factory.support.AbstractAutowireCapableBeanFactory.createBean(AbstractAutowireCapableBeanFactory.java:521) ~[spring-beans-6.1.3.jar:6.1.3]
	at org.springframework.beans.factory.support.AbstractBeanFactory.lambda$doGetBean$0(AbstractBeanFactory.java:325) ~[spring-beans-6.1.3.jar:6.1.3]
	at org.springframework.beans.factory.support.DefaultSingletonBeanRegistry.getSingleton(DefaultSingletonBeanRegistry.java:234) [spring-beans-6.1.3.jar:6.1.3]
	at org.springframework.beans.factory.support.AbstractBeanFactory.doGetBean(AbstractBeanFactory.java:323) [spring-beans-6.1.3.jar:6.1.3]
	at org.springframework.beans.factory.support.AbstractBeanFactory.getBean(AbstractBeanFactory.java:199) [spring-beans-6.1.3.jar:6.1.3]
	at org.springframework.context.support.AbstractApplicationContext.getBean(AbstractApplicationContext.java:1231) [spring-context-6.1.3.jar:6.1.3]
	at org.springframework.context.support.AbstractApplicationContext.finishBeanFactoryInitialization(AbstractApplicationContext.java:949) [spring-context-6.1.3.jar:6.1.3]
	at org.springframework.context.support.AbstractApplicationContext.refresh(AbstractApplicationContext.java:624) [spring-context-6.1.3.jar:6.1.3]
	at org.springframework.boot.web.servlet.context.ServletWebServerApplicationContext.refresh(ServletWebServerApplicationContext.java:146) [spring-boot-3.2.2.jar:3.2.2]
	at org.springframework.boot.SpringApplication.refresh(SpringApplication.java:754) [spring-boot-3.2.2.jar:3.2.2]
	at org.springframework.boot.SpringApplication.refreshContext(SpringApplication.java:456) [spring-boot-3.2.2.jar:3.2.2]
	at org.springframework.boot.SpringApplication.run(SpringApplication.java:334) [spring-boot-3.2.2.jar:3.2.2]
	at org.springframework.boot.SpringApplication.run(SpringApplication.java:1354) [spring-boot-3.2.2.jar:3.2.2]
	at org.springframework.boot.SpringApplication.run(SpringApplication.java:1343) [spring-boot-3.2.2.jar:3.2.2]
	at ru.tomsknipineft.Main.main(Main.java:20) [classes/:?]
	at java.base/jdk.internal.reflect.DirectMethodHandleAccessor.invoke(DirectMethodHandleAccessor.java:104) ~[?:?]
	at java.base/java.lang.reflect.Method.invoke(Method.java:578) ~[?:?]
	at org.springframework.boot.devtools.restart.RestartLauncher.run(RestartLauncher.java:50) [spring-boot-devtools-3.2.2.jar:3.2.2]
Caused by: java.lang.ClassNotFoundException: ru.tomsknipineft.utils.entityValidator.LineGroupSequenceProvider
	at java.base/jdk.internal.loader.BuiltinClassLoader.loadClass(BuiltinClassLoader.java:641) ~[?:?]
	at java.base/jdk.internal.loader.ClassLoaders$AppClassLoader.loadClass(ClassLoaders.java:188) ~[?:?]
	at java.base/java.lang.ClassLoader.loadClass(ClassLoader.java:521) ~[?:?]
	at java.base/java.lang.Class.forName0(Native Method) ~[?:?]
	at java.base/java.lang.Class.forName(Class.java:495) ~[?:?]
	at java.base/java.lang.Class.forName(Class.java:474) ~[?:?]
	at org.springframework.boot.devtools.restart.classloader.RestartClassLoader.loadClass(RestartClassLoader.java:121) ~[spring-boot-devtools-3.2.2.jar:3.2.2]
	at java.base/java.lang.ClassLoader.loadClass(ClassLoader.java:521) ~[?:?]
	at java.base/java.lang.Class.forName0(Native Method) ~[?:?]
	at java.base/java.lang.Class.forName(Class.java:495) ~[?:?]
	at java.base/java.lang.Class.forName(Class.java:474) ~[?:?]
	at java.base/sun.reflect.generics.factory.CoreReflectionFactory.makeNamedType(CoreReflectionFactory.java:114) ~[?:?]
	at java.base/sun.reflect.generics.visitor.Reifier.visitClassTypeSignature(Reifier.java:125) ~[?:?]
	at java.base/sun.reflect.generics.tree.ClassTypeSignature.accept(ClassTypeSignature.java:49) ~[?:?]
	at java.base/sun.reflect.annotation.AnnotationParser.parseSig(AnnotationParser.java:441) ~[?:?]
	at java.base/sun.reflect.annotation.AnnotationParser.parseClassValue(AnnotationParser.java:427) ~[?:?]
	at java.base/sun.reflect.annotation.AnnotationParser.parseMemberValue(AnnotationParser.java:346) ~[?:?]
	at java.base/sun.reflect.annotation.AnnotationParser.parseAnnotation2(AnnotationParser.java:282) ~[?:?]
	at java.base/sun.reflect.annotation.AnnotationParser.parseAnnotations2(AnnotationParser.java:121) ~[?:?]
	at java.base/sun.reflect.annotation.AnnotationParser.parseAnnotations(AnnotationParser.java:73) ~[?:?]
	at java.base/java.lang.Class.createAnnotationData(Class.java:4125) ~[?:?]
	at java.base/java.lang.Class.annotationData(Class.java:4114) ~[?:?]
	at java.base/java.lang.Class.getAnnotation(Class.java:3997) ~[?:?]
	at java.base/java.lang.reflect.AnnotatedElement.isAnnotationPresent(AnnotatedElement.java:292) ~[?:?]
	at java.base/java.lang.Class.isAnnotationPresent(Class.java:4007) ~[?:?]
	at org.hibernate.annotations.common.reflection.java.JavaAnnotationReader.isAnnotationPresent(JavaAnnotationReader.java:33) ~[hibernate-commons-annotations-6.0.6.Final.jar:6.0.6.Final]
	at org.hibernate.annotations.common.reflection.java.JavaXAnnotatedElement.isAnnotationPresent(JavaXAnnotatedElement.java:43) ~[hibernate-commons-annotations-6.0.6.Final.jar:6.0.6.Final]
	at org.hibernate.boot.model.source.internal.annotations.AnnotationMetadataSourceProcessorImpl.categorizeAnnotatedClass(AnnotationMetadataSourceProcessorImpl.java:162) ~[hibernate-core-6.4.1.Final.jar:6.4.1.Final]
	at org.hibernate.boot.model.source.internal.annotations.AnnotationMetadataSourceProcessorImpl.<init>(AnnotationMetadataSourceProcessorImpl.java:103) ~[hibernate-core-6.4.1.Final.jar:6.4.1.Final]
	at org.hibernate.boot.model.process.spi.MetadataBuildingProcess$1.<init>(MetadataBuildingProcess.java:204) ~[hibernate-core-6.4.1.Final.jar:6.4.1.Final]
	at org.hibernate.boot.model.process.spi.MetadataBuildingProcess.complete(MetadataBuildingProcess.java:198) ~[hibernate-core-6.4.1.Final.jar:6.4.1.Final]
	at org.hibernate.jpa.boot.internal.EntityManagerFactoryBuilderImpl.metadata(EntityManagerFactoryBuilderImpl.java:1432) ~[hibernate-core-6.4.1.Final.jar:6.4.1.Final]
	at org.hibernate.jpa.boot.internal.EntityManagerFactoryBuilderImpl.build(EntityManagerFactoryBuilderImpl.java:1503) ~[hibernate-core-6.4.1.Final.jar:6.4.1.Final]
	... 26 more
2024-03-30T18:05:10.790+0700 INFO HHH000489: No JTA platform available (set 'hibernate.transaction.jta.platform' to enable JTA platform integration)
2024-03-30T18:05:10.808+0700 INFO Initialized JPA EntityManagerFactory for persistence unit 'default'
2024-03-30T18:05:11.013+0700 WARN spring.jpa.open-in-view is enabled by default. Therefore, database queries may be performed during view rendering. Explicitly configure spring.jpa.open-in-view to disable this warning
2024-03-30T18:05:11.018+0700 INFO Adding welcome page template: index
2024-03-30T18:05:11.100+0700 INFO LiveReload server is running on port 35729
2024-03-30T18:05:11.108+0700 INFO Starting ProtocolHandler ["http-nio-8080"]
2024-03-30T18:05:11.110+0700 INFO Tomcat started on port 8080 (http) with context path ''
2024-03-30T18:05:11.115+0700 INFO Started Main in 0.801 seconds (process running for 75.544)
2024-03-30T18:05:11.116+0700 INFO Condition evaluation unchanged
2024-03-30T18:05:11.532+0700 INFO Initializing Spring DispatcherServlet 'dispatcherServlet'
2024-03-30T18:05:11.532+0700 INFO Initializing Servlet 'dispatcherServlet'
2024-03-30T18:05:11.533+0700 INFO Completed initialization in 1 ms
2024-03-30T18:05:12.530+0700 INFO Restarting due to 2 class path changes (1 addition, 1 deletion, 0 modifications)
2024-03-30T18:05:12.531+0700 INFO Stopping ProtocolHandler ["http-nio-8080"]
2024-03-30T18:05:12.538+0700 INFO Closing JPA EntityManagerFactory for persistence unit 'default'
2024-03-30T18:05:12.541+0700 WARN Invocation of destroy method failed on bean with name 'inMemoryDatabaseShutdownExecutor': org.h2.jdbc.JdbcSQLNonTransientConnectionException: База данных уже закрыта (чтобы отключить автоматическое закрытие базы данных при останове JVM, добавьте ";DB_CLOSE_ON_EXIT=FALSE" в URL)
Database is already closed (to disable automatic closing at VM shutdown, add ";DB_CLOSE_ON_EXIT=FALSE" to the db URL) [90121-224]
2024-03-30T18:05:12.541+0700 INFO HikariPool-2 - Shutdown initiated...
2024-03-30T18:05:12.541+0700 INFO HikariPool-2 - Shutdown completed.
2024-03-30T18:05:12.579+0700 INFO info message
2024-03-30T18:05:12.579+0700 ERROR info message
2024-03-30T18:05:12.606+0700 INFO Starting Main using Java 19.0.1 with PID 12244 (E:\MyJob\calendar_api\target\classes started by Тагир in E:\MyJob\calendar_api)
2024-03-30T18:05:12.606+0700 INFO No active profile set, falling back to 1 default profile: "default"
2024-03-30T18:05:12.679+0700 INFO Bootstrapping Spring Data JPA repositories in DEFAULT mode.
2024-03-30T18:05:12.692+0700 INFO Finished Spring Data repository scanning in 12 ms. Found 8 JPA repository interfaces.
2024-03-30T18:05:12.760+0700 INFO Tomcat initialized with port 8080 (http)
2024-03-30T18:05:12.761+0700 INFO Initializing ProtocolHandler ["http-nio-8080"]
2024-03-30T18:05:12.761+0700 INFO Starting service [Tomcat]
2024-03-30T18:05:12.761+0700 INFO Starting Servlet engine: [Apache Tomcat/10.1.18]
2024-03-30T18:05:12.771+0700 INFO Initializing Spring embedded WebApplicationContext
2024-03-30T18:05:12.772+0700 INFO Root WebApplicationContext: initialization completed in 165 ms
2024-03-30T18:05:12.780+0700 INFO HikariPool-3 - Starting...
2024-03-30T18:05:12.782+0700 INFO HikariPool-3 - Added connection conn20: url=jdbc:h2:mem:testdb user=SA
2024-03-30T18:05:12.782+0700 INFO HikariPool-3 - Start completed.
2024-03-30T18:05:12.782+0700 INFO H2 console available at '/h2-console'. Database available at 'jdbc:h2:mem:testdb'
2024-03-30T18:05:12.797+0700 INFO HHH000204: Processing PersistenceUnitInfo [name: default]
2024-03-30T18:05:12.799+0700 INFO HHH000026: Second-level cache disabled
2024-03-30T18:05:12.801+0700 INFO No LoadTimeWeaver setup: ignoring JPA class transformer
2024-03-30T18:05:12.802+0700 WARN HHH90000025: H2Dialect does not need to be specified explicitly using 'hibernate.dialect' (remove the property setting and it will be selected by default)
2024-03-30T18:05:12.907+0700 INFO HHH000489: No JTA platform available (set 'hibernate.transaction.jta.platform' to enable JTA platform integration)
2024-03-30T18:05:12.915+0700 INFO Initialized JPA EntityManagerFactory for persistence unit 'default'
2024-03-30T18:05:13.034+0700 WARN spring.jpa.open-in-view is enabled by default. Therefore, database queries may be performed during view rendering. Explicitly configure spring.jpa.open-in-view to disable this warning
2024-03-30T18:05:13.040+0700 INFO Adding welcome page template: index
2024-03-30T18:05:13.111+0700 INFO LiveReload server is running on port 35729
2024-03-30T18:05:13.120+0700 INFO Starting ProtocolHandler ["http-nio-8080"]
2024-03-30T18:05:13.125+0700 INFO Tomcat started on port 8080 (http) with context path ''
2024-03-30T18:05:13.133+0700 INFO Started Main in 0.552 seconds (process running for 77.562)
2024-03-30T18:05:13.135+0700 INFO Condition evaluation unchanged
2024-03-30T18:05:14.550+0700 INFO Restarting due to 1 class path change (1 addition, 0 deletions, 0 modifications)
2024-03-30T18:05:14.553+0700 INFO Stopping ProtocolHandler ["http-nio-8080"]
2024-03-30T18:05:14.565+0700 INFO Closing JPA EntityManagerFactory for persistence unit 'default'
2024-03-30T18:05:14.569+0700 WARN Invocation of destroy method failed on bean with name 'inMemoryDatabaseShutdownExecutor': org.h2.jdbc.JdbcSQLNonTransientConnectionException: База данных уже закрыта (чтобы отключить автоматическое закрытие базы данных при останове JVM, добавьте ";DB_CLOSE_ON_EXIT=FALSE" в URL)
Database is already closed (to disable automatic closing at VM shutdown, add ";DB_CLOSE_ON_EXIT=FALSE" to the db URL) [90121-224]
2024-03-30T18:05:14.569+0700 INFO HikariPool-3 - Shutdown initiated...
2024-03-30T18:05:14.570+0700 INFO HikariPool-3 - Shutdown completed.
2024-03-30T18:05:14.605+0700 INFO info message
2024-03-30T18:05:14.605+0700 ERROR info message
2024-03-30T18:05:14.634+0700 INFO Starting Main using Java 19.0.1 with PID 12244 (E:\MyJob\calendar_api\target\classes started by Тагир in E:\MyJob\calendar_api)
2024-03-30T18:05:14.635+0700 INFO No active profile set, falling back to 1 default profile: "default"
2024-03-30T18:05:14.730+0700 INFO Bootstrapping Spring Data JPA repositories in DEFAULT mode.
2024-03-30T18:05:14.741+0700 INFO Finished Spring Data repository scanning in 10 ms. Found 8 JPA repository interfaces.
2024-03-30T18:05:14.779+0700 INFO Tomcat initialized with port 8080 (http)
2024-03-30T18:05:14.779+0700 INFO Initializing ProtocolHandler ["http-nio-8080"]
2024-03-30T18:05:14.780+0700 INFO Starting service [Tomcat]
2024-03-30T18:05:14.780+0700 INFO Starting Servlet engine: [Apache Tomcat/10.1.18]
2024-03-30T18:05:14.788+0700 INFO Initializing Spring embedded WebApplicationContext
2024-03-30T18:05:14.788+0700 INFO Root WebApplicationContext: initialization completed in 151 ms
2024-03-30T18:05:14.798+0700 INFO HikariPool-4 - Starting...
2024-03-30T18:05:14.800+0700 INFO HikariPool-4 - Added connection conn30: url=jdbc:h2:mem:testdb user=SA
2024-03-30T18:05:14.800+0700 INFO HikariPool-4 - Start completed.
2024-03-30T18:05:14.800+0700 INFO H2 console available at '/h2-console'. Database available at 'jdbc:h2:mem:testdb'
2024-03-30T18:05:14.821+0700 INFO HHH000204: Processing PersistenceUnitInfo [name: default]
2024-03-30T18:05:14.823+0700 INFO HHH000026: Second-level cache disabled
2024-03-30T18:05:14.827+0700 INFO No LoadTimeWeaver setup: ignoring JPA class transformer
2024-03-30T18:05:14.828+0700 WARN HHH90000025: H2Dialect does not need to be specified explicitly using 'hibernate.dialect' (remove the property setting and it will be selected by default)
2024-03-30T18:05:14.919+0700 INFO HHH000489: No JTA platform available (set 'hibernate.transaction.jta.platform' to enable JTA platform integration)
2024-03-30T18:05:14.928+0700 INFO Initialized JPA EntityManagerFactory for persistence unit 'default'
2024-03-30T18:05:15.118+0700 WARN spring.jpa.open-in-view is enabled by default. Therefore, database queries may be performed during view rendering. Explicitly configure spring.jpa.open-in-view to disable this warning
2024-03-30T18:05:15.124+0700 INFO Adding welcome page template: index
2024-03-30T18:05:15.202+0700 INFO LiveReload server is running on port 35729
2024-03-30T18:05:15.211+0700 INFO Starting ProtocolHandler ["http-nio-8080"]
2024-03-30T18:05:15.214+0700 INFO Tomcat started on port 8080 (http) with context path ''
2024-03-30T18:05:15.218+0700 INFO Started Main in 0.611 seconds (process running for 79.649)
2024-03-30T18:05:15.219+0700 INFO Condition evaluation unchanged
2024-03-30T18:05:18.032+0700 INFO Initializing Spring DispatcherServlet 'dispatcherServlet'
2024-03-30T18:05:18.032+0700 INFO Initializing Servlet 'dispatcherServlet'
2024-03-30T18:05:18.033+0700 INFO Completed initialization in 1 ms
2024-03-30T18:05:18.104+0700 INFO Эта запись будет залогирована тоже
2024-03-30T18:05:18.213+0700 INFO Эта запись будет залогирована
2024-03-30T18:05:40.771+0700 INFO Эта запись будет залогирована тоже
2024-03-30T18:05:40.786+0700 INFO Эта запись будет залогирована
2024-03-30T18:05:52.900+0700 INFO Closing JPA EntityManagerFactory for persistence unit 'default'
2024-03-30T18:05:52.901+0700 WARN Invocation of destroy method failed on bean with name 'inMemoryDatabaseShutdownExecutor': org.h2.jdbc.JdbcSQLNonTransientConnectionException: База данных уже закрыта (чтобы отключить автоматическое закрытие базы данных при останове JVM, добавьте ";DB_CLOSE_ON_EXIT=FALSE" в URL)
Database is already closed (to disable automatic closing at VM shutdown, add ";DB_CLOSE_ON_EXIT=FALSE" to the db URL) [90121-224]
2024-03-30T18:05:52.901+0700 INFO HikariPool-4 - Shutdown initiated...
2024-03-30T18:05:52.901+0700 INFO HikariPool-4 - Shutdown completed.
