2024-03-31T16:50:24.670+0700 INFO info message
2024-03-31T16:50:24.686+0700 ERROR info message
2024-03-31T16:50:24.748+0700 INFO info message
2024-03-31T16:50:24.748+0700 ERROR info message
2024-03-31T16:50:24.994+0700 INFO HV000001: Hibernate Validator 8.0.1.Final
2024-03-31T16:50:25.029+0700 INFO Starting Main using Java 19.0.1 with PID 14048 (E:\MyJob\calendar_api\target\classes started by Тагир in E:\MyJob\calendar_api)
2024-03-31T16:50:25.029+0700 INFO No active profile set, falling back to 1 default profile: "default"
2024-03-31T16:50:25.076+0700 INFO Devtools property defaults active! Set 'spring.devtools.add-properties' to 'false' to disable
2024-03-31T16:50:25.076+0700 INFO For additional web related logging consider setting the 'logging.level.web' property to 'DEBUG'
2024-03-31T16:50:25.594+0700 INFO Bootstrapping Spring Data JPA repositories in DEFAULT mode.
2024-03-31T16:50:25.656+0700 INFO Finished Spring Data repository scanning in 59 ms. Found 10 JPA repository interfaces.
2024-03-31T16:50:26.047+0700 INFO Tomcat initialized with port 8080 (http)
2024-03-31T16:50:26.063+0700 INFO Initializing ProtocolHandler ["http-nio-8080"]
2024-03-31T16:50:26.063+0700 INFO Starting service [Tomcat]
2024-03-31T16:50:26.063+0700 INFO Starting Servlet engine: [Apache Tomcat/10.1.18]
2024-03-31T16:50:26.094+0700 INFO Initializing Spring embedded WebApplicationContext
2024-03-31T16:50:26.094+0700 INFO Root WebApplicationContext: initialization completed in 1018 ms
2024-03-31T16:50:26.125+0700 INFO HikariPool-1 - Starting...
2024-03-31T16:50:26.188+0700 INFO HikariPool-1 - Added connection conn0: url=jdbc:h2:mem:testdb user=SA
2024-03-31T16:50:26.188+0700 INFO HikariPool-1 - Start completed.
2024-03-31T16:50:26.203+0700 INFO H2 console available at '/h2-console'. Database available at 'jdbc:h2:mem:testdb'
2024-03-31T16:50:26.281+0700 INFO HHH000204: Processing PersistenceUnitInfo [name: default]
2024-03-31T16:50:26.313+0700 INFO HHH000412: Hibernate ORM core version 6.4.1.Final
2024-03-31T16:50:26.344+0700 INFO HHH000026: Second-level cache disabled
2024-03-31T16:50:26.453+0700 INFO No LoadTimeWeaver setup: ignoring JPA class transformer
2024-03-31T16:50:26.485+0700 WARN HHH90000025: H2Dialect does not need to be specified explicitly using 'hibernate.dialect' (remove the property setting and it will be selected by default)
2024-03-31T16:50:27.219+0700 INFO HHH000489: No JTA platform available (set 'hibernate.transaction.jta.platform' to enable JTA platform integration)
2024-03-31T16:50:27.266+0700 INFO Initialized JPA EntityManagerFactory for persistence unit 'default'
2024-03-31T16:50:27.656+0700 WARN spring.jpa.open-in-view is enabled by default. Therefore, database queries may be performed during view rendering. Explicitly configure spring.jpa.open-in-view to disable this warning
2024-03-31T16:50:27.656+0700 INFO Adding welcome page template: index
2024-03-31T16:50:27.922+0700 INFO LiveReload server is running on port 35729
2024-03-31T16:50:27.938+0700 INFO Starting ProtocolHandler ["http-nio-8080"]
2024-03-31T16:50:27.953+0700 INFO Tomcat started on port 8080 (http) with context path ''
2024-03-31T16:50:27.953+0700 INFO Started Main in 3.205 seconds (process running for 4.102)
2024-03-31T16:50:34.268+0700 INFO Initializing Spring DispatcherServlet 'dispatcherServlet'
2024-03-31T16:50:34.269+0700 INFO Initializing Servlet 'dispatcherServlet'
2024-03-31T16:50:34.269+0700 INFO Completed initialization in 0 ms
2024-03-31T16:51:18.563+0700 INFO Эта запись будет залогирована тоже
2024-03-31T16:51:18.690+0700 INFO Эта запись будет залогирована
2024-03-31T16:51:18.692+0700 INFO Эта запись будет залогирована
2024-03-31T17:04:02.601+0700 INFO Restarting due to 1 class path change (0 additions, 1 deletion, 0 modifications)
2024-03-31T17:04:02.606+0700 INFO Stopping ProtocolHandler ["http-nio-8080"]
2024-03-31T17:04:02.619+0700 INFO Closing JPA EntityManagerFactory for persistence unit 'default'
2024-03-31T17:04:02.637+0700 WARN Invocation of destroy method failed on bean with name 'inMemoryDatabaseShutdownExecutor': org.h2.jdbc.JdbcSQLNonTransientConnectionException: База данных уже закрыта (чтобы отключить автоматическое закрытие базы данных при останове JVM, добавьте ";DB_CLOSE_ON_EXIT=FALSE" в URL)
Database is already closed (to disable automatic closing at VM shutdown, add ";DB_CLOSE_ON_EXIT=FALSE" to the db URL) [90121-224]
2024-03-31T17:04:02.637+0700 INFO HikariPool-1 - Shutdown initiated...
2024-03-31T17:04:02.639+0700 INFO HikariPool-1 - Shutdown completed.
2024-03-31T17:04:02.700+0700 INFO info message
2024-03-31T17:04:02.701+0700 ERROR info message
2024-03-31T17:04:02.739+0700 INFO Starting Main using Java 19.0.1 with PID 14048 (E:\MyJob\calendar_api\target\classes started by Тагир in E:\MyJob\calendar_api)
2024-03-31T17:04:02.739+0700 INFO No active profile set, falling back to 1 default profile: "default"
2024-03-31T17:04:02.844+0700 INFO Bootstrapping Spring Data JPA repositories in DEFAULT mode.
2024-03-31T17:04:02.861+0700 INFO Finished Spring Data repository scanning in 15 ms. Found 10 JPA repository interfaces.
2024-03-31T17:04:02.942+0700 INFO Tomcat initialized with port 8080 (http)
2024-03-31T17:04:02.943+0700 INFO Initializing ProtocolHandler ["http-nio-8080"]
2024-03-31T17:04:02.943+0700 INFO Starting service [Tomcat]
2024-03-31T17:04:02.943+0700 INFO Starting Servlet engine: [Apache Tomcat/10.1.18]
2024-03-31T17:04:02.955+0700 INFO Initializing Spring embedded WebApplicationContext
2024-03-31T17:04:02.956+0700 INFO Root WebApplicationContext: initialization completed in 215 ms
2024-03-31T17:04:02.965+0700 INFO HikariPool-2 - Starting...
2024-03-31T17:04:02.967+0700 INFO HikariPool-2 - Added connection conn10: url=jdbc:h2:mem:testdb user=SA
2024-03-31T17:04:02.967+0700 INFO HikariPool-2 - Start completed.
2024-03-31T17:04:02.967+0700 INFO H2 console available at '/h2-console'. Database available at 'jdbc:h2:mem:testdb'
2024-03-31T17:04:02.983+0700 INFO HHH000204: Processing PersistenceUnitInfo [name: default]
2024-03-31T17:04:02.985+0700 INFO HHH000026: Second-level cache disabled
2024-03-31T17:04:02.987+0700 INFO No LoadTimeWeaver setup: ignoring JPA class transformer
2024-03-31T17:04:02.988+0700 WARN HHH90000025: H2Dialect does not need to be specified explicitly using 'hibernate.dialect' (remove the property setting and it will be selected by default)
2024-03-31T17:04:03.140+0700 INFO HHH000489: No JTA platform available (set 'hibernate.transaction.jta.platform' to enable JTA platform integration)
2024-03-31T17:04:03.153+0700 INFO Initialized JPA EntityManagerFactory for persistence unit 'default'
2024-03-31T17:04:03.158+0700 WARN Exception encountered during context initialization - cancelling refresh attempt: org.springframework.beans.factory.BeanCreationException: Error creating bean with name 'calendarController': Resolution of declared constructors on bean Class [ru.tomsknipineft.controllers.CalendarController] from ClassLoader [org.springframework.boot.devtools.restart.classloader.RestartClassLoader@34805aa] failed
2024-03-31T17:04:03.158+0700 INFO Closing JPA EntityManagerFactory for persistence unit 'default'
2024-03-31T17:04:03.162+0700 WARN Invocation of destroy method failed on bean with name 'inMemoryDatabaseShutdownExecutor': org.h2.jdbc.JdbcSQLNonTransientConnectionException: База данных уже закрыта (чтобы отключить автоматическое закрытие базы данных при останове JVM, добавьте ";DB_CLOSE_ON_EXIT=FALSE" в URL)
Database is already closed (to disable automatic closing at VM shutdown, add ";DB_CLOSE_ON_EXIT=FALSE" to the db URL) [90121-224]
2024-03-31T17:04:03.163+0700 INFO HikariPool-2 - Shutdown initiated...
2024-03-31T17:04:03.168+0700 INFO HikariPool-2 - Shutdown completed.
2024-03-31T17:04:03.169+0700 INFO Stopping service [Tomcat]
2024-03-31T17:04:03.174+0700 INFO 

Error starting ApplicationContext. To display the condition evaluation report re-run your application with 'debug' enabled.
2024-03-31T17:04:03.187+0700 ERROR Application run failed
org.springframework.beans.factory.BeanCreationException: Error creating bean with name 'calendarController': Resolution of declared constructors on bean Class [ru.tomsknipineft.controllers.CalendarController] from ClassLoader [org.springframework.boot.devtools.restart.classloader.RestartClassLoader@34805aa] failed
	at org.springframework.beans.factory.annotation.AutowiredAnnotationBeanPostProcessor.determineCandidateConstructors(AutowiredAnnotationBeanPostProcessor.java:383) ~[spring-beans-6.1.3.jar:6.1.3]
	at org.springframework.beans.factory.support.AbstractAutowireCapableBeanFactory.determineConstructorsFromBeanPostProcessors(AbstractAutowireCapableBeanFactory.java:1293) ~[spring-beans-6.1.3.jar:6.1.3]
	at org.springframework.beans.factory.support.AbstractAutowireCapableBeanFactory.createBeanInstance(AbstractAutowireCapableBeanFactory.java:1188) ~[spring-beans-6.1.3.jar:6.1.3]
	at org.springframework.beans.factory.support.AbstractAutowireCapableBeanFactory.doCreateBean(AbstractAutowireCapableBeanFactory.java:561) ~[spring-beans-6.1.3.jar:6.1.3]
	at org.springframework.beans.factory.support.AbstractAutowireCapableBeanFactory.createBean(AbstractAutowireCapableBeanFactory.java:521) ~[spring-beans-6.1.3.jar:6.1.3]
	at org.springframework.beans.factory.support.AbstractBeanFactory.lambda$doGetBean$0(AbstractBeanFactory.java:325) ~[spring-beans-6.1.3.jar:6.1.3]
	at org.springframework.beans.factory.support.DefaultSingletonBeanRegistry.getSingleton(DefaultSingletonBeanRegistry.java:234) ~[spring-beans-6.1.3.jar:6.1.3]
	at org.springframework.beans.factory.support.AbstractBeanFactory.doGetBean(AbstractBeanFactory.java:323) ~[spring-beans-6.1.3.jar:6.1.3]
	at org.springframework.beans.factory.support.AbstractBeanFactory.getBean(AbstractBeanFactory.java:199) ~[spring-beans-6.1.3.jar:6.1.3]
	at org.springframework.beans.factory.support.DefaultListableBeanFactory.preInstantiateSingletons(DefaultListableBeanFactory.java:975) ~[spring-beans-6.1.3.jar:6.1.3]
	at org.springframework.context.support.AbstractApplicationContext.finishBeanFactoryInitialization(AbstractApplicationContext.java:959) ~[spring-context-6.1.3.jar:6.1.3]
	at org.springframework.context.support.AbstractApplicationContext.refresh(AbstractApplicationContext.java:624) ~[spring-context-6.1.3.jar:6.1.3]
	at org.springframework.boot.web.servlet.context.ServletWebServerApplicationContext.refresh(ServletWebServerApplicationContext.java:146) ~[spring-boot-3.2.2.jar:3.2.2]
	at org.springframework.boot.SpringApplication.refresh(SpringApplication.java:754) [spring-boot-3.2.2.jar:3.2.2]
	at org.springframework.boot.SpringApplication.refreshContext(SpringApplication.java:456) [spring-boot-3.2.2.jar:3.2.2]
	at org.springframework.boot.SpringApplication.run(SpringApplication.java:334) [spring-boot-3.2.2.jar:3.2.2]
	at org.springframework.boot.SpringApplication.run(SpringApplication.java:1354) [spring-boot-3.2.2.jar:3.2.2]
	at org.springframework.boot.SpringApplication.run(SpringApplication.java:1343) [spring-boot-3.2.2.jar:3.2.2]
	at ru.tomsknipineft.Main.main(Main.java:20) [classes/:?]
	at java.base/jdk.internal.reflect.DirectMethodHandleAccessor.invoke(DirectMethodHandleAccessor.java:104) ~[?:?]
	at java.base/java.lang.reflect.Method.invoke(Method.java:578) ~[?:?]
	at org.springframework.boot.devtools.restart.RestartLauncher.run(RestartLauncher.java:50) [spring-boot-devtools-3.2.2.jar:3.2.2]
Caused by: java.lang.NoClassDefFoundError: ru/tomsknipineft/services/CalendarService
	at java.base/java.lang.Class.getDeclaredConstructors0(Native Method) ~[?:?]
	at java.base/java.lang.Class.privateGetDeclaredConstructors(Class.java:3429) ~[?:?]
	at java.base/java.lang.Class.getDeclaredConstructors(Class.java:2608) ~[?:?]
	at org.springframework.beans.factory.annotation.AutowiredAnnotationBeanPostProcessor.determineCandidateConstructors(AutowiredAnnotationBeanPostProcessor.java:378) ~[spring-beans-6.1.3.jar:6.1.3]
	... 21 more
Caused by: java.lang.ClassNotFoundException: ru.tomsknipineft.services.CalendarService
	at java.base/jdk.internal.loader.BuiltinClassLoader.loadClass(BuiltinClassLoader.java:641) ~[?:?]
	at java.base/jdk.internal.loader.ClassLoaders$AppClassLoader.loadClass(ClassLoaders.java:188) ~[?:?]
	at java.base/java.lang.ClassLoader.loadClass(ClassLoader.java:521) ~[?:?]
	at java.base/java.lang.Class.forName0(Native Method) ~[?:?]
	at java.base/java.lang.Class.forName(Class.java:495) ~[?:?]
	at java.base/java.lang.Class.forName(Class.java:474) ~[?:?]
	at org.springframework.boot.devtools.restart.classloader.RestartClassLoader.loadClass(RestartClassLoader.java:121) ~[spring-boot-devtools-3.2.2.jar:3.2.2]
	at java.base/java.lang.ClassLoader.loadClass(ClassLoader.java:521) ~[?:?]
	at java.base/java.lang.Class.getDeclaredConstructors0(Native Method) ~[?:?]
	at java.base/java.lang.Class.privateGetDeclaredConstructors(Class.java:3429) ~[?:?]
	at java.base/java.lang.Class.getDeclaredConstructors(Class.java:2608) ~[?:?]
	at org.springframework.beans.factory.annotation.AutowiredAnnotationBeanPostProcessor.determineCandidateConstructors(AutowiredAnnotationBeanPostProcessor.java:378) ~[spring-beans-6.1.3.jar:6.1.3]
	... 21 more
2024-03-31T17:14:42.342+0700 INFO info message
2024-03-31T17:14:42.342+0700 ERROR info message
2024-03-31T17:14:42.389+0700 INFO Starting Main using Java 19.0.1 with PID 14048 (E:\MyJob\calendar_api\target\classes started by Тагир in E:\MyJob\calendar_api)
2024-03-31T17:14:42.389+0700 INFO No active profile set, falling back to 1 default profile: "default"
2024-03-31T17:14:42.526+0700 INFO Bootstrapping Spring Data JPA repositories in DEFAULT mode.
2024-03-31T17:14:42.541+0700 INFO Finished Spring Data repository scanning in 19 ms. Found 10 JPA repository interfaces.
2024-03-31T17:14:42.635+0700 INFO Tomcat initialized with port 8080 (http)
2024-03-31T17:14:42.635+0700 INFO Initializing ProtocolHandler ["http-nio-8080"]
2024-03-31T17:14:42.635+0700 INFO Starting service [Tomcat]
2024-03-31T17:14:42.635+0700 INFO Starting Servlet engine: [Apache Tomcat/10.1.18]
2024-03-31T17:14:42.651+0700 INFO Initializing Spring embedded WebApplicationContext
2024-03-31T17:14:42.651+0700 INFO Root WebApplicationContext: initialization completed in 262 ms
2024-03-31T17:14:42.651+0700 INFO HikariPool-3 - Starting...
2024-03-31T17:14:42.666+0700 INFO HikariPool-3 - Added connection conn17: url=jdbc:h2:mem:testdb user=SA
2024-03-31T17:14:42.666+0700 INFO HikariPool-3 - Start completed.
2024-03-31T17:14:42.666+0700 INFO H2 console available at '/h2-console'. Database available at 'jdbc:h2:mem:testdb'
2024-03-31T17:14:42.682+0700 INFO HHH000204: Processing PersistenceUnitInfo [name: default]
2024-03-31T17:14:42.682+0700 INFO HHH000026: Second-level cache disabled
2024-03-31T17:14:42.682+0700 INFO No LoadTimeWeaver setup: ignoring JPA class transformer
2024-03-31T17:14:42.682+0700 WARN HHH90000025: H2Dialect does not need to be specified explicitly using 'hibernate.dialect' (remove the property setting and it will be selected by default)
2024-03-31T17:14:42.776+0700 INFO HHH000489: No JTA platform available (set 'hibernate.transaction.jta.platform' to enable JTA platform integration)
2024-03-31T17:14:42.776+0700 INFO Initialized JPA EntityManagerFactory for persistence unit 'default'
2024-03-31T17:14:42.979+0700 WARN spring.jpa.open-in-view is enabled by default. Therefore, database queries may be performed during view rendering. Explicitly configure spring.jpa.open-in-view to disable this warning
2024-03-31T17:14:42.994+0700 INFO Adding welcome page template: index
2024-03-31T17:14:43.041+0700 INFO LiveReload server is running on port 35729
2024-03-31T17:14:43.057+0700 INFO Starting ProtocolHandler ["http-nio-8080"]
2024-03-31T17:14:43.057+0700 INFO Tomcat started on port 8080 (http) with context path ''
2024-03-31T17:14:43.057+0700 INFO Started Main in 0.715 seconds (process running for 1459.204)
2024-03-31T17:14:43.057+0700 INFO Condition evaluation unchanged
2024-03-31T17:29:13.870+0700 INFO Restarting due to 1 class path change (0 additions, 1 deletion, 0 modifications)
2024-03-31T17:29:13.873+0700 INFO Stopping ProtocolHandler ["http-nio-8080"]
2024-03-31T17:29:13.884+0700 INFO Closing JPA EntityManagerFactory for persistence unit 'default'
2024-03-31T17:29:13.888+0700 WARN Invocation of destroy method failed on bean with name 'inMemoryDatabaseShutdownExecutor': org.h2.jdbc.JdbcSQLNonTransientConnectionException: База данных уже закрыта (чтобы отключить автоматическое закрытие базы данных при останове JVM, добавьте ";DB_CLOSE_ON_EXIT=FALSE" в URL)
Database is already closed (to disable automatic closing at VM shutdown, add ";DB_CLOSE_ON_EXIT=FALSE" to the db URL) [90121-224]
2024-03-31T17:29:13.889+0700 INFO HikariPool-3 - Shutdown initiated...
2024-03-31T17:29:13.890+0700 INFO HikariPool-3 - Shutdown completed.
2024-03-31T17:29:13.953+0700 INFO info message
2024-03-31T17:29:13.953+0700 ERROR info message
2024-03-31T17:29:14.024+0700 INFO Starting Main using Java 19.0.1 with PID 14048 (E:\MyJob\calendar_api\target\classes started by Тагир in E:\MyJob\calendar_api)
2024-03-31T17:29:14.024+0700 INFO No active profile set, falling back to 1 default profile: "default"
2024-03-31T17:29:14.181+0700 INFO Bootstrapping Spring Data JPA repositories in DEFAULT mode.
2024-03-31T17:29:14.205+0700 INFO Finished Spring Data repository scanning in 23 ms. Found 10 JPA repository interfaces.
2024-03-31T17:29:14.326+0700 INFO Tomcat initialized with port 8080 (http)
2024-03-31T17:29:14.328+0700 INFO Initializing ProtocolHandler ["http-nio-8080"]
2024-03-31T17:29:14.328+0700 INFO Starting service [Tomcat]
2024-03-31T17:29:14.329+0700 INFO Starting Servlet engine: [Apache Tomcat/10.1.18]
2024-03-31T17:29:14.343+0700 INFO Initializing Spring embedded WebApplicationContext
2024-03-31T17:29:14.343+0700 INFO Root WebApplicationContext: initialization completed in 317 ms
2024-03-31T17:29:14.354+0700 INFO HikariPool-4 - Starting...
2024-03-31T17:29:14.356+0700 INFO HikariPool-4 - Added connection conn27: url=jdbc:h2:mem:testdb user=SA
2024-03-31T17:29:14.357+0700 INFO HikariPool-4 - Start completed.
2024-03-31T17:29:14.357+0700 INFO H2 console available at '/h2-console'. Database available at 'jdbc:h2:mem:testdb'
2024-03-31T17:29:14.378+0700 INFO HHH000204: Processing PersistenceUnitInfo [name: default]
2024-03-31T17:29:14.382+0700 INFO HHH000026: Second-level cache disabled
2024-03-31T17:29:14.385+0700 INFO No LoadTimeWeaver setup: ignoring JPA class transformer
2024-03-31T17:29:14.387+0700 WARN HHH90000025: H2Dialect does not need to be specified explicitly using 'hibernate.dialect' (remove the property setting and it will be selected by default)
2024-03-31T17:29:14.510+0700 INFO HHH000489: No JTA platform available (set 'hibernate.transaction.jta.platform' to enable JTA platform integration)
2024-03-31T17:29:14.520+0700 INFO Initialized JPA EntityManagerFactory for persistence unit 'default'
2024-03-31T17:29:14.525+0700 WARN Exception encountered during context initialization - cancelling refresh attempt: org.springframework.beans.factory.BeanCreationException: Error creating bean with name 'calendarController': Resolution of declared constructors on bean Class [ru.tomsknipineft.controllers.CalendarController] from ClassLoader [org.springframework.boot.devtools.restart.classloader.RestartClassLoader@7d98e8ab] failed
2024-03-31T17:29:14.525+0700 INFO Closing JPA EntityManagerFactory for persistence unit 'default'
2024-03-31T17:29:14.529+0700 WARN Invocation of destroy method failed on bean with name 'inMemoryDatabaseShutdownExecutor': org.h2.jdbc.JdbcSQLNonTransientConnectionException: База данных уже закрыта (чтобы отключить автоматическое закрытие базы данных при останове JVM, добавьте ";DB_CLOSE_ON_EXIT=FALSE" в URL)
Database is already closed (to disable automatic closing at VM shutdown, add ";DB_CLOSE_ON_EXIT=FALSE" to the db URL) [90121-224]
2024-03-31T17:29:14.529+0700 INFO HikariPool-4 - Shutdown initiated...
2024-03-31T17:29:14.547+0700 INFO HikariPool-4 - Shutdown completed.
2024-03-31T17:29:14.548+0700 INFO Stopping service [Tomcat]
2024-03-31T17:29:14.552+0700 INFO 

Error starting ApplicationContext. To display the condition evaluation report re-run your application with 'debug' enabled.
2024-03-31T17:29:14.554+0700 ERROR Application run failed
org.springframework.beans.factory.BeanCreationException: Error creating bean with name 'calendarController': Resolution of declared constructors on bean Class [ru.tomsknipineft.controllers.CalendarController] from ClassLoader [org.springframework.boot.devtools.restart.classloader.RestartClassLoader@7d98e8ab] failed
	at org.springframework.beans.factory.annotation.AutowiredAnnotationBeanPostProcessor.determineCandidateConstructors(AutowiredAnnotationBeanPostProcessor.java:383) ~[spring-beans-6.1.3.jar:6.1.3]
	at org.springframework.beans.factory.support.AbstractAutowireCapableBeanFactory.determineConstructorsFromBeanPostProcessors(AbstractAutowireCapableBeanFactory.java:1293) ~[spring-beans-6.1.3.jar:6.1.3]
	at org.springframework.beans.factory.support.AbstractAutowireCapableBeanFactory.createBeanInstance(AbstractAutowireCapableBeanFactory.java:1188) ~[spring-beans-6.1.3.jar:6.1.3]
	at org.springframework.beans.factory.support.AbstractAutowireCapableBeanFactory.doCreateBean(AbstractAutowireCapableBeanFactory.java:561) ~[spring-beans-6.1.3.jar:6.1.3]
	at org.springframework.beans.factory.support.AbstractAutowireCapableBeanFactory.createBean(AbstractAutowireCapableBeanFactory.java:521) ~[spring-beans-6.1.3.jar:6.1.3]
	at org.springframework.beans.factory.support.AbstractBeanFactory.lambda$doGetBean$0(AbstractBeanFactory.java:325) ~[spring-beans-6.1.3.jar:6.1.3]
	at org.springframework.beans.factory.support.DefaultSingletonBeanRegistry.getSingleton(DefaultSingletonBeanRegistry.java:234) ~[spring-beans-6.1.3.jar:6.1.3]
	at org.springframework.beans.factory.support.AbstractBeanFactory.doGetBean(AbstractBeanFactory.java:323) ~[spring-beans-6.1.3.jar:6.1.3]
	at org.springframework.beans.factory.support.AbstractBeanFactory.getBean(AbstractBeanFactory.java:199) ~[spring-beans-6.1.3.jar:6.1.3]
	at org.springframework.beans.factory.support.DefaultListableBeanFactory.preInstantiateSingletons(DefaultListableBeanFactory.java:975) ~[spring-beans-6.1.3.jar:6.1.3]
	at org.springframework.context.support.AbstractApplicationContext.finishBeanFactoryInitialization(AbstractApplicationContext.java:959) ~[spring-context-6.1.3.jar:6.1.3]
	at org.springframework.context.support.AbstractApplicationContext.refresh(AbstractApplicationContext.java:624) ~[spring-context-6.1.3.jar:6.1.3]
	at org.springframework.boot.web.servlet.context.ServletWebServerApplicationContext.refresh(ServletWebServerApplicationContext.java:146) ~[spring-boot-3.2.2.jar:3.2.2]
	at org.springframework.boot.SpringApplication.refresh(SpringApplication.java:754) [spring-boot-3.2.2.jar:3.2.2]
	at org.springframework.boot.SpringApplication.refreshContext(SpringApplication.java:456) [spring-boot-3.2.2.jar:3.2.2]
	at org.springframework.boot.SpringApplication.run(SpringApplication.java:334) [spring-boot-3.2.2.jar:3.2.2]
	at org.springframework.boot.SpringApplication.run(SpringApplication.java:1354) [spring-boot-3.2.2.jar:3.2.2]
	at org.springframework.boot.SpringApplication.run(SpringApplication.java:1343) [spring-boot-3.2.2.jar:3.2.2]
	at ru.tomsknipineft.Main.main(Main.java:20) [classes/:?]
	at java.base/jdk.internal.reflect.DirectMethodHandleAccessor.invoke(DirectMethodHandleAccessor.java:104) ~[?:?]
	at java.base/java.lang.reflect.Method.invoke(Method.java:578) ~[?:?]
	at org.springframework.boot.devtools.restart.RestartLauncher.run(RestartLauncher.java:50) [spring-boot-devtools-3.2.2.jar:3.2.2]
Caused by: java.lang.NoClassDefFoundError: ru/tomsknipineft/services/CalendarService
	at java.base/java.lang.Class.getDeclaredConstructors0(Native Method) ~[?:?]
	at java.base/java.lang.Class.privateGetDeclaredConstructors(Class.java:3429) ~[?:?]
	at java.base/java.lang.Class.getDeclaredConstructors(Class.java:2608) ~[?:?]
	at org.springframework.beans.factory.annotation.AutowiredAnnotationBeanPostProcessor.determineCandidateConstructors(AutowiredAnnotationBeanPostProcessor.java:378) ~[spring-beans-6.1.3.jar:6.1.3]
	... 21 more
Caused by: java.lang.ClassNotFoundException: ru.tomsknipineft.services.CalendarService
	at java.base/jdk.internal.loader.BuiltinClassLoader.loadClass(BuiltinClassLoader.java:641) ~[?:?]
	at java.base/jdk.internal.loader.ClassLoaders$AppClassLoader.loadClass(ClassLoaders.java:188) ~[?:?]
	at java.base/java.lang.ClassLoader.loadClass(ClassLoader.java:521) ~[?:?]
	at java.base/java.lang.Class.forName0(Native Method) ~[?:?]
	at java.base/java.lang.Class.forName(Class.java:495) ~[?:?]
	at java.base/java.lang.Class.forName(Class.java:474) ~[?:?]
	at org.springframework.boot.devtools.restart.classloader.RestartClassLoader.loadClass(RestartClassLoader.java:121) ~[spring-boot-devtools-3.2.2.jar:3.2.2]
	at java.base/java.lang.ClassLoader.loadClass(ClassLoader.java:521) ~[?:?]
	at java.base/java.lang.Class.getDeclaredConstructors0(Native Method) ~[?:?]
	at java.base/java.lang.Class.privateGetDeclaredConstructors(Class.java:3429) ~[?:?]
	at java.base/java.lang.Class.getDeclaredConstructors(Class.java:2608) ~[?:?]
	at org.springframework.beans.factory.annotation.AutowiredAnnotationBeanPostProcessor.determineCandidateConstructors(AutowiredAnnotationBeanPostProcessor.java:378) ~[spring-beans-6.1.3.jar:6.1.3]
	... 21 more
2024-03-31T17:43:53.335+0700 INFO info message
2024-03-31T17:43:53.335+0700 ERROR info message
2024-03-31T17:43:53.367+0700 INFO Starting Main using Java 19.0.1 with PID 14048 (E:\MyJob\calendar_api\target\classes started by Тагир in E:\MyJob\calendar_api)
2024-03-31T17:43:53.367+0700 INFO No active profile set, falling back to 1 default profile: "default"
2024-03-31T17:43:53.461+0700 INFO Bootstrapping Spring Data JPA repositories in DEFAULT mode.
2024-03-31T17:43:53.477+0700 INFO Finished Spring Data repository scanning in 10 ms. Found 10 JPA repository interfaces.
2024-03-31T17:43:53.524+0700 INFO Tomcat initialized with port 8080 (http)
2024-03-31T17:43:53.524+0700 INFO Initializing ProtocolHandler ["http-nio-8080"]
2024-03-31T17:43:53.524+0700 INFO Starting service [Tomcat]
2024-03-31T17:43:53.524+0700 INFO Starting Servlet engine: [Apache Tomcat/10.1.18]
2024-03-31T17:43:53.539+0700 INFO Initializing Spring embedded WebApplicationContext
2024-03-31T17:43:53.539+0700 INFO Root WebApplicationContext: initialization completed in 172 ms
2024-03-31T17:43:53.539+0700 INFO HikariPool-5 - Starting...
2024-03-31T17:43:53.539+0700 INFO HikariPool-5 - Added connection conn33: url=jdbc:h2:mem:testdb user=SA
2024-03-31T17:43:53.539+0700 INFO HikariPool-5 - Start completed.
2024-03-31T17:43:53.539+0700 INFO H2 console available at '/h2-console'. Database available at 'jdbc:h2:mem:testdb'
2024-03-31T17:43:53.555+0700 INFO HHH000204: Processing PersistenceUnitInfo [name: default]
2024-03-31T17:43:53.555+0700 INFO HHH000026: Second-level cache disabled
2024-03-31T17:43:53.571+0700 INFO No LoadTimeWeaver setup: ignoring JPA class transformer
2024-03-31T17:43:53.571+0700 WARN HHH90000025: H2Dialect does not need to be specified explicitly using 'hibernate.dialect' (remove the property setting and it will be selected by default)
2024-03-31T17:43:53.664+0700 INFO HHH000489: No JTA platform available (set 'hibernate.transaction.jta.platform' to enable JTA platform integration)
2024-03-31T17:43:53.680+0700 INFO Initialized JPA EntityManagerFactory for persistence unit 'default'
2024-03-31T17:43:53.868+0700 WARN spring.jpa.open-in-view is enabled by default. Therefore, database queries may be performed during view rendering. Explicitly configure spring.jpa.open-in-view to disable this warning
2024-03-31T17:43:53.868+0700 INFO Adding welcome page template: index
2024-03-31T17:43:53.946+0700 INFO LiveReload server is running on port 35729
2024-03-31T17:43:53.946+0700 INFO Starting ProtocolHandler ["http-nio-8080"]
2024-03-31T17:43:53.946+0700 INFO Tomcat started on port 8080 (http) with context path ''
2024-03-31T17:43:53.946+0700 INFO Started Main in 0.611 seconds (process running for 3210.097)
2024-03-31T17:43:53.946+0700 INFO Condition evaluation unchanged
2024-03-31T17:44:03.021+0700 INFO Initializing Spring DispatcherServlet 'dispatcherServlet'
2024-03-31T17:44:03.021+0700 INFO Initializing Servlet 'dispatcherServlet'
2024-03-31T17:44:03.022+0700 INFO Completed initialization in 1 ms
2024-03-31T17:45:11.439+0700 INFO Эта запись будет залогирована тоже
2024-03-31T17:45:11.467+0700 INFO Эта запись будет залогирована
2024-03-31T17:45:11.470+0700 INFO Эта запись будет залогирована
2024-03-31T17:45:11.471+0700 INFO Эта запись будет залогирована
2024-03-31T17:47:18.850+0700 INFO Closing JPA EntityManagerFactory for persistence unit 'default'
2024-03-31T17:47:18.850+0700 WARN Invocation of destroy method failed on bean with name 'inMemoryDatabaseShutdownExecutor': org.h2.jdbc.JdbcSQLNonTransientConnectionException: База данных уже закрыта (чтобы отключить автоматическое закрытие базы данных при останове JVM, добавьте ";DB_CLOSE_ON_EXIT=FALSE" в URL)
Database is already closed (to disable automatic closing at VM shutdown, add ";DB_CLOSE_ON_EXIT=FALSE" to the db URL) [90121-224]
2024-03-31T17:47:18.850+0700 INFO HikariPool-5 - Shutdown initiated...
2024-03-31T17:47:18.866+0700 INFO HikariPool-5 - Shutdown completed.
