2024-03-30T16:59:23.452+0700 INFO info message
2024-03-30T16:59:23.468+0700 ERROR info message
2024-03-30T16:59:23.530+0700 INFO info message
2024-03-30T16:59:23.530+0700 ERROR info message
2024-03-30T16:59:23.702+0700 INFO HV000001: Hibernate Validator 8.0.1.Final
2024-03-30T16:59:23.733+0700 INFO Starting Main using Java 19.0.1 with PID 11812 (E:\MyJob\calendar_api\target\classes started by Тагир in E:\MyJob\calendar_api)
2024-03-30T16:59:23.733+0700 INFO No active profile set, falling back to 1 default profile: "default"
2024-03-30T16:59:23.762+0700 INFO Devtools property defaults active! Set 'spring.devtools.add-properties' to 'false' to disable
2024-03-30T16:59:23.762+0700 INFO For additional web related logging consider setting the 'logging.level.web' property to 'DEBUG'
2024-03-30T16:59:24.237+0700 INFO Bootstrapping Spring Data JPA repositories in DEFAULT mode.
2024-03-30T16:59:24.283+0700 INFO Finished Spring Data repository scanning in 42 ms. Found 8 JPA repository interfaces.
2024-03-30T16:59:24.627+0700 INFO Tomcat initialized with port 8080 (http)
2024-03-30T16:59:24.627+0700 INFO Initializing ProtocolHandler ["http-nio-8080"]
2024-03-30T16:59:24.627+0700 INFO Starting service [Tomcat]
2024-03-30T16:59:24.627+0700 INFO Starting Servlet engine: [Apache Tomcat/10.1.18]
2024-03-30T16:59:24.674+0700 INFO Initializing Spring embedded WebApplicationContext
2024-03-30T16:59:24.674+0700 INFO Root WebApplicationContext: initialization completed in 912 ms
2024-03-30T16:59:24.705+0700 INFO HikariPool-1 - Starting...
2024-03-30T16:59:24.799+0700 INFO HikariPool-1 - Added connection conn0: url=jdbc:h2:mem:testdb user=SA
2024-03-30T16:59:24.799+0700 INFO HikariPool-1 - Start completed.
2024-03-30T16:59:24.799+0700 INFO H2 console available at '/h2-console'. Database available at 'jdbc:h2:mem:testdb'
2024-03-30T16:59:24.877+0700 INFO HHH000204: Processing PersistenceUnitInfo [name: default]
2024-03-30T16:59:24.908+0700 INFO HHH000412: Hibernate ORM core version 6.4.1.Final
2024-03-30T16:59:24.924+0700 INFO HHH000026: Second-level cache disabled
2024-03-30T16:59:25.033+0700 INFO No LoadTimeWeaver setup: ignoring JPA class transformer
2024-03-30T16:59:25.065+0700 WARN HHH90000025: H2Dialect does not need to be specified explicitly using 'hibernate.dialect' (remove the property setting and it will be selected by default)
2024-03-30T16:59:25.690+0700 INFO HHH000489: No JTA platform available (set 'hibernate.transaction.jta.platform' to enable JTA platform integration)
2024-03-30T16:59:25.737+0700 INFO Initialized JPA EntityManagerFactory for persistence unit 'default'
2024-03-30T16:59:26.096+0700 WARN spring.jpa.open-in-view is enabled by default. Therefore, database queries may be performed during view rendering. Explicitly configure spring.jpa.open-in-view to disable this warning
2024-03-30T16:59:26.112+0700 INFO Adding welcome page template: index
2024-03-30T16:59:26.330+0700 INFO LiveReload server is running on port 35729
2024-03-30T16:59:26.346+0700 INFO Starting ProtocolHandler ["http-nio-8080"]
2024-03-30T16:59:26.362+0700 INFO Tomcat started on port 8080 (http) with context path ''
2024-03-30T16:59:26.362+0700 INFO Started Main in 2.832 seconds (process running for 3.624)
2024-03-30T16:59:42.638+0700 INFO Initializing Spring DispatcherServlet 'dispatcherServlet'
2024-03-30T16:59:42.638+0700 INFO Initializing Servlet 'dispatcherServlet'
2024-03-30T16:59:42.639+0700 INFO Completed initialization in 1 ms
2024-03-30T17:01:32.828+0700 INFO Restarting due to 2 class path changes (0 additions, 2 deletions, 0 modifications)
2024-03-30T17:01:32.828+0700 INFO Stopping ProtocolHandler ["http-nio-8080"]
2024-03-30T17:01:32.843+0700 INFO Closing JPA EntityManagerFactory for persistence unit 'default'
2024-03-30T17:01:32.859+0700 WARN Invocation of destroy method failed on bean with name 'inMemoryDatabaseShutdownExecutor': org.h2.jdbc.JdbcSQLNonTransientConnectionException: База данных уже закрыта (чтобы отключить автоматическое закрытие базы данных при останове JVM, добавьте ";DB_CLOSE_ON_EXIT=FALSE" в URL)
Database is already closed (to disable automatic closing at VM shutdown, add ";DB_CLOSE_ON_EXIT=FALSE" to the db URL) [90121-224]
2024-03-30T17:01:32.859+0700 INFO HikariPool-1 - Shutdown initiated...
2024-03-30T17:01:32.859+0700 INFO HikariPool-1 - Shutdown completed.
2024-03-30T17:01:32.906+0700 INFO info message
2024-03-30T17:01:32.906+0700 ERROR info message
2024-03-30T17:01:32.968+0700 INFO Starting Main using Java 19.0.1 with PID 11812 (E:\MyJob\calendar_api\target\classes started by Тагир in E:\MyJob\calendar_api)
2024-03-30T17:01:32.968+0700 INFO No active profile set, falling back to 1 default profile: "default"
2024-03-30T17:01:33.058+0700 INFO Bootstrapping Spring Data JPA repositories in DEFAULT mode.
2024-03-30T17:01:33.073+0700 WARN Exception encountered during context initialization - cancelling refresh attempt: java.lang.TypeNotPresentException: Type ru.tomsknipineft.entities.linearObjects.Line not present
2024-03-30T17:01:33.073+0700 INFO 

Error starting ApplicationContext. To display the condition evaluation report re-run your application with 'debug' enabled.
2024-03-30T17:01:33.073+0700 ERROR Application run failed
java.lang.TypeNotPresentException: Type ru.tomsknipineft.entities.linearObjects.Line not present
	at java.base/sun.reflect.generics.factory.CoreReflectionFactory.makeNamedType(CoreReflectionFactory.java:117) ~[?:?]
	at java.base/sun.reflect.generics.visitor.Reifier.visitClassTypeSignature(Reifier.java:125) ~[?:?]
	at java.base/sun.reflect.generics.tree.ClassTypeSignature.accept(ClassTypeSignature.java:49) ~[?:?]
	at java.base/sun.reflect.generics.visitor.Reifier.reifyTypeArguments(Reifier.java:68) ~[?:?]
	at java.base/sun.reflect.generics.visitor.Reifier.visitClassTypeSignature(Reifier.java:138) ~[?:?]
	at java.base/sun.reflect.generics.tree.ClassTypeSignature.accept(ClassTypeSignature.java:49) ~[?:?]
	at java.base/sun.reflect.generics.repository.ClassRepository.computeSuperInterfaces(ClassRepository.java:117) ~[?:?]
	at java.base/sun.reflect.generics.repository.ClassRepository.getSuperInterfaces(ClassRepository.java:95) ~[?:?]
	at java.base/java.lang.Class.getGenericInterfaces(Class.java:1250) ~[?:?]
	at org.springframework.core.ResolvableType.getInterfaces(ResolvableType.java:517) ~[spring-core-6.1.3.jar:6.1.3]
	at org.springframework.core.ResolvableType.as(ResolvableType.java:465) ~[spring-core-6.1.3.jar:6.1.3]
	at org.springframework.data.util.TypeDiscoverer.getSuperTypeInformation(TypeDiscoverer.java:254) ~[spring-data-commons-3.2.2.jar:3.2.2]
	at org.springframework.data.util.ClassTypeInformation.getSuperTypeInformation(ClassTypeInformation.java:36) ~[spring-data-commons-3.2.2.jar:3.2.2]
	at org.springframework.data.util.TypeInformation.getRequiredSuperTypeInformation(TypeInformation.java:327) ~[spring-data-commons-3.2.2.jar:3.2.2]
	at org.springframework.data.repository.core.support.DefaultRepositoryMetadata.<init>(DefaultRepositoryMetadata.java:55) ~[spring-data-commons-3.2.2.jar:3.2.2]
	at org.springframework.data.repository.core.support.AbstractRepositoryMetadata.getMetadata(AbstractRepositoryMetadata.java:77) ~[spring-data-commons-3.2.2.jar:3.2.2]
	at org.springframework.data.repository.config.RepositoryConfigurationExtensionSupport.getRepositoryConfigurations(RepositoryConfigurationExtensionSupport.java:91) ~[spring-data-commons-3.2.2.jar:3.2.2]
	at org.springframework.data.repository.config.RepositoryConfigurationDelegate.registerRepositoriesIn(RepositoryConfigurationDelegate.java:164) ~[spring-data-commons-3.2.2.jar:3.2.2]
	at org.springframework.boot.autoconfigure.data.AbstractRepositoryConfigurationSourceSupport.registerBeanDefinitions(AbstractRepositoryConfigurationSourceSupport.java:62) ~[spring-boot-autoconfigure-3.2.2.jar:3.2.2]
	at org.springframework.context.annotation.ConfigurationClassBeanDefinitionReader.lambda$loadBeanDefinitionsFromRegistrars$1(ConfigurationClassBeanDefinitionReader.java:376) ~[spring-context-6.1.3.jar:6.1.3]
	at java.base/java.util.LinkedHashMap.forEach(LinkedHashMap.java:729) ~[?:?]
	at org.springframework.context.annotation.ConfigurationClassBeanDefinitionReader.loadBeanDefinitionsFromRegistrars(ConfigurationClassBeanDefinitionReader.java:375) ~[spring-context-6.1.3.jar:6.1.3]
	at org.springframework.context.annotation.ConfigurationClassBeanDefinitionReader.loadBeanDefinitionsForConfigurationClass(ConfigurationClassBeanDefinitionReader.java:148) ~[spring-context-6.1.3.jar:6.1.3]
	at org.springframework.context.annotation.ConfigurationClassBeanDefinitionReader.loadBeanDefinitions(ConfigurationClassBeanDefinitionReader.java:120) ~[spring-context-6.1.3.jar:6.1.3]
	at org.springframework.context.annotation.ConfigurationClassPostProcessor.processConfigBeanDefinitions(ConfigurationClassPostProcessor.java:428) ~[spring-context-6.1.3.jar:6.1.3]
	at org.springframework.context.annotation.ConfigurationClassPostProcessor.postProcessBeanDefinitionRegistry(ConfigurationClassPostProcessor.java:289) ~[spring-context-6.1.3.jar:6.1.3]
	at org.springframework.context.support.PostProcessorRegistrationDelegate.invokeBeanDefinitionRegistryPostProcessors(PostProcessorRegistrationDelegate.java:349) ~[spring-context-6.1.3.jar:6.1.3]
	at org.springframework.context.support.PostProcessorRegistrationDelegate.invokeBeanFactoryPostProcessors(PostProcessorRegistrationDelegate.java:118) ~[spring-context-6.1.3.jar:6.1.3]
	at org.springframework.context.support.AbstractApplicationContext.invokeBeanFactoryPostProcessors(AbstractApplicationContext.java:788) ~[spring-context-6.1.3.jar:6.1.3]
	at org.springframework.context.support.AbstractApplicationContext.refresh(AbstractApplicationContext.java:606) ~[spring-context-6.1.3.jar:6.1.3]
	at org.springframework.boot.web.servlet.context.ServletWebServerApplicationContext.refresh(ServletWebServerApplicationContext.java:146) ~[spring-boot-3.2.2.jar:3.2.2]
	at org.springframework.boot.SpringApplication.refresh(SpringApplication.java:754) [spring-boot-3.2.2.jar:3.2.2]
	at org.springframework.boot.SpringApplication.refreshContext(SpringApplication.java:456) [spring-boot-3.2.2.jar:3.2.2]
	at org.springframework.boot.SpringApplication.run(SpringApplication.java:334) [spring-boot-3.2.2.jar:3.2.2]
	at org.springframework.boot.SpringApplication.run(SpringApplication.java:1354) [spring-boot-3.2.2.jar:3.2.2]
	at org.springframework.boot.SpringApplication.run(SpringApplication.java:1343) [spring-boot-3.2.2.jar:3.2.2]
	at ru.tomsknipineft.Main.main(Main.java:20) [classes/:?]
	at java.base/jdk.internal.reflect.DirectMethodHandleAccessor.invoke(DirectMethodHandleAccessor.java:104) ~[?:?]
	at java.base/java.lang.reflect.Method.invoke(Method.java:578) ~[?:?]
	at org.springframework.boot.devtools.restart.RestartLauncher.run(RestartLauncher.java:50) [spring-boot-devtools-3.2.2.jar:3.2.2]
Caused by: java.lang.ClassNotFoundException: ru.tomsknipineft.entities.linearObjects.Line
	at java.base/jdk.internal.loader.BuiltinClassLoader.loadClass(BuiltinClassLoader.java:641) ~[?:?]
	at java.base/jdk.internal.loader.ClassLoaders$AppClassLoader.loadClass(ClassLoaders.java:188) ~[?:?]
	at java.base/java.lang.ClassLoader.loadClass(ClassLoader.java:521) ~[?:?]
	at java.base/java.lang.Class.forName0(Native Method) ~[?:?]
	at java.base/java.lang.Class.forName(Class.java:495) ~[?:?]
	at java.base/java.lang.Class.forName(Class.java:474) ~[?:?]
	at org.springframework.boot.devtools.restart.classloader.RestartClassLoader.loadClass(RestartClassLoader.java:121) ~[spring-boot-devtools-3.2.2.jar:3.2.2]
	at java.base/java.lang.ClassLoader.loadClass(ClassLoader.java:521) ~[?:?]
	at java.base/java.lang.Class.forName0(Native Method) ~[?:?]
	at java.base/java.lang.Class.forName(Class.java:495) ~[?:?]
	at java.base/java.lang.Class.forName(Class.java:474) ~[?:?]
	at java.base/sun.reflect.generics.factory.CoreReflectionFactory.makeNamedType(CoreReflectionFactory.java:114) ~[?:?]
	... 39 more
2024-03-30T17:01:34.919+0700 INFO info message
2024-03-30T17:01:34.919+0700 ERROR info message
2024-03-30T17:01:34.935+0700 INFO Starting Main using Java 19.0.1 with PID 11812 (E:\MyJob\calendar_api\target\classes started by Тагир in E:\MyJob\calendar_api)
2024-03-30T17:01:34.935+0700 INFO No active profile set, falling back to 1 default profile: "default"
2024-03-30T17:01:35.025+0700 INFO Bootstrapping Spring Data JPA repositories in DEFAULT mode.
2024-03-30T17:01:35.025+0700 INFO Finished Spring Data repository scanning in 10 ms. Found 8 JPA repository interfaces.
2024-03-30T17:01:35.104+0700 INFO Tomcat initialized with port 8080 (http)
2024-03-30T17:01:35.104+0700 INFO Initializing ProtocolHandler ["http-nio-8080"]
2024-03-30T17:01:35.104+0700 INFO Starting service [Tomcat]
2024-03-30T17:01:35.104+0700 INFO Starting Servlet engine: [Apache Tomcat/10.1.18]
2024-03-30T17:01:35.104+0700 INFO Initializing Spring embedded WebApplicationContext
2024-03-30T17:01:35.104+0700 INFO Root WebApplicationContext: initialization completed in 169 ms
2024-03-30T17:01:35.119+0700 INFO HikariPool-2 - Starting...
2024-03-30T17:01:35.119+0700 INFO HikariPool-2 - Added connection conn10: url=jdbc:h2:mem:testdb user=SA
2024-03-30T17:01:35.119+0700 INFO HikariPool-2 - Start completed.
2024-03-30T17:01:35.119+0700 INFO H2 console available at '/h2-console'. Database available at 'jdbc:h2:mem:testdb'
2024-03-30T17:01:35.135+0700 INFO HHH000204: Processing PersistenceUnitInfo [name: default]
2024-03-30T17:01:35.135+0700 INFO HHH000026: Second-level cache disabled
2024-03-30T17:01:35.135+0700 INFO No LoadTimeWeaver setup: ignoring JPA class transformer
2024-03-30T17:01:35.135+0700 WARN HHH90000025: H2Dialect does not need to be specified explicitly using 'hibernate.dialect' (remove the property setting and it will be selected by default)
2024-03-30T17:01:35.260+0700 INFO HHH000489: No JTA platform available (set 'hibernate.transaction.jta.platform' to enable JTA platform integration)
2024-03-30T17:01:35.275+0700 INFO Initialized JPA EntityManagerFactory for persistence unit 'default'
2024-03-30T17:01:35.447+0700 WARN spring.jpa.open-in-view is enabled by default. Therefore, database queries may be performed during view rendering. Explicitly configure spring.jpa.open-in-view to disable this warning
2024-03-30T17:01:35.463+0700 INFO Adding welcome page template: index
2024-03-30T17:01:35.557+0700 INFO LiveReload server is running on port 35729
2024-03-30T17:01:35.557+0700 INFO Starting ProtocolHandler ["http-nio-8080"]
2024-03-30T17:01:35.557+0700 INFO Tomcat started on port 8080 (http) with context path ''
2024-03-30T17:01:35.572+0700 INFO Started Main in 0.653 seconds (process running for 132.823)
2024-03-30T17:01:35.572+0700 INFO Condition evaluation unchanged
2024-03-30T17:01:39.397+0700 INFO Initializing Spring DispatcherServlet 'dispatcherServlet'
2024-03-30T17:01:39.398+0700 INFO Initializing Servlet 'dispatcherServlet'
2024-03-30T17:01:39.399+0700 INFO Completed initialization in 1 ms
2024-03-30T17:03:18.690+0700 INFO Эта запись будет залогирована тоже
2024-03-30T17:03:18.754+0700 INFO Эта запись будет залогирована
2024-03-30T17:04:55.360+0700 INFO Restarting due to 1 class path change (0 additions, 1 deletion, 0 modifications)
2024-03-30T17:04:55.361+0700 INFO Stopping ProtocolHandler ["http-nio-8080"]
2024-03-30T17:04:55.371+0700 INFO Closing JPA EntityManagerFactory for persistence unit 'default'
2024-03-30T17:04:55.374+0700 WARN Invocation of destroy method failed on bean with name 'inMemoryDatabaseShutdownExecutor': org.h2.jdbc.JdbcSQLNonTransientConnectionException: База данных уже закрыта (чтобы отключить автоматическое закрытие базы данных при останове JVM, добавьте ";DB_CLOSE_ON_EXIT=FALSE" в URL)
Database is already closed (to disable automatic closing at VM shutdown, add ";DB_CLOSE_ON_EXIT=FALSE" to the db URL) [90121-224]
2024-03-30T17:04:55.375+0700 INFO HikariPool-2 - Shutdown initiated...
2024-03-30T17:04:55.375+0700 INFO HikariPool-2 - Shutdown completed.
2024-03-30T17:04:55.413+0700 INFO info message
2024-03-30T17:04:55.413+0700 ERROR info message
2024-03-30T17:04:55.457+0700 INFO Starting Main using Java 19.0.1 with PID 11812 (E:\MyJob\calendar_api\target\classes started by Тагир in E:\MyJob\calendar_api)
2024-03-30T17:04:55.458+0700 INFO No active profile set, falling back to 1 default profile: "default"
2024-03-30T17:04:55.558+0700 INFO Bootstrapping Spring Data JPA repositories in DEFAULT mode.
2024-03-30T17:04:55.564+0700 WARN Exception encountered during context initialization - cancelling refresh attempt: java.lang.TypeNotPresentException: Type ru.tomsknipineft.entities.linearObjects.Line not present
2024-03-30T17:04:55.567+0700 INFO 

Error starting ApplicationContext. To display the condition evaluation report re-run your application with 'debug' enabled.
2024-03-30T17:04:55.569+0700 ERROR Application run failed
java.lang.TypeNotPresentException: Type ru.tomsknipineft.entities.linearObjects.Line not present
	at java.base/sun.reflect.generics.factory.CoreReflectionFactory.makeNamedType(CoreReflectionFactory.java:117) ~[?:?]
	at java.base/sun.reflect.generics.visitor.Reifier.visitClassTypeSignature(Reifier.java:125) ~[?:?]
	at java.base/sun.reflect.generics.tree.ClassTypeSignature.accept(ClassTypeSignature.java:49) ~[?:?]
	at java.base/sun.reflect.generics.visitor.Reifier.reifyTypeArguments(Reifier.java:68) ~[?:?]
	at java.base/sun.reflect.generics.visitor.Reifier.visitClassTypeSignature(Reifier.java:138) ~[?:?]
	at java.base/sun.reflect.generics.tree.ClassTypeSignature.accept(ClassTypeSignature.java:49) ~[?:?]
	at java.base/sun.reflect.generics.repository.ClassRepository.computeSuperInterfaces(ClassRepository.java:117) ~[?:?]
	at java.base/sun.reflect.generics.repository.ClassRepository.getSuperInterfaces(ClassRepository.java:95) ~[?:?]
	at java.base/java.lang.Class.getGenericInterfaces(Class.java:1250) ~[?:?]
	at org.springframework.core.ResolvableType.getInterfaces(ResolvableType.java:517) ~[spring-core-6.1.3.jar:6.1.3]
	at org.springframework.core.ResolvableType.as(ResolvableType.java:465) ~[spring-core-6.1.3.jar:6.1.3]
	at org.springframework.data.util.TypeDiscoverer.getSuperTypeInformation(TypeDiscoverer.java:254) ~[spring-data-commons-3.2.2.jar:3.2.2]
	at org.springframework.data.util.ClassTypeInformation.getSuperTypeInformation(ClassTypeInformation.java:36) ~[spring-data-commons-3.2.2.jar:3.2.2]
	at org.springframework.data.util.TypeInformation.getRequiredSuperTypeInformation(TypeInformation.java:327) ~[spring-data-commons-3.2.2.jar:3.2.2]
	at org.springframework.data.repository.core.support.DefaultRepositoryMetadata.<init>(DefaultRepositoryMetadata.java:55) ~[spring-data-commons-3.2.2.jar:3.2.2]
	at org.springframework.data.repository.core.support.AbstractRepositoryMetadata.getMetadata(AbstractRepositoryMetadata.java:77) ~[spring-data-commons-3.2.2.jar:3.2.2]
	at org.springframework.data.repository.config.RepositoryConfigurationExtensionSupport.getRepositoryConfigurations(RepositoryConfigurationExtensionSupport.java:91) ~[spring-data-commons-3.2.2.jar:3.2.2]
	at org.springframework.data.repository.config.RepositoryConfigurationDelegate.registerRepositoriesIn(RepositoryConfigurationDelegate.java:164) ~[spring-data-commons-3.2.2.jar:3.2.2]
	at org.springframework.boot.autoconfigure.data.AbstractRepositoryConfigurationSourceSupport.registerBeanDefinitions(AbstractRepositoryConfigurationSourceSupport.java:62) ~[spring-boot-autoconfigure-3.2.2.jar:3.2.2]
	at org.springframework.context.annotation.ConfigurationClassBeanDefinitionReader.lambda$loadBeanDefinitionsFromRegistrars$1(ConfigurationClassBeanDefinitionReader.java:376) ~[spring-context-6.1.3.jar:6.1.3]
	at java.base/java.util.LinkedHashMap.forEach(LinkedHashMap.java:729) ~[?:?]
	at org.springframework.context.annotation.ConfigurationClassBeanDefinitionReader.loadBeanDefinitionsFromRegistrars(ConfigurationClassBeanDefinitionReader.java:375) ~[spring-context-6.1.3.jar:6.1.3]
	at org.springframework.context.annotation.ConfigurationClassBeanDefinitionReader.loadBeanDefinitionsForConfigurationClass(ConfigurationClassBeanDefinitionReader.java:148) ~[spring-context-6.1.3.jar:6.1.3]
	at org.springframework.context.annotation.ConfigurationClassBeanDefinitionReader.loadBeanDefinitions(ConfigurationClassBeanDefinitionReader.java:120) ~[spring-context-6.1.3.jar:6.1.3]
	at org.springframework.context.annotation.ConfigurationClassPostProcessor.processConfigBeanDefinitions(ConfigurationClassPostProcessor.java:428) ~[spring-context-6.1.3.jar:6.1.3]
	at org.springframework.context.annotation.ConfigurationClassPostProcessor.postProcessBeanDefinitionRegistry(ConfigurationClassPostProcessor.java:289) ~[spring-context-6.1.3.jar:6.1.3]
	at org.springframework.context.support.PostProcessorRegistrationDelegate.invokeBeanDefinitionRegistryPostProcessors(PostProcessorRegistrationDelegate.java:349) ~[spring-context-6.1.3.jar:6.1.3]
	at org.springframework.context.support.PostProcessorRegistrationDelegate.invokeBeanFactoryPostProcessors(PostProcessorRegistrationDelegate.java:118) ~[spring-context-6.1.3.jar:6.1.3]
	at org.springframework.context.support.AbstractApplicationContext.invokeBeanFactoryPostProcessors(AbstractApplicationContext.java:788) ~[spring-context-6.1.3.jar:6.1.3]
	at org.springframework.context.support.AbstractApplicationContext.refresh(AbstractApplicationContext.java:606) ~[spring-context-6.1.3.jar:6.1.3]
	at org.springframework.boot.web.servlet.context.ServletWebServerApplicationContext.refresh(ServletWebServerApplicationContext.java:146) ~[spring-boot-3.2.2.jar:3.2.2]
	at org.springframework.boot.SpringApplication.refresh(SpringApplication.java:754) [spring-boot-3.2.2.jar:3.2.2]
	at org.springframework.boot.SpringApplication.refreshContext(SpringApplication.java:456) [spring-boot-3.2.2.jar:3.2.2]
	at org.springframework.boot.SpringApplication.run(SpringApplication.java:334) [spring-boot-3.2.2.jar:3.2.2]
	at org.springframework.boot.SpringApplication.run(SpringApplication.java:1354) [spring-boot-3.2.2.jar:3.2.2]
	at org.springframework.boot.SpringApplication.run(SpringApplication.java:1343) [spring-boot-3.2.2.jar:3.2.2]
	at ru.tomsknipineft.Main.main(Main.java:20) [classes/:?]
	at java.base/jdk.internal.reflect.DirectMethodHandleAccessor.invoke(DirectMethodHandleAccessor.java:104) ~[?:?]
	at java.base/java.lang.reflect.Method.invoke(Method.java:578) ~[?:?]
	at org.springframework.boot.devtools.restart.RestartLauncher.run(RestartLauncher.java:50) [spring-boot-devtools-3.2.2.jar:3.2.2]
Caused by: java.lang.ClassNotFoundException: ru.tomsknipineft.entities.linearObjects.Line
	at java.base/jdk.internal.loader.BuiltinClassLoader.loadClass(BuiltinClassLoader.java:641) ~[?:?]
	at java.base/jdk.internal.loader.ClassLoaders$AppClassLoader.loadClass(ClassLoaders.java:188) ~[?:?]
	at java.base/java.lang.ClassLoader.loadClass(ClassLoader.java:521) ~[?:?]
	at java.base/java.lang.Class.forName0(Native Method) ~[?:?]
	at java.base/java.lang.Class.forName(Class.java:495) ~[?:?]
	at java.base/java.lang.Class.forName(Class.java:474) ~[?:?]
	at org.springframework.boot.devtools.restart.classloader.RestartClassLoader.loadClass(RestartClassLoader.java:121) ~[spring-boot-devtools-3.2.2.jar:3.2.2]
	at java.base/java.lang.ClassLoader.loadClass(ClassLoader.java:521) ~[?:?]
	at java.base/java.lang.Class.forName0(Native Method) ~[?:?]
	at java.base/java.lang.Class.forName(Class.java:495) ~[?:?]
	at java.base/java.lang.Class.forName(Class.java:474) ~[?:?]
	at java.base/sun.reflect.generics.factory.CoreReflectionFactory.makeNamedType(CoreReflectionFactory.java:114) ~[?:?]
	... 39 more
2024-03-30T17:04:58.020+0700 INFO info message
2024-03-30T17:04:58.020+0700 ERROR info message
2024-03-30T17:04:58.043+0700 INFO Starting Main using Java 19.0.1 with PID 11812 (E:\MyJob\calendar_api\target\classes started by Тагир in E:\MyJob\calendar_api)
2024-03-30T17:04:58.043+0700 INFO No active profile set, falling back to 1 default profile: "default"
2024-03-30T17:04:58.126+0700 INFO Bootstrapping Spring Data JPA repositories in DEFAULT mode.
2024-03-30T17:04:58.141+0700 INFO Finished Spring Data repository scanning in 14 ms. Found 8 JPA repository interfaces.
2024-03-30T17:04:58.208+0700 INFO Tomcat initialized with port 8080 (http)
2024-03-30T17:04:58.210+0700 INFO Initializing ProtocolHandler ["http-nio-8080"]
2024-03-30T17:04:58.210+0700 INFO Starting service [Tomcat]
2024-03-30T17:04:58.210+0700 INFO Starting Servlet engine: [Apache Tomcat/10.1.18]
2024-03-30T17:04:58.220+0700 INFO Initializing Spring embedded WebApplicationContext
2024-03-30T17:04:58.220+0700 INFO Root WebApplicationContext: initialization completed in 176 ms
2024-03-30T17:04:58.229+0700 INFO HikariPool-3 - Starting...
2024-03-30T17:04:58.230+0700 INFO HikariPool-3 - Added connection conn20: url=jdbc:h2:mem:testdb user=SA
2024-03-30T17:04:58.231+0700 INFO HikariPool-3 - Start completed.
2024-03-30T17:04:58.231+0700 INFO H2 console available at '/h2-console'. Database available at 'jdbc:h2:mem:testdb'
2024-03-30T17:04:58.245+0700 INFO HHH000204: Processing PersistenceUnitInfo [name: default]
2024-03-30T17:04:58.247+0700 INFO HHH000026: Second-level cache disabled
2024-03-30T17:04:58.249+0700 INFO No LoadTimeWeaver setup: ignoring JPA class transformer
2024-03-30T17:04:58.250+0700 WARN HHH90000025: H2Dialect does not need to be specified explicitly using 'hibernate.dialect' (remove the property setting and it will be selected by default)
2024-03-30T17:04:58.355+0700 INFO HHH000489: No JTA platform available (set 'hibernate.transaction.jta.platform' to enable JTA platform integration)
2024-03-30T17:04:58.355+0700 INFO Initialized JPA EntityManagerFactory for persistence unit 'default'
2024-03-30T17:04:58.552+0700 WARN spring.jpa.open-in-view is enabled by default. Therefore, database queries may be performed during view rendering. Explicitly configure spring.jpa.open-in-view to disable this warning
2024-03-30T17:04:58.552+0700 INFO Adding welcome page template: index
2024-03-30T17:04:58.646+0700 INFO LiveReload server is running on port 35729
2024-03-30T17:04:58.661+0700 INFO Starting ProtocolHandler ["http-nio-8080"]
2024-03-30T17:04:58.661+0700 INFO Tomcat started on port 8080 (http) with context path ''
2024-03-30T17:04:58.661+0700 INFO Started Main in 0.639 seconds (process running for 335.917)
2024-03-30T17:04:58.661+0700 INFO Condition evaluation unchanged
2024-03-30T17:05:04.789+0700 INFO Initializing Spring DispatcherServlet 'dispatcherServlet'
2024-03-30T17:05:04.789+0700 INFO Initializing Servlet 'dispatcherServlet'
2024-03-30T17:05:04.790+0700 INFO Completed initialization in 0 ms
2024-03-30T17:06:31.647+0700 INFO Restarting due to 1 class path change (0 additions, 1 deletion, 0 modifications)
2024-03-30T17:06:31.647+0700 INFO Stopping ProtocolHandler ["http-nio-8080"]
2024-03-30T17:06:31.663+0700 INFO Closing JPA EntityManagerFactory for persistence unit 'default'
2024-03-30T17:06:31.663+0700 WARN Invocation of destroy method failed on bean with name 'inMemoryDatabaseShutdownExecutor': org.h2.jdbc.JdbcSQLNonTransientConnectionException: База данных уже закрыта (чтобы отключить автоматическое закрытие базы данных при останове JVM, добавьте ";DB_CLOSE_ON_EXIT=FALSE" в URL)
Database is already closed (to disable automatic closing at VM shutdown, add ";DB_CLOSE_ON_EXIT=FALSE" to the db URL) [90121-224]
2024-03-30T17:06:31.663+0700 INFO HikariPool-3 - Shutdown initiated...
2024-03-30T17:06:31.663+0700 INFO HikariPool-3 - Shutdown completed.
2024-03-30T17:06:31.710+0700 INFO info message
2024-03-30T17:06:31.710+0700 ERROR info message
2024-03-30T17:06:31.741+0700 INFO Starting Main using Java 19.0.1 with PID 11812 (E:\MyJob\calendar_api\target\classes started by Тагир in E:\MyJob\calendar_api)
2024-03-30T17:06:31.741+0700 INFO No active profile set, falling back to 1 default profile: "default"
2024-03-30T17:06:31.871+0700 INFO Bootstrapping Spring Data JPA repositories in DEFAULT mode.
2024-03-30T17:06:31.886+0700 WARN Exception encountered during context initialization - cancelling refresh attempt: java.lang.TypeNotPresentException: Type ru.tomsknipineft.entities.linearObjects.Line not present
2024-03-30T17:06:31.886+0700 INFO 

Error starting ApplicationContext. To display the condition evaluation report re-run your application with 'debug' enabled.
2024-03-30T17:06:31.886+0700 ERROR Application run failed
java.lang.TypeNotPresentException: Type ru.tomsknipineft.entities.linearObjects.Line not present
	at java.base/sun.reflect.generics.factory.CoreReflectionFactory.makeNamedType(CoreReflectionFactory.java:117) ~[?:?]
	at java.base/sun.reflect.generics.visitor.Reifier.visitClassTypeSignature(Reifier.java:125) ~[?:?]
	at java.base/sun.reflect.generics.tree.ClassTypeSignature.accept(ClassTypeSignature.java:49) ~[?:?]
	at java.base/sun.reflect.generics.visitor.Reifier.reifyTypeArguments(Reifier.java:68) ~[?:?]
	at java.base/sun.reflect.generics.visitor.Reifier.visitClassTypeSignature(Reifier.java:138) ~[?:?]
	at java.base/sun.reflect.generics.tree.ClassTypeSignature.accept(ClassTypeSignature.java:49) ~[?:?]
	at java.base/sun.reflect.generics.repository.ClassRepository.computeSuperInterfaces(ClassRepository.java:117) ~[?:?]
	at java.base/sun.reflect.generics.repository.ClassRepository.getSuperInterfaces(ClassRepository.java:95) ~[?:?]
	at java.base/java.lang.Class.getGenericInterfaces(Class.java:1250) ~[?:?]
	at org.springframework.core.ResolvableType.getInterfaces(ResolvableType.java:517) ~[spring-core-6.1.3.jar:6.1.3]
	at org.springframework.core.ResolvableType.as(ResolvableType.java:465) ~[spring-core-6.1.3.jar:6.1.3]
	at org.springframework.data.util.TypeDiscoverer.getSuperTypeInformation(TypeDiscoverer.java:254) ~[spring-data-commons-3.2.2.jar:3.2.2]
	at org.springframework.data.util.ClassTypeInformation.getSuperTypeInformation(ClassTypeInformation.java:36) ~[spring-data-commons-3.2.2.jar:3.2.2]
	at org.springframework.data.util.TypeInformation.getRequiredSuperTypeInformation(TypeInformation.java:327) ~[spring-data-commons-3.2.2.jar:3.2.2]
	at org.springframework.data.repository.core.support.DefaultRepositoryMetadata.<init>(DefaultRepositoryMetadata.java:55) ~[spring-data-commons-3.2.2.jar:3.2.2]
	at org.springframework.data.repository.core.support.AbstractRepositoryMetadata.getMetadata(AbstractRepositoryMetadata.java:77) ~[spring-data-commons-3.2.2.jar:3.2.2]
	at org.springframework.data.repository.config.RepositoryConfigurationExtensionSupport.getRepositoryConfigurations(RepositoryConfigurationExtensionSupport.java:91) ~[spring-data-commons-3.2.2.jar:3.2.2]
	at org.springframework.data.repository.config.RepositoryConfigurationDelegate.registerRepositoriesIn(RepositoryConfigurationDelegate.java:164) ~[spring-data-commons-3.2.2.jar:3.2.2]
	at org.springframework.boot.autoconfigure.data.AbstractRepositoryConfigurationSourceSupport.registerBeanDefinitions(AbstractRepositoryConfigurationSourceSupport.java:62) ~[spring-boot-autoconfigure-3.2.2.jar:3.2.2]
	at org.springframework.context.annotation.ConfigurationClassBeanDefinitionReader.lambda$loadBeanDefinitionsFromRegistrars$1(ConfigurationClassBeanDefinitionReader.java:376) ~[spring-context-6.1.3.jar:6.1.3]
	at java.base/java.util.LinkedHashMap.forEach(LinkedHashMap.java:729) ~[?:?]
	at org.springframework.context.annotation.ConfigurationClassBeanDefinitionReader.loadBeanDefinitionsFromRegistrars(ConfigurationClassBeanDefinitionReader.java:375) ~[spring-context-6.1.3.jar:6.1.3]
	at org.springframework.context.annotation.ConfigurationClassBeanDefinitionReader.loadBeanDefinitionsForConfigurationClass(ConfigurationClassBeanDefinitionReader.java:148) ~[spring-context-6.1.3.jar:6.1.3]
	at org.springframework.context.annotation.ConfigurationClassBeanDefinitionReader.loadBeanDefinitions(ConfigurationClassBeanDefinitionReader.java:120) ~[spring-context-6.1.3.jar:6.1.3]
	at org.springframework.context.annotation.ConfigurationClassPostProcessor.processConfigBeanDefinitions(ConfigurationClassPostProcessor.java:428) ~[spring-context-6.1.3.jar:6.1.3]
	at org.springframework.context.annotation.ConfigurationClassPostProcessor.postProcessBeanDefinitionRegistry(ConfigurationClassPostProcessor.java:289) ~[spring-context-6.1.3.jar:6.1.3]
	at org.springframework.context.support.PostProcessorRegistrationDelegate.invokeBeanDefinitionRegistryPostProcessors(PostProcessorRegistrationDelegate.java:349) ~[spring-context-6.1.3.jar:6.1.3]
	at org.springframework.context.support.PostProcessorRegistrationDelegate.invokeBeanFactoryPostProcessors(PostProcessorRegistrationDelegate.java:118) ~[spring-context-6.1.3.jar:6.1.3]
	at org.springframework.context.support.AbstractApplicationContext.invokeBeanFactoryPostProcessors(AbstractApplicationContext.java:788) ~[spring-context-6.1.3.jar:6.1.3]
	at org.springframework.context.support.AbstractApplicationContext.refresh(AbstractApplicationContext.java:606) ~[spring-context-6.1.3.jar:6.1.3]
	at org.springframework.boot.web.servlet.context.ServletWebServerApplicationContext.refresh(ServletWebServerApplicationContext.java:146) ~[spring-boot-3.2.2.jar:3.2.2]
	at org.springframework.boot.SpringApplication.refresh(SpringApplication.java:754) [spring-boot-3.2.2.jar:3.2.2]
	at org.springframework.boot.SpringApplication.refreshContext(SpringApplication.java:456) [spring-boot-3.2.2.jar:3.2.2]
	at org.springframework.boot.SpringApplication.run(SpringApplication.java:334) [spring-boot-3.2.2.jar:3.2.2]
	at org.springframework.boot.SpringApplication.run(SpringApplication.java:1354) [spring-boot-3.2.2.jar:3.2.2]
	at org.springframework.boot.SpringApplication.run(SpringApplication.java:1343) [spring-boot-3.2.2.jar:3.2.2]
	at ru.tomsknipineft.Main.main(Main.java:20) [classes/:?]
	at java.base/jdk.internal.reflect.DirectMethodHandleAccessor.invoke(DirectMethodHandleAccessor.java:104) ~[?:?]
	at java.base/java.lang.reflect.Method.invoke(Method.java:578) ~[?:?]
	at org.springframework.boot.devtools.restart.RestartLauncher.run(RestartLauncher.java:50) [spring-boot-devtools-3.2.2.jar:3.2.2]
Caused by: java.lang.ClassNotFoundException: ru.tomsknipineft.entities.linearObjects.Line
	at java.base/jdk.internal.loader.BuiltinClassLoader.loadClass(BuiltinClassLoader.java:641) ~[?:?]
	at java.base/jdk.internal.loader.ClassLoaders$AppClassLoader.loadClass(ClassLoaders.java:188) ~[?:?]
	at java.base/java.lang.ClassLoader.loadClass(ClassLoader.java:521) ~[?:?]
	at java.base/java.lang.Class.forName0(Native Method) ~[?:?]
	at java.base/java.lang.Class.forName(Class.java:495) ~[?:?]
	at java.base/java.lang.Class.forName(Class.java:474) ~[?:?]
	at org.springframework.boot.devtools.restart.classloader.RestartClassLoader.loadClass(RestartClassLoader.java:121) ~[spring-boot-devtools-3.2.2.jar:3.2.2]
	at java.base/java.lang.ClassLoader.loadClass(ClassLoader.java:521) ~[?:?]
	at java.base/java.lang.Class.forName0(Native Method) ~[?:?]
	at java.base/java.lang.Class.forName(Class.java:495) ~[?:?]
	at java.base/java.lang.Class.forName(Class.java:474) ~[?:?]
	at java.base/sun.reflect.generics.factory.CoreReflectionFactory.makeNamedType(CoreReflectionFactory.java:114) ~[?:?]
	... 39 more
2024-03-30T17:06:34.326+0700 INFO info message
2024-03-30T17:06:34.326+0700 ERROR info message
2024-03-30T17:06:34.358+0700 INFO Starting Main using Java 19.0.1 with PID 11812 (E:\MyJob\calendar_api\target\classes started by Тагир in E:\MyJob\calendar_api)
2024-03-30T17:06:34.358+0700 INFO No active profile set, falling back to 1 default profile: "default"
2024-03-30T17:06:34.413+0700 INFO Bootstrapping Spring Data JPA repositories in DEFAULT mode.
2024-03-30T17:06:34.429+0700 INFO Finished Spring Data repository scanning in 8 ms. Found 8 JPA repository interfaces.
2024-03-30T17:06:34.460+0700 INFO Tomcat initialized with port 8080 (http)
2024-03-30T17:06:34.476+0700 INFO Initializing ProtocolHandler ["http-nio-8080"]
2024-03-30T17:06:34.476+0700 INFO Starting service [Tomcat]
2024-03-30T17:06:34.476+0700 INFO Starting Servlet engine: [Apache Tomcat/10.1.18]
2024-03-30T17:06:34.476+0700 INFO Initializing Spring embedded WebApplicationContext
2024-03-30T17:06:34.476+0700 INFO Root WebApplicationContext: initialization completed in 118 ms
2024-03-30T17:06:34.476+0700 INFO HikariPool-4 - Starting...
2024-03-30T17:06:34.476+0700 INFO HikariPool-4 - Added connection conn30: url=jdbc:h2:mem:testdb user=SA
2024-03-30T17:06:34.476+0700 INFO HikariPool-4 - Start completed.
2024-03-30T17:06:34.476+0700 INFO H2 console available at '/h2-console'. Database available at 'jdbc:h2:mem:testdb'
2024-03-30T17:06:34.492+0700 INFO HHH000204: Processing PersistenceUnitInfo [name: default]
2024-03-30T17:06:34.492+0700 INFO HHH000026: Second-level cache disabled
2024-03-30T17:06:34.492+0700 INFO No LoadTimeWeaver setup: ignoring JPA class transformer
2024-03-30T17:06:34.492+0700 WARN HHH90000025: H2Dialect does not need to be specified explicitly using 'hibernate.dialect' (remove the property setting and it will be selected by default)
2024-03-30T17:06:34.570+0700 INFO HHH000489: No JTA platform available (set 'hibernate.transaction.jta.platform' to enable JTA platform integration)
2024-03-30T17:06:34.570+0700 INFO Initialized JPA EntityManagerFactory for persistence unit 'default'
2024-03-30T17:06:34.710+0700 WARN spring.jpa.open-in-view is enabled by default. Therefore, database queries may be performed during view rendering. Explicitly configure spring.jpa.open-in-view to disable this warning
2024-03-30T17:06:34.726+0700 INFO Adding welcome page template: index
2024-03-30T17:06:34.773+0700 INFO LiveReload server is running on port 35729
2024-03-30T17:06:34.788+0700 INFO Starting ProtocolHandler ["http-nio-8080"]
2024-03-30T17:06:34.788+0700 INFO Tomcat started on port 8080 (http) with context path ''
2024-03-30T17:06:34.788+0700 INFO Started Main in 0.462 seconds (process running for 432.048)
2024-03-30T17:06:34.788+0700 INFO Condition evaluation unchanged
2024-03-30T17:06:39.219+0700 INFO Initializing Spring DispatcherServlet 'dispatcherServlet'
2024-03-30T17:06:39.220+0700 INFO Initializing Servlet 'dispatcherServlet'
2024-03-30T17:06:39.220+0700 INFO Completed initialization in 0 ms
2024-03-30T17:09:46.245+0700 INFO Restarting due to 1 class path change (0 additions, 1 deletion, 0 modifications)
2024-03-30T17:09:46.245+0700 INFO Stopping ProtocolHandler ["http-nio-8080"]
2024-03-30T17:09:46.245+0700 INFO Closing JPA EntityManagerFactory for persistence unit 'default'
2024-03-30T17:09:46.245+0700 WARN Invocation of destroy method failed on bean with name 'inMemoryDatabaseShutdownExecutor': org.h2.jdbc.JdbcSQLNonTransientConnectionException: База данных уже закрыта (чтобы отключить автоматическое закрытие базы данных при останове JVM, добавьте ";DB_CLOSE_ON_EXIT=FALSE" в URL)
Database is already closed (to disable automatic closing at VM shutdown, add ";DB_CLOSE_ON_EXIT=FALSE" to the db URL) [90121-224]
2024-03-30T17:09:46.245+0700 INFO HikariPool-4 - Shutdown initiated...
2024-03-30T17:09:46.245+0700 INFO HikariPool-4 - Shutdown completed.
2024-03-30T17:09:46.292+0700 INFO info message
2024-03-30T17:09:46.292+0700 ERROR info message
2024-03-30T17:09:46.307+0700 INFO Starting Main using Java 19.0.1 with PID 11812 (E:\MyJob\calendar_api\target\classes started by Тагир in E:\MyJob\calendar_api)
2024-03-30T17:09:46.307+0700 INFO No active profile set, falling back to 1 default profile: "default"
2024-03-30T17:09:46.386+0700 INFO Bootstrapping Spring Data JPA repositories in DEFAULT mode.
2024-03-30T17:09:46.401+0700 WARN Exception encountered during context initialization - cancelling refresh attempt: java.lang.TypeNotPresentException: Type ru.tomsknipineft.entities.linearObjects.Line not present
2024-03-30T17:09:46.401+0700 INFO 

Error starting ApplicationContext. To display the condition evaluation report re-run your application with 'debug' enabled.
2024-03-30T17:09:46.401+0700 ERROR Application run failed
java.lang.TypeNotPresentException: Type ru.tomsknipineft.entities.linearObjects.Line not present
	at java.base/sun.reflect.generics.factory.CoreReflectionFactory.makeNamedType(CoreReflectionFactory.java:117) ~[?:?]
	at java.base/sun.reflect.generics.visitor.Reifier.visitClassTypeSignature(Reifier.java:125) ~[?:?]
	at java.base/sun.reflect.generics.tree.ClassTypeSignature.accept(ClassTypeSignature.java:49) ~[?:?]
	at java.base/sun.reflect.generics.visitor.Reifier.reifyTypeArguments(Reifier.java:68) ~[?:?]
	at java.base/sun.reflect.generics.visitor.Reifier.visitClassTypeSignature(Reifier.java:138) ~[?:?]
	at java.base/sun.reflect.generics.tree.ClassTypeSignature.accept(ClassTypeSignature.java:49) ~[?:?]
	at java.base/sun.reflect.generics.repository.ClassRepository.computeSuperInterfaces(ClassRepository.java:117) ~[?:?]
	at java.base/sun.reflect.generics.repository.ClassRepository.getSuperInterfaces(ClassRepository.java:95) ~[?:?]
	at java.base/java.lang.Class.getGenericInterfaces(Class.java:1250) ~[?:?]
	at org.springframework.core.ResolvableType.getInterfaces(ResolvableType.java:517) ~[spring-core-6.1.3.jar:6.1.3]
	at org.springframework.core.ResolvableType.as(ResolvableType.java:465) ~[spring-core-6.1.3.jar:6.1.3]
	at org.springframework.data.util.TypeDiscoverer.getSuperTypeInformation(TypeDiscoverer.java:254) ~[spring-data-commons-3.2.2.jar:3.2.2]
	at org.springframework.data.util.ClassTypeInformation.getSuperTypeInformation(ClassTypeInformation.java:36) ~[spring-data-commons-3.2.2.jar:3.2.2]
	at org.springframework.data.util.TypeInformation.getRequiredSuperTypeInformation(TypeInformation.java:327) ~[spring-data-commons-3.2.2.jar:3.2.2]
	at org.springframework.data.repository.core.support.DefaultRepositoryMetadata.<init>(DefaultRepositoryMetadata.java:55) ~[spring-data-commons-3.2.2.jar:3.2.2]
	at org.springframework.data.repository.core.support.AbstractRepositoryMetadata.getMetadata(AbstractRepositoryMetadata.java:77) ~[spring-data-commons-3.2.2.jar:3.2.2]
	at org.springframework.data.repository.config.RepositoryConfigurationExtensionSupport.getRepositoryConfigurations(RepositoryConfigurationExtensionSupport.java:91) ~[spring-data-commons-3.2.2.jar:3.2.2]
	at org.springframework.data.repository.config.RepositoryConfigurationDelegate.registerRepositoriesIn(RepositoryConfigurationDelegate.java:164) ~[spring-data-commons-3.2.2.jar:3.2.2]
	at org.springframework.boot.autoconfigure.data.AbstractRepositoryConfigurationSourceSupport.registerBeanDefinitions(AbstractRepositoryConfigurationSourceSupport.java:62) ~[spring-boot-autoconfigure-3.2.2.jar:3.2.2]
	at org.springframework.context.annotation.ConfigurationClassBeanDefinitionReader.lambda$loadBeanDefinitionsFromRegistrars$1(ConfigurationClassBeanDefinitionReader.java:376) ~[spring-context-6.1.3.jar:6.1.3]
	at java.base/java.util.LinkedHashMap.forEach(LinkedHashMap.java:729) ~[?:?]
	at org.springframework.context.annotation.ConfigurationClassBeanDefinitionReader.loadBeanDefinitionsFromRegistrars(ConfigurationClassBeanDefinitionReader.java:375) ~[spring-context-6.1.3.jar:6.1.3]
	at org.springframework.context.annotation.ConfigurationClassBeanDefinitionReader.loadBeanDefinitionsForConfigurationClass(ConfigurationClassBeanDefinitionReader.java:148) ~[spring-context-6.1.3.jar:6.1.3]
	at org.springframework.context.annotation.ConfigurationClassBeanDefinitionReader.loadBeanDefinitions(ConfigurationClassBeanDefinitionReader.java:120) ~[spring-context-6.1.3.jar:6.1.3]
	at org.springframework.context.annotation.ConfigurationClassPostProcessor.processConfigBeanDefinitions(ConfigurationClassPostProcessor.java:428) ~[spring-context-6.1.3.jar:6.1.3]
	at org.springframework.context.annotation.ConfigurationClassPostProcessor.postProcessBeanDefinitionRegistry(ConfigurationClassPostProcessor.java:289) ~[spring-context-6.1.3.jar:6.1.3]
	at org.springframework.context.support.PostProcessorRegistrationDelegate.invokeBeanDefinitionRegistryPostProcessors(PostProcessorRegistrationDelegate.java:349) ~[spring-context-6.1.3.jar:6.1.3]
	at org.springframework.context.support.PostProcessorRegistrationDelegate.invokeBeanFactoryPostProcessors(PostProcessorRegistrationDelegate.java:118) ~[spring-context-6.1.3.jar:6.1.3]
	at org.springframework.context.support.AbstractApplicationContext.invokeBeanFactoryPostProcessors(AbstractApplicationContext.java:788) ~[spring-context-6.1.3.jar:6.1.3]
	at org.springframework.context.support.AbstractApplicationContext.refresh(AbstractApplicationContext.java:606) ~[spring-context-6.1.3.jar:6.1.3]
	at org.springframework.boot.web.servlet.context.ServletWebServerApplicationContext.refresh(ServletWebServerApplicationContext.java:146) ~[spring-boot-3.2.2.jar:3.2.2]
	at org.springframework.boot.SpringApplication.refresh(SpringApplication.java:754) [spring-boot-3.2.2.jar:3.2.2]
	at org.springframework.boot.SpringApplication.refreshContext(SpringApplication.java:456) [spring-boot-3.2.2.jar:3.2.2]
	at org.springframework.boot.SpringApplication.run(SpringApplication.java:334) [spring-boot-3.2.2.jar:3.2.2]
	at org.springframework.boot.SpringApplication.run(SpringApplication.java:1354) [spring-boot-3.2.2.jar:3.2.2]
	at org.springframework.boot.SpringApplication.run(SpringApplication.java:1343) [spring-boot-3.2.2.jar:3.2.2]
	at ru.tomsknipineft.Main.main(Main.java:20) [classes/:?]
	at java.base/jdk.internal.reflect.DirectMethodHandleAccessor.invoke(DirectMethodHandleAccessor.java:104) ~[?:?]
	at java.base/java.lang.reflect.Method.invoke(Method.java:578) ~[?:?]
	at org.springframework.boot.devtools.restart.RestartLauncher.run(RestartLauncher.java:50) [spring-boot-devtools-3.2.2.jar:3.2.2]
Caused by: java.lang.ClassNotFoundException: ru.tomsknipineft.entities.linearObjects.Line
	at java.base/jdk.internal.loader.BuiltinClassLoader.loadClass(BuiltinClassLoader.java:641) ~[?:?]
	at java.base/jdk.internal.loader.ClassLoaders$AppClassLoader.loadClass(ClassLoaders.java:188) ~[?:?]
	at java.base/java.lang.ClassLoader.loadClass(ClassLoader.java:521) ~[?:?]
	at java.base/java.lang.Class.forName0(Native Method) ~[?:?]
	at java.base/java.lang.Class.forName(Class.java:495) ~[?:?]
	at java.base/java.lang.Class.forName(Class.java:474) ~[?:?]
	at org.springframework.boot.devtools.restart.classloader.RestartClassLoader.loadClass(RestartClassLoader.java:121) ~[spring-boot-devtools-3.2.2.jar:3.2.2]
	at java.base/java.lang.ClassLoader.loadClass(ClassLoader.java:521) ~[?:?]
	at java.base/java.lang.Class.forName0(Native Method) ~[?:?]
	at java.base/java.lang.Class.forName(Class.java:495) ~[?:?]
	at java.base/java.lang.Class.forName(Class.java:474) ~[?:?]
	at java.base/sun.reflect.generics.factory.CoreReflectionFactory.makeNamedType(CoreReflectionFactory.java:114) ~[?:?]
	... 39 more
2024-03-30T17:09:47.822+0700 INFO info message
2024-03-30T17:09:47.822+0700 ERROR info message
2024-03-30T17:09:47.838+0700 INFO Starting Main using Java 19.0.1 with PID 11812 (E:\MyJob\calendar_api\target\classes started by Тагир in E:\MyJob\calendar_api)
2024-03-30T17:09:47.838+0700 INFO No active profile set, falling back to 1 default profile: "default"
2024-03-30T17:09:47.916+0700 INFO Bootstrapping Spring Data JPA repositories in DEFAULT mode.
2024-03-30T17:09:47.932+0700 INFO Finished Spring Data repository scanning in 8 ms. Found 8 JPA repository interfaces.
2024-03-30T17:09:47.979+0700 INFO Tomcat initialized with port 8080 (http)
2024-03-30T17:09:47.979+0700 INFO Initializing ProtocolHandler ["http-nio-8080"]
2024-03-30T17:09:47.979+0700 INFO Starting service [Tomcat]
2024-03-30T17:09:47.979+0700 INFO Starting Servlet engine: [Apache Tomcat/10.1.18]
2024-03-30T17:09:47.979+0700 INFO Initializing Spring embedded WebApplicationContext
2024-03-30T17:09:47.979+0700 INFO Root WebApplicationContext: initialization completed in 141 ms
2024-03-30T17:09:47.994+0700 INFO HikariPool-5 - Starting...
2024-03-30T17:09:47.994+0700 INFO HikariPool-5 - Added connection conn40: url=jdbc:h2:mem:testdb user=SA
2024-03-30T17:09:47.994+0700 INFO HikariPool-5 - Start completed.
2024-03-30T17:09:47.994+0700 INFO H2 console available at '/h2-console'. Database available at 'jdbc:h2:mem:testdb'
2024-03-30T17:09:48.010+0700 INFO HHH000204: Processing PersistenceUnitInfo [name: default]
2024-03-30T17:09:48.010+0700 INFO HHH000026: Second-level cache disabled
2024-03-30T17:09:48.010+0700 INFO No LoadTimeWeaver setup: ignoring JPA class transformer
2024-03-30T17:09:48.010+0700 WARN HHH90000025: H2Dialect does not need to be specified explicitly using 'hibernate.dialect' (remove the property setting and it will be selected by default)
2024-03-30T17:09:48.104+0700 INFO HHH000489: No JTA platform available (set 'hibernate.transaction.jta.platform' to enable JTA platform integration)
2024-03-30T17:09:48.120+0700 INFO Initialized JPA EntityManagerFactory for persistence unit 'default'
2024-03-30T17:09:48.229+0700 WARN spring.jpa.open-in-view is enabled by default. Therefore, database queries may be performed during view rendering. Explicitly configure spring.jpa.open-in-view to disable this warning
2024-03-30T17:09:48.229+0700 INFO Adding welcome page template: index
2024-03-30T17:09:48.292+0700 INFO LiveReload server is running on port 35729
2024-03-30T17:09:48.308+0700 INFO Starting ProtocolHandler ["http-nio-8080"]
2024-03-30T17:09:48.308+0700 INFO Tomcat started on port 8080 (http) with context path ''
2024-03-30T17:09:48.308+0700 INFO Started Main in 0.486 seconds (process running for 625.563)
2024-03-30T17:09:48.308+0700 INFO Condition evaluation unchanged
2024-03-30T17:09:54.688+0700 INFO Initializing Spring DispatcherServlet 'dispatcherServlet'
2024-03-30T17:09:54.689+0700 INFO Initializing Servlet 'dispatcherServlet'
2024-03-30T17:09:54.690+0700 INFO Completed initialization in 1 ms
2024-03-30T17:10:02.755+0700 INFO Эта запись будет залогирована тоже
2024-03-30T17:10:02.767+0700 INFO Эта запись будет залогирована
2024-03-30T17:12:10.765+0700 INFO Closing JPA EntityManagerFactory for persistence unit 'default'
2024-03-30T17:12:10.765+0700 WARN Invocation of destroy method failed on bean with name 'inMemoryDatabaseShutdownExecutor': org.h2.jdbc.JdbcSQLNonTransientConnectionException: База данных уже закрыта (чтобы отключить автоматическое закрытие базы данных при останове JVM, добавьте ";DB_CLOSE_ON_EXIT=FALSE" в URL)
Database is already closed (to disable automatic closing at VM shutdown, add ";DB_CLOSE_ON_EXIT=FALSE" to the db URL) [90121-224]
2024-03-30T17:12:10.765+0700 INFO HikariPool-5 - Shutdown initiated...
2024-03-30T17:12:10.765+0700 INFO HikariPool-5 - Shutdown completed.
