2024-03-30T16:34:44.638+0700 INFO info message
2024-03-30T16:34:44.638+0700 ERROR info message
2024-03-30T16:34:44.701+0700 INFO info message
2024-03-30T16:34:44.701+0700 ERROR info message
2024-03-30T16:34:44.901+0700 INFO HV000001: Hibernate Validator 8.0.1.Final
2024-03-30T16:34:44.921+0700 INFO Starting Main using Java 19.0.1 with PID 5432 (E:\MyJob\calendar_api\target\classes started by Тагир in E:\MyJob\calendar_api)
2024-03-30T16:34:44.921+0700 INFO No active profile set, falling back to 1 default profile: "default"
2024-03-30T16:34:44.966+0700 INFO Devtools property defaults active! Set 'spring.devtools.add-properties' to 'false' to disable
2024-03-30T16:34:44.966+0700 INFO For additional web related logging consider setting the 'logging.level.web' property to 'DEBUG'
2024-03-30T16:34:45.446+0700 INFO Bootstrapping Spring Data JPA repositories in DEFAULT mode.
2024-03-30T16:34:45.509+0700 INFO Finished Spring Data repository scanning in 64 ms. Found 8 JPA repository interfaces.
2024-03-30T16:34:45.806+0700 INFO Tomcat initialized with port 8080 (http)
2024-03-30T16:34:45.821+0700 INFO Initializing ProtocolHandler ["http-nio-8080"]
2024-03-30T16:34:45.821+0700 INFO Starting service [Tomcat]
2024-03-30T16:34:45.821+0700 INFO Starting Servlet engine: [Apache Tomcat/10.1.18]
2024-03-30T16:34:45.853+0700 INFO Initializing Spring embedded WebApplicationContext
2024-03-30T16:34:45.853+0700 INFO Root WebApplicationContext: initialization completed in 887 ms
2024-03-30T16:34:45.884+0700 INFO HikariPool-1 - Starting...
2024-03-30T16:34:45.946+0700 INFO HikariPool-1 - Added connection conn0: url=jdbc:h2:mem:testdb user=SA
2024-03-30T16:34:45.946+0700 INFO HikariPool-1 - Start completed.
2024-03-30T16:34:45.962+0700 INFO H2 console available at '/h2-console'. Database available at 'jdbc:h2:mem:testdb'
2024-03-30T16:34:46.040+0700 INFO HHH000204: Processing PersistenceUnitInfo [name: default]
2024-03-30T16:34:46.071+0700 INFO HHH000412: Hibernate ORM core version 6.4.1.Final
2024-03-30T16:34:46.103+0700 INFO HHH000026: Second-level cache disabled
2024-03-30T16:34:46.196+0700 INFO No LoadTimeWeaver setup: ignoring JPA class transformer
2024-03-30T16:34:46.212+0700 WARN HHH90000025: H2Dialect does not need to be specified explicitly using 'hibernate.dialect' (remove the property setting and it will be selected by default)
2024-03-30T16:34:46.821+0700 INFO HHH000489: No JTA platform available (set 'hibernate.transaction.jta.platform' to enable JTA platform integration)
2024-03-30T16:34:46.853+0700 INFO Initialized JPA EntityManagerFactory for persistence unit 'default'
2024-03-30T16:34:47.212+0700 WARN spring.jpa.open-in-view is enabled by default. Therefore, database queries may be performed during view rendering. Explicitly configure spring.jpa.open-in-view to disable this warning
2024-03-30T16:34:47.212+0700 INFO Adding welcome page template: index
2024-03-30T16:34:47.478+0700 INFO LiveReload server is running on port 35729
2024-03-30T16:34:47.478+0700 INFO Starting ProtocolHandler ["http-nio-8080"]
2024-03-30T16:34:47.493+0700 INFO Tomcat started on port 8080 (http) with context path ''
2024-03-30T16:34:47.493+0700 INFO Started Main in 2.777 seconds (process running for 3.541)
2024-03-30T16:34:56.065+0700 INFO Initializing Spring DispatcherServlet 'dispatcherServlet'
2024-03-30T16:34:56.066+0700 INFO Initializing Servlet 'dispatcherServlet'
2024-03-30T16:34:56.067+0700 INFO Completed initialization in 1 ms
2024-03-30T16:35:43.301+0700 INFO Эта запись будет залогирована тоже
2024-03-30T16:35:43.412+0700 INFO Эта запись будет залогирована
2024-03-30T16:36:51.077+0700 INFO Restarting due to 1 class path change (0 additions, 1 deletion, 0 modifications)
2024-03-30T16:36:51.081+0700 INFO Stopping ProtocolHandler ["http-nio-8080"]
2024-03-30T16:36:51.095+0700 INFO Closing JPA EntityManagerFactory for persistence unit 'default'
2024-03-30T16:36:51.108+0700 WARN Invocation of destroy method failed on bean with name 'inMemoryDatabaseShutdownExecutor': org.h2.jdbc.JdbcSQLNonTransientConnectionException: База данных уже закрыта (чтобы отключить автоматическое закрытие базы данных при останове JVM, добавьте ";DB_CLOSE_ON_EXIT=FALSE" в URL)
Database is already closed (to disable automatic closing at VM shutdown, add ";DB_CLOSE_ON_EXIT=FALSE" to the db URL) [90121-224]
2024-03-30T16:36:51.109+0700 INFO HikariPool-1 - Shutdown initiated...
2024-03-30T16:36:51.111+0700 INFO HikariPool-1 - Shutdown completed.
2024-03-30T16:36:51.164+0700 INFO info message
2024-03-30T16:36:51.164+0700 ERROR info message
2024-03-30T16:36:51.196+0700 INFO Starting Main using Java 19.0.1 with PID 5432 (E:\MyJob\calendar_api\target\classes started by Тагир in E:\MyJob\calendar_api)
2024-03-30T16:36:51.196+0700 INFO No active profile set, falling back to 1 default profile: "default"
2024-03-30T16:36:51.301+0700 INFO Bootstrapping Spring Data JPA repositories in DEFAULT mode.
2024-03-30T16:36:51.308+0700 WARN Exception encountered during context initialization - cancelling refresh attempt: java.lang.TypeNotPresentException: Type ru.tomsknipineft.entities.linearObjects.Line not present
2024-03-30T16:36:51.312+0700 INFO 

Error starting ApplicationContext. To display the condition evaluation report re-run your application with 'debug' enabled.
2024-03-30T16:36:51.324+0700 ERROR Application run failed
java.lang.TypeNotPresentException: Type ru.tomsknipineft.entities.linearObjects.Line not present
	at java.base/sun.reflect.generics.factory.CoreReflectionFactory.makeNamedType(CoreReflectionFactory.java:117) ~[?:?]
	at java.base/sun.reflect.generics.visitor.Reifier.visitClassTypeSignature(Reifier.java:125) ~[?:?]
	at java.base/sun.reflect.generics.tree.ClassTypeSignature.accept(ClassTypeSignature.java:49) ~[?:?]
	at java.base/sun.reflect.generics.visitor.Reifier.reifyTypeArguments(Reifier.java:68) ~[?:?]
	at java.base/sun.reflect.generics.visitor.Reifier.visitClassTypeSignature(Reifier.java:138) ~[?:?]
	at java.base/sun.reflect.generics.tree.ClassTypeSignature.accept(ClassTypeSignature.java:49) ~[?:?]
	at java.base/sun.reflect.generics.repository.ClassRepository.computeSuperInterfaces(ClassRepository.java:117) ~[?:?]
	at java.base/sun.reflect.generics.repository.ClassRepository.getSuperInterfaces(ClassRepository.java:95) ~[?:?]
	at java.base/java.lang.Class.getGenericInterfaces(Class.java:1250) ~[?:?]
	at org.springframework.core.ResolvableType.getInterfaces(ResolvableType.java:517) ~[spring-core-6.1.3.jar:6.1.3]
	at org.springframework.core.ResolvableType.as(ResolvableType.java:465) ~[spring-core-6.1.3.jar:6.1.3]
	at org.springframework.data.util.TypeDiscoverer.getSuperTypeInformation(TypeDiscoverer.java:254) ~[spring-data-commons-3.2.2.jar:3.2.2]
	at org.springframework.data.util.ClassTypeInformation.getSuperTypeInformation(ClassTypeInformation.java:36) ~[spring-data-commons-3.2.2.jar:3.2.2]
	at org.springframework.data.util.TypeInformation.getRequiredSuperTypeInformation(TypeInformation.java:327) ~[spring-data-commons-3.2.2.jar:3.2.2]
	at org.springframework.data.repository.core.support.DefaultRepositoryMetadata.<init>(DefaultRepositoryMetadata.java:55) ~[spring-data-commons-3.2.2.jar:3.2.2]
	at org.springframework.data.repository.core.support.AbstractRepositoryMetadata.getMetadata(AbstractRepositoryMetadata.java:77) ~[spring-data-commons-3.2.2.jar:3.2.2]
	at org.springframework.data.repository.config.RepositoryConfigurationExtensionSupport.getRepositoryConfigurations(RepositoryConfigurationExtensionSupport.java:91) ~[spring-data-commons-3.2.2.jar:3.2.2]
	at org.springframework.data.repository.config.RepositoryConfigurationDelegate.registerRepositoriesIn(RepositoryConfigurationDelegate.java:164) ~[spring-data-commons-3.2.2.jar:3.2.2]
	at org.springframework.boot.autoconfigure.data.AbstractRepositoryConfigurationSourceSupport.registerBeanDefinitions(AbstractRepositoryConfigurationSourceSupport.java:62) ~[spring-boot-autoconfigure-3.2.2.jar:3.2.2]
	at org.springframework.context.annotation.ConfigurationClassBeanDefinitionReader.lambda$loadBeanDefinitionsFromRegistrars$1(ConfigurationClassBeanDefinitionReader.java:376) ~[spring-context-6.1.3.jar:6.1.3]
	at java.base/java.util.LinkedHashMap.forEach(LinkedHashMap.java:729) ~[?:?]
	at org.springframework.context.annotation.ConfigurationClassBeanDefinitionReader.loadBeanDefinitionsFromRegistrars(ConfigurationClassBeanDefinitionReader.java:375) ~[spring-context-6.1.3.jar:6.1.3]
	at org.springframework.context.annotation.ConfigurationClassBeanDefinitionReader.loadBeanDefinitionsForConfigurationClass(ConfigurationClassBeanDefinitionReader.java:148) ~[spring-context-6.1.3.jar:6.1.3]
	at org.springframework.context.annotation.ConfigurationClassBeanDefinitionReader.loadBeanDefinitions(ConfigurationClassBeanDefinitionReader.java:120) ~[spring-context-6.1.3.jar:6.1.3]
	at org.springframework.context.annotation.ConfigurationClassPostProcessor.processConfigBeanDefinitions(ConfigurationClassPostProcessor.java:428) ~[spring-context-6.1.3.jar:6.1.3]
	at org.springframework.context.annotation.ConfigurationClassPostProcessor.postProcessBeanDefinitionRegistry(ConfigurationClassPostProcessor.java:289) ~[spring-context-6.1.3.jar:6.1.3]
	at org.springframework.context.support.PostProcessorRegistrationDelegate.invokeBeanDefinitionRegistryPostProcessors(PostProcessorRegistrationDelegate.java:349) ~[spring-context-6.1.3.jar:6.1.3]
	at org.springframework.context.support.PostProcessorRegistrationDelegate.invokeBeanFactoryPostProcessors(PostProcessorRegistrationDelegate.java:118) ~[spring-context-6.1.3.jar:6.1.3]
	at org.springframework.context.support.AbstractApplicationContext.invokeBeanFactoryPostProcessors(AbstractApplicationContext.java:788) ~[spring-context-6.1.3.jar:6.1.3]
	at org.springframework.context.support.AbstractApplicationContext.refresh(AbstractApplicationContext.java:606) ~[spring-context-6.1.3.jar:6.1.3]
	at org.springframework.boot.web.servlet.context.ServletWebServerApplicationContext.refresh(ServletWebServerApplicationContext.java:146) ~[spring-boot-3.2.2.jar:3.2.2]
	at org.springframework.boot.SpringApplication.refresh(SpringApplication.java:754) [spring-boot-3.2.2.jar:3.2.2]
	at org.springframework.boot.SpringApplication.refreshContext(SpringApplication.java:456) [spring-boot-3.2.2.jar:3.2.2]
	at org.springframework.boot.SpringApplication.run(SpringApplication.java:334) [spring-boot-3.2.2.jar:3.2.2]
	at org.springframework.boot.SpringApplication.run(SpringApplication.java:1354) [spring-boot-3.2.2.jar:3.2.2]
	at org.springframework.boot.SpringApplication.run(SpringApplication.java:1343) [spring-boot-3.2.2.jar:3.2.2]
	at ru.tomsknipineft.Main.main(Main.java:20) [classes/:?]
	at java.base/jdk.internal.reflect.DirectMethodHandleAccessor.invoke(DirectMethodHandleAccessor.java:104) ~[?:?]
	at java.base/java.lang.reflect.Method.invoke(Method.java:578) ~[?:?]
	at org.springframework.boot.devtools.restart.RestartLauncher.run(RestartLauncher.java:50) [spring-boot-devtools-3.2.2.jar:3.2.2]
Caused by: java.lang.ClassNotFoundException: ru.tomsknipineft.entities.linearObjects.Line
	at java.base/jdk.internal.loader.BuiltinClassLoader.loadClass(BuiltinClassLoader.java:641) ~[?:?]
	at java.base/jdk.internal.loader.ClassLoaders$AppClassLoader.loadClass(ClassLoaders.java:188) ~[?:?]
	at java.base/java.lang.ClassLoader.loadClass(ClassLoader.java:521) ~[?:?]
	at java.base/java.lang.Class.forName0(Native Method) ~[?:?]
	at java.base/java.lang.Class.forName(Class.java:495) ~[?:?]
	at java.base/java.lang.Class.forName(Class.java:474) ~[?:?]
	at org.springframework.boot.devtools.restart.classloader.RestartClassLoader.loadClass(RestartClassLoader.java:121) ~[spring-boot-devtools-3.2.2.jar:3.2.2]
	at java.base/java.lang.ClassLoader.loadClass(ClassLoader.java:521) ~[?:?]
	at java.base/java.lang.Class.forName0(Native Method) ~[?:?]
	at java.base/java.lang.Class.forName(Class.java:495) ~[?:?]
	at java.base/java.lang.Class.forName(Class.java:474) ~[?:?]
	at java.base/sun.reflect.generics.factory.CoreReflectionFactory.makeNamedType(CoreReflectionFactory.java:114) ~[?:?]
	... 39 more
2024-03-30T16:36:52.750+0700 INFO info message
2024-03-30T16:36:52.750+0700 ERROR info message
2024-03-30T16:36:52.766+0700 INFO Starting Main using Java 19.0.1 with PID 5432 (E:\MyJob\calendar_api\target\classes started by Тагир in E:\MyJob\calendar_api)
2024-03-30T16:36:52.766+0700 INFO No active profile set, falling back to 1 default profile: "default"
2024-03-30T16:36:52.873+0700 INFO Bootstrapping Spring Data JPA repositories in DEFAULT mode.
2024-03-30T16:36:52.873+0700 INFO Finished Spring Data repository scanning in 13 ms. Found 8 JPA repository interfaces.
2024-03-30T16:36:52.952+0700 INFO Tomcat initialized with port 8080 (http)
2024-03-30T16:36:52.952+0700 INFO Initializing ProtocolHandler ["http-nio-8080"]
2024-03-30T16:36:52.952+0700 INFO Starting service [Tomcat]
2024-03-30T16:36:52.952+0700 INFO Starting Servlet engine: [Apache Tomcat/10.1.18]
2024-03-30T16:36:52.967+0700 INFO Initializing Spring embedded WebApplicationContext
2024-03-30T16:36:52.967+0700 INFO Root WebApplicationContext: initialization completed in 201 ms
2024-03-30T16:36:52.967+0700 INFO HikariPool-2 - Starting...
2024-03-30T16:36:52.967+0700 INFO HikariPool-2 - Added connection conn10: url=jdbc:h2:mem:testdb user=SA
2024-03-30T16:36:52.967+0700 INFO HikariPool-2 - Start completed.
2024-03-30T16:36:52.967+0700 INFO H2 console available at '/h2-console'. Database available at 'jdbc:h2:mem:testdb'
2024-03-30T16:36:52.983+0700 INFO HHH000204: Processing PersistenceUnitInfo [name: default]
2024-03-30T16:36:52.983+0700 INFO HHH000026: Second-level cache disabled
2024-03-30T16:36:52.983+0700 INFO No LoadTimeWeaver setup: ignoring JPA class transformer
2024-03-30T16:36:52.983+0700 WARN HHH90000025: H2Dialect does not need to be specified explicitly using 'hibernate.dialect' (remove the property setting and it will be selected by default)
2024-03-30T16:36:53.123+0700 INFO HHH000489: No JTA platform available (set 'hibernate.transaction.jta.platform' to enable JTA platform integration)
2024-03-30T16:36:53.139+0700 INFO Initialized JPA EntityManagerFactory for persistence unit 'default'
2024-03-30T16:36:53.405+0700 WARN spring.jpa.open-in-view is enabled by default. Therefore, database queries may be performed during view rendering. Explicitly configure spring.jpa.open-in-view to disable this warning
2024-03-30T16:36:53.405+0700 INFO Adding welcome page template: index
2024-03-30T16:36:53.483+0700 INFO LiveReload server is running on port 35729
2024-03-30T16:36:53.483+0700 INFO Starting ProtocolHandler ["http-nio-8080"]
2024-03-30T16:36:53.483+0700 INFO Tomcat started on port 8080 (http) with context path ''
2024-03-30T16:36:53.499+0700 INFO Started Main in 0.749 seconds (process running for 129.531)
2024-03-30T16:36:53.499+0700 INFO Condition evaluation unchanged
2024-03-30T16:37:02.110+0700 INFO Initializing Spring DispatcherServlet 'dispatcherServlet'
2024-03-30T16:37:02.110+0700 INFO Initializing Servlet 'dispatcherServlet'
2024-03-30T16:37:02.111+0700 INFO Completed initialization in 1 ms
2024-03-30T16:38:09.094+0700 INFO Restarting due to 1 class path change (0 additions, 1 deletion, 0 modifications)
2024-03-30T16:38:09.096+0700 INFO Stopping ProtocolHandler ["http-nio-8080"]
2024-03-30T16:38:09.109+0700 INFO Closing JPA EntityManagerFactory for persistence unit 'default'
2024-03-30T16:38:09.113+0700 WARN Invocation of destroy method failed on bean with name 'inMemoryDatabaseShutdownExecutor': org.h2.jdbc.JdbcSQLNonTransientConnectionException: База данных уже закрыта (чтобы отключить автоматическое закрытие базы данных при останове JVM, добавьте ";DB_CLOSE_ON_EXIT=FALSE" в URL)
Database is already closed (to disable automatic closing at VM shutdown, add ";DB_CLOSE_ON_EXIT=FALSE" to the db URL) [90121-224]
2024-03-30T16:38:09.113+0700 INFO HikariPool-2 - Shutdown initiated...
2024-03-30T16:38:09.114+0700 INFO HikariPool-2 - Shutdown completed.
2024-03-30T16:38:09.162+0700 INFO info message
2024-03-30T16:38:09.162+0700 ERROR info message
2024-03-30T16:38:09.192+0700 INFO Starting Main using Java 19.0.1 with PID 5432 (E:\MyJob\calendar_api\target\classes started by Тагир in E:\MyJob\calendar_api)
2024-03-30T16:38:09.193+0700 INFO No active profile set, falling back to 1 default profile: "default"
2024-03-30T16:38:09.263+0700 INFO Bootstrapping Spring Data JPA repositories in DEFAULT mode.
2024-03-30T16:38:09.280+0700 INFO Finished Spring Data repository scanning in 15 ms. Found 8 JPA repository interfaces.
2024-03-30T16:38:09.356+0700 INFO Tomcat initialized with port 8080 (http)
2024-03-30T16:38:09.357+0700 INFO Initializing ProtocolHandler ["http-nio-8080"]
2024-03-30T16:38:09.357+0700 INFO Starting service [Tomcat]
2024-03-30T16:38:09.357+0700 INFO Starting Servlet engine: [Apache Tomcat/10.1.18]
2024-03-30T16:38:09.367+0700 INFO Initializing Spring embedded WebApplicationContext
2024-03-30T16:38:09.367+0700 INFO Root WebApplicationContext: initialization completed in 174 ms
2024-03-30T16:38:09.376+0700 INFO HikariPool-3 - Starting...
2024-03-30T16:38:09.377+0700 INFO HikariPool-3 - Added connection conn20: url=jdbc:h2:mem:testdb user=SA
2024-03-30T16:38:09.378+0700 INFO HikariPool-3 - Start completed.
2024-03-30T16:38:09.378+0700 INFO H2 console available at '/h2-console'. Database available at 'jdbc:h2:mem:testdb'
2024-03-30T16:38:09.390+0700 INFO HHH000204: Processing PersistenceUnitInfo [name: default]
2024-03-30T16:38:09.392+0700 INFO HHH000026: Second-level cache disabled
2024-03-30T16:38:09.394+0700 INFO No LoadTimeWeaver setup: ignoring JPA class transformer
2024-03-30T16:38:09.394+0700 WARN HHH90000025: H2Dialect does not need to be specified explicitly using 'hibernate.dialect' (remove the property setting and it will be selected by default)
2024-03-30T16:38:09.422+0700 WARN HHH000274: Unable to apply constraints on DDL for ru.tomsknipineft.entities.linearObjects.Line
java.lang.TypeNotPresentException: Type ru.tomsknipineft.utils.entityValidator.LineValidationValidator not present
	at java.base/sun.reflect.annotation.TypeNotPresentExceptionProxy.generateException(TypeNotPresentExceptionProxy.java:47) ~[?:?]
	at java.base/sun.reflect.annotation.AnnotationInvocationHandler.invoke(AnnotationInvocationHandler.java:89) ~[?:?]
	at jdk.proxy2/jdk.proxy2.$Proxy41.validatedBy(Unknown Source) ~[?:?]
	at org.hibernate.validator.internal.metadata.core.ConstraintHelper.getDefaultValidatorDescriptors(ConstraintHelper.java:1153) ~[hibernate-validator-8.0.1.Final.jar:8.0.1.Final]
	at org.hibernate.validator.internal.metadata.core.ConstraintHelper.lambda$getAllValidatorDescriptors$0(ConstraintHelper.java:879) ~[hibernate-validator-8.0.1.Final.jar:8.0.1.Final]
	at java.base/java.util.concurrent.ConcurrentHashMap.computeIfAbsent(ConcurrentHashMap.java:1740) ~[?:?]
	at org.hibernate.validator.internal.metadata.core.ConstraintHelper$ValidatorDescriptorMap.computeIfAbsent(ConstraintHelper.java:1193) ~[hibernate-validator-8.0.1.Final.jar:8.0.1.Final]
	at org.hibernate.validator.internal.metadata.core.ConstraintHelper.getAllValidatorDescriptors(ConstraintHelper.java:879) ~[hibernate-validator-8.0.1.Final.jar:8.0.1.Final]
	at org.hibernate.validator.internal.metadata.core.ConstraintHelper.findValidatorDescriptors(ConstraintHelper.java:893) ~[hibernate-validator-8.0.1.Final.jar:8.0.1.Final]
	at org.hibernate.validator.internal.metadata.core.ConstraintHelper.assertValidationAppliesToParameterSetUpCorrectly(ConstraintHelper.java:1072) ~[hibernate-validator-8.0.1.Final.jar:8.0.1.Final]
	at org.hibernate.validator.internal.metadata.core.ConstraintHelper.lambda$isConstraintAnnotation$3(ConstraintHelper.java:1013) ~[hibernate-validator-8.0.1.Final.jar:8.0.1.Final]
	at java.base/java.util.concurrent.ConcurrentHashMap.computeIfAbsent(ConcurrentHashMap.java:1708) ~[?:?]
	at org.hibernate.validator.internal.metadata.core.ConstraintHelper.isConstraintAnnotation(ConstraintHelper.java:1009) ~[hibernate-validator-8.0.1.Final.jar:8.0.1.Final]
	at org.hibernate.validator.internal.metadata.provider.AnnotationMetaDataProvider.findConstraintAnnotations(AnnotationMetaDataProvider.java:534) ~[hibernate-validator-8.0.1.Final.jar:8.0.1.Final]
	at org.hibernate.validator.internal.metadata.provider.AnnotationMetaDataProvider.findConstraints(AnnotationMetaDataProvider.java:503) ~[hibernate-validator-8.0.1.Final.jar:8.0.1.Final]
	at org.hibernate.validator.internal.metadata.provider.AnnotationMetaDataProvider.getClassLevelConstraints(AnnotationMetaDataProvider.java:193) ~[hibernate-validator-8.0.1.Final.jar:8.0.1.Final]
	at org.hibernate.validator.internal.metadata.provider.AnnotationMetaDataProvider.retrieveBeanConfiguration(AnnotationMetaDataProvider.java:134) ~[hibernate-validator-8.0.1.Final.jar:8.0.1.Final]
	at org.hibernate.validator.internal.metadata.provider.AnnotationMetaDataProvider.getBeanConfiguration(AnnotationMetaDataProvider.java:121) ~[hibernate-validator-8.0.1.Final.jar:8.0.1.Final]
	at org.hibernate.validator.internal.metadata.BeanMetaDataManagerImpl.getBeanConfigurationForHierarchy(BeanMetaDataManagerImpl.java:234) ~[hibernate-validator-8.0.1.Final.jar:8.0.1.Final]
	at org.hibernate.validator.internal.metadata.BeanMetaDataManagerImpl.createBeanMetaData(BeanMetaDataManagerImpl.java:201) ~[hibernate-validator-8.0.1.Final.jar:8.0.1.Final]
	at org.hibernate.validator.internal.metadata.BeanMetaDataManagerImpl.getBeanMetaData(BeanMetaDataManagerImpl.java:165) ~[hibernate-validator-8.0.1.Final.jar:8.0.1.Final]
	at org.hibernate.validator.internal.engine.ValidatorImpl.getConstraintsForClass(ValidatorImpl.java:316) ~[hibernate-validator-8.0.1.Final.jar:8.0.1.Final]
	at org.hibernate.boot.beanvalidation.TypeSafeActivator.applyDDL(TypeSafeActivator.java:205) ~[hibernate-core-6.4.1.Final.jar:6.4.1.Final]
	at org.hibernate.boot.beanvalidation.TypeSafeActivator.applyRelationalConstraints(TypeSafeActivator.java:189) ~[hibernate-core-6.4.1.Final.jar:6.4.1.Final]
	at org.hibernate.boot.beanvalidation.TypeSafeActivator.applyRelationalConstraints(TypeSafeActivator.java:148) ~[hibernate-core-6.4.1.Final.jar:6.4.1.Final]
	at org.hibernate.boot.beanvalidation.TypeSafeActivator.activate(TypeSafeActivator.java:97) ~[hibernate-core-6.4.1.Final.jar:6.4.1.Final]
	at java.base/jdk.internal.reflect.DirectMethodHandleAccessor.invoke(DirectMethodHandleAccessor.java:104) ~[?:?]
	at java.base/java.lang.reflect.Method.invoke(Method.java:578) ~[?:?]
	at org.hibernate.boot.beanvalidation.BeanValidationIntegrator.integrate(BeanValidationIntegrator.java:139) ~[hibernate-core-6.4.1.Final.jar:6.4.1.Final]
	at org.hibernate.internal.SessionFactoryImpl.integrate(SessionFactoryImpl.java:506) ~[hibernate-core-6.4.1.Final.jar:6.4.1.Final]
	at org.hibernate.internal.SessionFactoryImpl.<init>(SessionFactoryImpl.java:269) ~[hibernate-core-6.4.1.Final.jar:6.4.1.Final]
	at org.hibernate.boot.internal.SessionFactoryBuilderImpl.build(SessionFactoryBuilderImpl.java:450) ~[hibernate-core-6.4.1.Final.jar:6.4.1.Final]
	at org.hibernate.jpa.boot.internal.EntityManagerFactoryBuilderImpl.build(EntityManagerFactoryBuilderImpl.java:1507) ~[hibernate-core-6.4.1.Final.jar:6.4.1.Final]
	at org.springframework.orm.jpa.vendor.SpringHibernateJpaPersistenceProvider.createContainerEntityManagerFactory(SpringHibernateJpaPersistenceProvider.java:75) ~[spring-orm-6.1.3.jar:6.1.3]
	at org.springframework.orm.jpa.LocalContainerEntityManagerFactoryBean.createNativeEntityManagerFactory(LocalContainerEntityManagerFactoryBean.java:376) ~[spring-orm-6.1.3.jar:6.1.3]
	at org.springframework.orm.jpa.AbstractEntityManagerFactoryBean.buildNativeEntityManagerFactory(AbstractEntityManagerFactoryBean.java:409) ~[spring-orm-6.1.3.jar:6.1.3]
	at org.springframework.orm.jpa.AbstractEntityManagerFactoryBean.afterPropertiesSet(AbstractEntityManagerFactoryBean.java:396) ~[spring-orm-6.1.3.jar:6.1.3]
	at org.springframework.orm.jpa.LocalContainerEntityManagerFactoryBean.afterPropertiesSet(LocalContainerEntityManagerFactoryBean.java:352) ~[spring-orm-6.1.3.jar:6.1.3]
	at org.springframework.beans.factory.support.AbstractAutowireCapableBeanFactory.invokeInitMethods(AbstractAutowireCapableBeanFactory.java:1820) ~[spring-beans-6.1.3.jar:6.1.3]
	at org.springframework.beans.factory.support.AbstractAutowireCapableBeanFactory.initializeBean(AbstractAutowireCapableBeanFactory.java:1769) ~[spring-beans-6.1.3.jar:6.1.3]
	at org.springframework.beans.factory.support.AbstractAutowireCapableBeanFactory.doCreateBean(AbstractAutowireCapableBeanFactory.java:599) ~[spring-beans-6.1.3.jar:6.1.3]
	at org.springframework.beans.factory.support.AbstractAutowireCapableBeanFactory.createBean(AbstractAutowireCapableBeanFactory.java:521) ~[spring-beans-6.1.3.jar:6.1.3]
	at org.springframework.beans.factory.support.AbstractBeanFactory.lambda$doGetBean$0(AbstractBeanFactory.java:325) ~[spring-beans-6.1.3.jar:6.1.3]
	at org.springframework.beans.factory.support.DefaultSingletonBeanRegistry.getSingleton(DefaultSingletonBeanRegistry.java:234) [spring-beans-6.1.3.jar:6.1.3]
	at org.springframework.beans.factory.support.AbstractBeanFactory.doGetBean(AbstractBeanFactory.java:323) [spring-beans-6.1.3.jar:6.1.3]
	at org.springframework.beans.factory.support.AbstractBeanFactory.getBean(AbstractBeanFactory.java:199) [spring-beans-6.1.3.jar:6.1.3]
	at org.springframework.context.support.AbstractApplicationContext.getBean(AbstractApplicationContext.java:1231) [spring-context-6.1.3.jar:6.1.3]
	at org.springframework.context.support.AbstractApplicationContext.finishBeanFactoryInitialization(AbstractApplicationContext.java:949) [spring-context-6.1.3.jar:6.1.3]
	at org.springframework.context.support.AbstractApplicationContext.refresh(AbstractApplicationContext.java:624) [spring-context-6.1.3.jar:6.1.3]
	at org.springframework.boot.web.servlet.context.ServletWebServerApplicationContext.refresh(ServletWebServerApplicationContext.java:146) [spring-boot-3.2.2.jar:3.2.2]
	at org.springframework.boot.SpringApplication.refresh(SpringApplication.java:754) [spring-boot-3.2.2.jar:3.2.2]
	at org.springframework.boot.SpringApplication.refreshContext(SpringApplication.java:456) [spring-boot-3.2.2.jar:3.2.2]
	at org.springframework.boot.SpringApplication.run(SpringApplication.java:334) [spring-boot-3.2.2.jar:3.2.2]
	at org.springframework.boot.SpringApplication.run(SpringApplication.java:1354) [spring-boot-3.2.2.jar:3.2.2]
	at org.springframework.boot.SpringApplication.run(SpringApplication.java:1343) [spring-boot-3.2.2.jar:3.2.2]
	at ru.tomsknipineft.Main.main(Main.java:20) [classes/:?]
	at java.base/jdk.internal.reflect.DirectMethodHandleAccessor.invoke(DirectMethodHandleAccessor.java:104) ~[?:?]
	at java.base/java.lang.reflect.Method.invoke(Method.java:578) ~[?:?]
	at org.springframework.boot.devtools.restart.RestartLauncher.run(RestartLauncher.java:50) [spring-boot-devtools-3.2.2.jar:3.2.2]
Caused by: java.lang.ClassNotFoundException: ru.tomsknipineft.utils.entityValidator.LineValidationValidator
	at java.base/jdk.internal.loader.BuiltinClassLoader.loadClass(BuiltinClassLoader.java:641) ~[?:?]
	at java.base/jdk.internal.loader.ClassLoaders$AppClassLoader.loadClass(ClassLoaders.java:188) ~[?:?]
	at java.base/java.lang.ClassLoader.loadClass(ClassLoader.java:521) ~[?:?]
	at java.base/java.lang.Class.forName0(Native Method) ~[?:?]
	at java.base/java.lang.Class.forName(Class.java:495) ~[?:?]
	at java.base/java.lang.Class.forName(Class.java:474) ~[?:?]
	at org.springframework.boot.devtools.restart.classloader.RestartClassLoader.loadClass(RestartClassLoader.java:121) ~[spring-boot-devtools-3.2.2.jar:3.2.2]
	at java.base/java.lang.ClassLoader.loadClass(ClassLoader.java:521) ~[?:?]
	at java.base/java.lang.Class.forName0(Native Method) ~[?:?]
	at java.base/java.lang.Class.forName(Class.java:495) ~[?:?]
	at java.base/java.lang.Class.forName(Class.java:474) ~[?:?]
	at java.base/sun.reflect.generics.factory.CoreReflectionFactory.makeNamedType(CoreReflectionFactory.java:114) ~[?:?]
	at java.base/sun.reflect.generics.visitor.Reifier.visitClassTypeSignature(Reifier.java:125) ~[?:?]
	at java.base/sun.reflect.generics.tree.ClassTypeSignature.accept(ClassTypeSignature.java:49) ~[?:?]
	at java.base/sun.reflect.annotation.AnnotationParser.parseSig(AnnotationParser.java:441) ~[?:?]
	at java.base/sun.reflect.annotation.AnnotationParser.parseClassValue(AnnotationParser.java:427) ~[?:?]
	at java.base/sun.reflect.annotation.AnnotationParser.lambda$parseClassArray$0(AnnotationParser.java:718) ~[?:?]
	at java.base/sun.reflect.annotation.AnnotationParser.parseArrayElements(AnnotationParser.java:746) ~[?:?]
	at java.base/sun.reflect.annotation.AnnotationParser.parseClassArray(AnnotationParser.java:717) ~[?:?]
	at java.base/sun.reflect.annotation.AnnotationParser.parseArray(AnnotationParser.java:530) ~[?:?]
	at java.base/sun.reflect.annotation.AnnotationParser.parseMemberValue(AnnotationParser.java:352) ~[?:?]
	at java.base/sun.reflect.annotation.AnnotationParser.parseAnnotation2(AnnotationParser.java:282) ~[?:?]
	at java.base/sun.reflect.annotation.AnnotationParser.parseAnnotations2(AnnotationParser.java:121) ~[?:?]
	at java.base/sun.reflect.annotation.AnnotationParser.parseAnnotations(AnnotationParser.java:73) ~[?:?]
	at java.base/java.lang.Class.createAnnotationData(Class.java:4125) ~[?:?]
	at java.base/java.lang.Class.annotationData(Class.java:4114) ~[?:?]
	at java.base/java.lang.Class.getDeclaredAnnotations(Class.java:4081) ~[?:?]
	at org.springframework.core.annotation.AnnotationsScanner.getDeclaredAnnotations(AnnotationsScanner.java:448) ~[spring-core-6.1.3.jar:6.1.3]
	at org.springframework.core.annotation.AnnotationTypeMappings.addMetaAnnotationsToQueue(AnnotationTypeMappings.java:89) ~[spring-core-6.1.3.jar:6.1.3]
	at org.springframework.core.annotation.AnnotationTypeMappings.addAllMappings(AnnotationTypeMappings.java:84) ~[spring-core-6.1.3.jar:6.1.3]
	at org.springframework.core.annotation.AnnotationTypeMappings.<init>(AnnotationTypeMappings.java:72) ~[spring-core-6.1.3.jar:6.1.3]
	at org.springframework.core.annotation.AnnotationTypeMappings$Cache.createMappings(AnnotationTypeMappings.java:278) ~[spring-core-6.1.3.jar:6.1.3]
	at org.springframework.core.annotation.AnnotationTypeMappings$Cache.lambda$get$0(AnnotationTypeMappings.java:273) ~[spring-core-6.1.3.jar:6.1.3]
	at java.base/java.util.concurrent.ConcurrentMap.computeIfAbsent(ConcurrentMap.java:330) ~[?:?]
	at org.springframework.core.annotation.AnnotationTypeMappings$Cache.get(AnnotationTypeMappings.java:273) ~[spring-core-6.1.3.jar:6.1.3]
	at org.springframework.core.annotation.AnnotationTypeMappings.forAnnotationType(AnnotationTypeMappings.java:226) ~[spring-core-6.1.3.jar:6.1.3]
	at org.springframework.core.annotation.AnnotationTypeMappings.forAnnotationType(AnnotationTypeMappings.java:189) ~[spring-core-6.1.3.jar:6.1.3]
	at org.springframework.core.annotation.AnnotationTypeMappings.forAnnotationType(AnnotationTypeMappings.java:175) ~[spring-core-6.1.3.jar:6.1.3]
	at org.springframework.core.annotation.TypeMappedAnnotation.of(TypeMappedAnnotation.java:616) ~[spring-core-6.1.3.jar:6.1.3]
	at org.springframework.core.annotation.MergedAnnotation.of(MergedAnnotation.java:612) ~[spring-core-6.1.3.jar:6.1.3]
	at org.springframework.core.type.classreading.MergedAnnotationReadingVisitor.visitEnd(MergedAnnotationReadingVisitor.java:98) ~[spring-core-6.1.3.jar:6.1.3]
	at org.springframework.asm.ClassReader.readElementValues(ClassReader.java:3022) ~[spring-core-6.1.3.jar:6.1.3]
	at org.springframework.asm.ClassReader.accept(ClassReader.java:610) ~[spring-core-6.1.3.jar:6.1.3]
	at org.springframework.asm.ClassReader.accept(ClassReader.java:426) ~[spring-core-6.1.3.jar:6.1.3]
	at org.springframework.core.type.classreading.SimpleMetadataReader.<init>(SimpleMetadataReader.java:48) ~[spring-core-6.1.3.jar:6.1.3]
	at org.springframework.core.type.classreading.SimpleMetadataReaderFactory.getMetadataReader(SimpleMetadataReaderFactory.java:103) ~[spring-core-6.1.3.jar:6.1.3]
	at org.springframework.core.type.classreading.CachingMetadataReaderFactory.getMetadataReader(CachingMetadataReaderFactory.java:122) ~[spring-core-6.1.3.jar:6.1.3]
	at org.springframework.context.annotation.ClassPathScanningCandidateComponentProvider.scanCandidateComponents(ClassPathScanningCandidateComponentProvider.java:470) ~[spring-context-6.1.3.jar:6.1.3]
	at org.springframework.context.annotation.ClassPathScanningCandidateComponentProvider.findCandidateComponents(ClassPathScanningCandidateComponentProvider.java:351) ~[spring-context-6.1.3.jar:6.1.3]
	at org.springframework.context.annotation.ClassPathBeanDefinitionScanner.doScan(ClassPathBeanDefinitionScanner.java:277) ~[spring-context-6.1.3.jar:6.1.3]
	at org.springframework.context.annotation.ComponentScanAnnotationParser.parse(ComponentScanAnnotationParser.java:128) ~[spring-context-6.1.3.jar:6.1.3]
	at org.springframework.context.annotation.ConfigurationClassParser.doProcessConfigurationClass(ConfigurationClassParser.java:306) ~[spring-context-6.1.3.jar:6.1.3]
	at org.springframework.context.annotation.ConfigurationClassParser.processConfigurationClass(ConfigurationClassParser.java:246) ~[spring-context-6.1.3.jar:6.1.3]
	at org.springframework.context.annotation.ConfigurationClassParser.parse(ConfigurationClassParser.java:197) ~[spring-context-6.1.3.jar:6.1.3]
	at org.springframework.context.annotation.ConfigurationClassParser.parse(ConfigurationClassParser.java:165) ~[spring-context-6.1.3.jar:6.1.3]
	at org.springframework.context.annotation.ConfigurationClassPostProcessor.processConfigBeanDefinitions(ConfigurationClassPostProcessor.java:416) ~[spring-context-6.1.3.jar:6.1.3]
	at org.springframework.context.annotation.ConfigurationClassPostProcessor.postProcessBeanDefinitionRegistry(ConfigurationClassPostProcessor.java:289) ~[spring-context-6.1.3.jar:6.1.3]
	at org.springframework.context.support.PostProcessorRegistrationDelegate.invokeBeanDefinitionRegistryPostProcessors(PostProcessorRegistrationDelegate.java:349) ~[spring-context-6.1.3.jar:6.1.3]
	at org.springframework.context.support.PostProcessorRegistrationDelegate.invokeBeanFactoryPostProcessors(PostProcessorRegistrationDelegate.java:118) ~[spring-context-6.1.3.jar:6.1.3]
	at org.springframework.context.support.AbstractApplicationContext.invokeBeanFactoryPostProcessors(AbstractApplicationContext.java:788) ~[spring-context-6.1.3.jar:6.1.3]
	at org.springframework.context.support.AbstractApplicationContext.refresh(AbstractApplicationContext.java:606) ~[spring-context-6.1.3.jar:6.1.3]
	... 10 more
2024-03-30T16:38:09.517+0700 INFO HHH000489: No JTA platform available (set 'hibernate.transaction.jta.platform' to enable JTA platform integration)
2024-03-30T16:38:09.524+0700 INFO Initialized JPA EntityManagerFactory for persistence unit 'default'
2024-03-30T16:38:09.735+0700 WARN spring.jpa.open-in-view is enabled by default. Therefore, database queries may be performed during view rendering. Explicitly configure spring.jpa.open-in-view to disable this warning
2024-03-30T16:38:09.742+0700 INFO Adding welcome page template: index
2024-03-30T16:38:09.836+0700 INFO LiveReload server is running on port 35729
2024-03-30T16:38:09.845+0700 INFO Starting ProtocolHandler ["http-nio-8080"]
2024-03-30T16:38:09.849+0700 INFO Tomcat started on port 8080 (http) with context path ''
2024-03-30T16:38:09.854+0700 INFO Started Main in 0.687 seconds (process running for 205.887)
2024-03-30T16:38:09.856+0700 INFO Condition evaluation unchanged
2024-03-30T16:38:12.279+0700 INFO Restarting due to 1 class path change (1 addition, 0 deletions, 0 modifications)
2024-03-30T16:38:12.281+0700 INFO Stopping ProtocolHandler ["http-nio-8080"]
2024-03-30T16:38:12.292+0700 INFO Closing JPA EntityManagerFactory for persistence unit 'default'
2024-03-30T16:38:12.295+0700 WARN Invocation of destroy method failed on bean with name 'inMemoryDatabaseShutdownExecutor': org.h2.jdbc.JdbcSQLNonTransientConnectionException: База данных уже закрыта (чтобы отключить автоматическое закрытие базы данных при останове JVM, добавьте ";DB_CLOSE_ON_EXIT=FALSE" в URL)
Database is already closed (to disable automatic closing at VM shutdown, add ";DB_CLOSE_ON_EXIT=FALSE" to the db URL) [90121-224]
2024-03-30T16:38:12.295+0700 INFO HikariPool-3 - Shutdown initiated...
2024-03-30T16:38:12.296+0700 INFO HikariPool-3 - Shutdown completed.
2024-03-30T16:38:12.335+0700 INFO info message
2024-03-30T16:38:12.336+0700 ERROR info message
2024-03-30T16:38:12.369+0700 INFO Starting Main using Java 19.0.1 with PID 5432 (E:\MyJob\calendar_api\target\classes started by Тагир in E:\MyJob\calendar_api)
2024-03-30T16:38:12.369+0700 INFO No active profile set, falling back to 1 default profile: "default"
2024-03-30T16:38:12.500+0700 INFO Bootstrapping Spring Data JPA repositories in DEFAULT mode.
2024-03-30T16:38:12.516+0700 INFO Finished Spring Data repository scanning in 16 ms. Found 8 JPA repository interfaces.
2024-03-30T16:38:12.594+0700 INFO Tomcat initialized with port 8080 (http)
2024-03-30T16:38:12.595+0700 INFO Initializing ProtocolHandler ["http-nio-8080"]
2024-03-30T16:38:12.595+0700 INFO Starting service [Tomcat]
2024-03-30T16:38:12.595+0700 INFO Starting Servlet engine: [Apache Tomcat/10.1.18]
2024-03-30T16:38:12.609+0700 INFO Initializing Spring embedded WebApplicationContext
2024-03-30T16:38:12.609+0700 INFO Root WebApplicationContext: initialization completed in 238 ms
2024-03-30T16:38:12.620+0700 INFO HikariPool-4 - Starting...
2024-03-30T16:38:12.621+0700 INFO HikariPool-4 - Added connection conn30: url=jdbc:h2:mem:testdb user=SA
2024-03-30T16:38:12.622+0700 INFO HikariPool-4 - Start completed.
2024-03-30T16:38:12.622+0700 INFO H2 console available at '/h2-console'. Database available at 'jdbc:h2:mem:testdb'
2024-03-30T16:38:12.637+0700 INFO HHH000204: Processing PersistenceUnitInfo [name: default]
2024-03-30T16:38:12.639+0700 INFO HHH000026: Second-level cache disabled
2024-03-30T16:38:12.643+0700 INFO No LoadTimeWeaver setup: ignoring JPA class transformer
2024-03-30T16:38:12.644+0700 WARN HHH90000025: H2Dialect does not need to be specified explicitly using 'hibernate.dialect' (remove the property setting and it will be selected by default)
2024-03-30T16:38:12.800+0700 INFO HHH000489: No JTA platform available (set 'hibernate.transaction.jta.platform' to enable JTA platform integration)
2024-03-30T16:38:12.808+0700 INFO Initialized JPA EntityManagerFactory for persistence unit 'default'
2024-03-30T16:38:13.058+0700 WARN spring.jpa.open-in-view is enabled by default. Therefore, database queries may be performed during view rendering. Explicitly configure spring.jpa.open-in-view to disable this warning
2024-03-30T16:38:13.065+0700 INFO Adding welcome page template: index
2024-03-30T16:38:13.146+0700 INFO LiveReload server is running on port 35729
2024-03-30T16:38:13.159+0700 INFO Starting ProtocolHandler ["http-nio-8080"]
2024-03-30T16:38:13.163+0700 INFO Tomcat started on port 8080 (http) with context path ''
2024-03-30T16:38:13.169+0700 INFO Started Main in 0.829 seconds (process running for 209.201)
2024-03-30T16:38:13.170+0700 INFO Condition evaluation unchanged
2024-03-30T16:38:38.894+0700 INFO Initializing Spring DispatcherServlet 'dispatcherServlet'
2024-03-30T16:38:38.894+0700 INFO Initializing Servlet 'dispatcherServlet'
2024-03-30T16:38:38.895+0700 INFO Completed initialization in 1 ms
2024-03-30T16:39:30.614+0700 INFO Closing JPA EntityManagerFactory for persistence unit 'default'
2024-03-30T16:39:30.614+0700 WARN Invocation of destroy method failed on bean with name 'inMemoryDatabaseShutdownExecutor': org.h2.jdbc.JdbcSQLNonTransientConnectionException: База данных уже закрыта (чтобы отключить автоматическое закрытие базы данных при останове JVM, добавьте ";DB_CLOSE_ON_EXIT=FALSE" в URL)
Database is already closed (to disable automatic closing at VM shutdown, add ";DB_CLOSE_ON_EXIT=FALSE" to the db URL) [90121-224]
2024-03-30T16:39:30.614+0700 INFO HikariPool-4 - Shutdown initiated...
2024-03-30T16:39:30.614+0700 INFO HikariPool-4 - Shutdown completed.
